#
# An unexpected error has occurred (11)
#
Stack:
/tools/Xilinx/Vivado/2018.3/tps/lnx64/jre9.0.4/lib//server/libjvm.so(+0xb6aadb) [0x7f015ad40adb]
/tools/Xilinx/Vivado/2018.3/tps/lnx64/jre9.0.4/lib//server/libjvm.so(JVM_handle_linux_signal+0xbb) [0x7f015ad45e1b]
/tools/Xilinx/Vivado/2018.3/tps/lnx64/jre9.0.4/lib//server/libjvm.so(+0xb647b8) [0x7f015ad3a7b8]
/lib/x86_64-linux-gnu/libc.so.6(+0x46210) [0x7f019d5b8210]
/tools/Xilinx/Vivado/2018.3/lib/lnx64.o/libtcmalloc.so.4(tcmalloc::CentralFreeList::FetchFromOneSpans(int, void**, void**)+0x33) [0x7f019f1121e3]
/tools/Xilinx/Vivado/2018.3/lib/lnx64.o/libtcmalloc.so.4(tcmalloc::CentralFreeList::FetchFromOneSpansSafe(int, void**, void**)+0x1c) [0x7f019f1124bc]
/tools/Xilinx/Vivado/2018.3/lib/lnx64.o/libtcmalloc.so.4(tcmalloc::CentralFreeList::RemoveRange(void**, void**, int)+0x61) [0x7f019f112561]
/tools/Xilinx/Vivado/2018.3/lib/lnx64.o/libtcmalloc.so.4(tcmalloc::ThreadCache::FetchFromCentralCache(unsigned long, unsigned long)+0x5d) [0x7f019f1157fd]
/tools/Xilinx/Vivado/2018.3/lib/lnx64.o/libtcmalloc.so.4(operator new(unsigned long)+0x263) [0x7f019f1286c3]
/tools/Xilinx/Vivado/2018.3/lib/lnx64.o/libboost_regex.so(void std::vector<std::pair<bool, boost::re_detail_106400::re_syntax_base*>, std::allocator<std::pair<bool, boost::re_detail_106400::re_syntax_base*> > >::_M_emplace_back_aux<std::pair<bool, boost::re_detail_106400::re_syntax_base*> >(std::pair<bool, boost::re_detail_106400::re_syntax_base*>&&)+0x5d) [0x7f019be2501d]
/tools/Xilinx/Vivado/2018.3/lib/lnx64.o/libboost_regex.so(boost::re_detail_106400::basic_regex_creator<char, boost::regex_traits<char, boost::cpp_regex_traits<char> > >::create_startmaps(boost::re_detail_106400::re_syntax_base*)+0xf1b) [0x7f019be3073b]
/tools/Xilinx/Vivado/2018.3/lib/lnx64.o/libboost_regex.so(boost::re_detail_106400::basic_regex_creator<char, boost::regex_traits<char, boost::cpp_regex_traits<char> > >::finalize(char const*, char const*)+0x188) [0x7f019be30a58]
/tools/Xilinx/Vivado/2018.3/lib/lnx64.o/libboost_regex.so(boost::re_detail_106400::basic_regex_parser<char, boost::regex_traits<char, boost::cpp_regex_traits<char> > >::parse(char const*, char const*, unsigned int)+0x1c9) [0x7f019be30e29]
/tools/Xilinx/Vivado/2018.3/lib/lnx64.o/libboost_regex.so(boost::basic_regex<char, boost::regex_traits<char, boost::cpp_regex_traits<char> > >::do_assign(char const*, char const*, unsigned int)+0x258) [0x7f019be31128]
/tools/Xilinx/Vivado/2018.3/lib/lnx64.o/librdi_common.so(HTCTclPatternMatch::compileRegexp()+0x266) [0x7f019e705cb6]
/tools/Xilinx/Vivado/2018.3/lib/lnx64.o/librdi_common.so(HTCTclPatternMatch::HTCTclPatternMatch(std::__cxx11::basic_string<char, std::char_traits<char>, std::allocator<char> > const&, bool, bool)+0x108) [0x7f019e706378]
/tools/Xilinx/Vivado/2018.3/lib/lnx64.o/librdi_commontasks.so(+0x2cfb2a) [0x7f0194038b2a]
/tools/Xilinx/Vivado/2018.3/lib/lnx64.o/librdi_common.so(+0x7ef352) [0x7f019e70d352]
/tools/Xilinx/Vivado/2018.3/lib/lnx64.o/libtcl8.5.so(+0x334af) [0x7f0198e764af]
/tools/Xilinx/Vivado/2018.3/lib/lnx64.o/libtcl8.5.so(+0x76875) [0x7f0198eb9875]
/tools/Xilinx/Vivado/2018.3/lib/lnx64.o/libtcl8.5.so(TclObjInterpProcCore+0x420) [0x7f0198efadf0]
/tools/Xilinx/Vivado/2018.3/lib/lnx64.o/libtcl8.5.so(+0x334af) [0x7f0198e764af]
/tools/Xilinx/Vivado/2018.3/lib/lnx64.o/libtcl8.5.so(+0x76875) [0x7f0198eb9875]
/tools/Xilinx/Vivado/2018.3/lib/lnx64.o/libtcl8.5.so(TclObjInterpProcCore+0x420) [0x7f0198efadf0]
/tools/Xilinx/Vivado/2018.3/lib/lnx64.o/libtcl8.5.so(+0x334af) [0x7f0198e764af]
/tools/Xilinx/Vivado/2018.3/lib/lnx64.o/libtcl8.5.so(+0x76875) [0x7f0198eb9875]
/tools/Xilinx/Vivado/2018.3/lib/lnx64.o/libtcl8.5.so(TclObjInterpProcCore+0x420) [0x7f0198efadf0]
/tools/Xilinx/Vivado/2018.3/lib/lnx64.o/libtcl8.5.so(+0x334af) [0x7f0198e764af]
/tools/Xilinx/Vivado/2018.3/lib/lnx64.o/libtcl8.5.so(+0x76875) [0x7f0198eb9875]
/tools/Xilinx/Vivado/2018.3/lib/lnx64.o/libtcl8.5.so(TclObjInterpProcCore+0x420) [0x7f0198efadf0]
/tools/Xilinx/Vivado/2018.3/lib/lnx64.o/libtcl8.5.so(+0x334af) [0x7f0198e764af]
/tools/Xilinx/Vivado/2018.3/lib/lnx64.o/libtcl8.5.so(Tcl_EvalObjv+0x32) [0x7f0198e765e2]
/tools/Xilinx/Vivado/2018.3/lib/lnx64.o/libtcl8.5.so(TclEvalObjEx+0x322) [0x7f0198e78402]
/tools/Xilinx/Vivado/2018.3/lib/lnx64.o/librdi_tcltasks.so(SimUtils::detail::execStep(Tcl_Interp*, std::__cxx11::basic_ostringstream<char, std::char_traits<char>, std::allocator<char> >&, std::__cxx11::basic_string<char, std::char_traits<char>, std::allocator<char> > const&, std::__cxx11::basic_string<char, std::char_traits<char>, std::allocator<char> >&, bool&)+0x9b) [0x7f0191dc0fab]
/tools/Xilinx/Vivado/2018.3/lib/lnx64.o/librdi_tcltasks.so(SimUtils::detail::execSimStep(Tcl_Interp*, std::__cxx11::basic_ostringstream<char, std::char_traits<char>, std::allocator<char> >&, HAPUFSimulator*, HAPUFSimulator::TclProc, std::__cxx11::basic_string<char, std::char_traits<char>, std::allocator<char> > const&, bool, HADAFileSet*, std::__cxx11::basic_string<char, std::char_traits<char>, std::allocator<char> > const&, HAPUFSimulator::SimulationStep, HDGUIStatus*)+0x63) [0x7f0191dc4033]
/tools/Xilinx/Vivado/2018.3/lib/lnx64.o/librdi_tcltasks.so(HTCSimUtils::executeStep(Tcl_Interp*, HADAFileSet*, HADAFileSet*, HAPUFSimulator*, HDGUIStatus*, std::__cxx11::basic_string<char, std::char_traits<char>, std::allocator<char> > const&, std::__cxx11::basic_string<char, std::char_traits<char>, std::allocator<char> > const&, std::__cxx11::basic_string<char, std::char_traits<char>, std::allocator<char> > const&, bool, bool, bool, std::__cxx11::basic_ostringstream<char, std::char_traits<char>, std::allocator<char> >&)+0x15f) [0x7f0191dc4cbf]
/tools/Xilinx/Vivado/2018.3/lib/lnx64.o/librdi_tcltasks.so(+0x15f602d) [0x7f0191d7002d]
/tools/Xilinx/Vivado/2018.3/lib/lnx64.o/librdi_common.so(+0x7ef352) [0x7f019e70d352]
/tools/Xilinx/Vivado/2018.3/lib/lnx64.o/libtcl8.5.so(+0x334af) [0x7f0198e764af]
/tools/Xilinx/Vivado/2018.3/lib/lnx64.o/libtcl8.5.so(+0x76875) [0x7f0198eb9875]
/tools/Xilinx/Vivado/2018.3/lib/lnx64.o/libtcl8.5.so(+0x7e029) [0x7f0198ec1029]
/tools/Xilinx/Vivado/2018.3/lib/lnx64.o/libtcl8.5.so(TclEvalObjEx+0x76) [0x7f0198e78156]
/tools/Xilinx/Vivado/2018.3/lib/lnx64.o/librdi_common.so(+0x7ed861) [0x7f019e70b861]
/tools/Xilinx/Vivado/2018.3/lib/lnx64.o/libtcl8.5.so(Tcl_ServiceEvent+0x7f) [0x7f0198eeab0f]
/tools/Xilinx/Vivado/2018.3/lib/lnx64.o/libtcl8.5.so(Tcl_DoOneEvent+0x154) [0x7f0198eeae44]
/tools/Xilinx/Vivado/2018.3/lib/lnx64.o/librdi_commontasks.so(+0x2207a5) [0x7f0193f897a5]
/tools/Xilinx/Vivado/2018.3/lib/lnx64.o/librdi_commontasks.so(+0x228733) [0x7f0193f91733]
/tools/Xilinx/Vivado/2018.3/lib/lnx64.o/librdi_commontasks.so(+0x2297ce) [0x7f0193f927ce]
/tools/Xilinx/Vivado/2018.3/lib/lnx64.o/librdi_common.so(+0x7ef352) [0x7f019e70d352]
/tools/Xilinx/Vivado/2018.3/lib/lnx64.o/libtcl8.5.so(+0x334af) [0x7f0198e764af]
/tools/Xilinx/Vivado/2018.3/lib/lnx64.o/libtcl8.5.so(+0x76875) [0x7f0198eb9875]
/tools/Xilinx/Vivado/2018.3/lib/lnx64.o/libtcl8.5.so(+0x7e029) [0x7f0198ec1029]
/tools/Xilinx/Vivado/2018.3/lib/lnx64.o/libtcl8.5.so(TclEvalObjEx+0x76) [0x7f0198e78156]
/tools/Xilinx/Vivado/2018.3/lib/lnx64.o/librdi_commonmain.so(+0x7414) [0x7f019dd1a414]
/tools/Xilinx/Vivado/2018.3/lib/lnx64.o/libtcl8.5.so(Tcl_Main+0x1d0) [0x7f0198ee3210]
/tools/Xilinx/Vivado/2018.3/lib/lnx64.o/librdi_common.so(+0x83363b) [0x7f019e75163b]
/lib/x86_64-linux-gnu/libpthread.so.0(+0x9609) [0x7f019d558609]
/lib/x86_64-linux-gnu/libc.so.6(clone+0x43) [0x7f019d694293]
