#
# An unexpected error has occurred (11)
#
Stack:
/tools/Xilinx/Vivado/2018.3/tps/lnx64/jre9.0.4/lib//server/libjvm.so(+0xb6aadb) [0x7f4cf73afadb]
/tools/Xilinx/Vivado/2018.3/tps/lnx64/jre9.0.4/lib//server/libjvm.so(JVM_handle_linux_signal+0xbb) [0x7f4cf73b4e1b]
/tools/Xilinx/Vivado/2018.3/tps/lnx64/jre9.0.4/lib//server/libjvm.so(+0xb647b8) [0x7f4cf73a97b8]
/lib/x86_64-linux-gnu/libc.so.6(+0x46210) [0x7f4d39c27210]
/tools/Xilinx/Vivado/2018.3/lib/lnx64.o/librdi_common.so(HATAttrValue::clone(HATAttrValue const*)+0x47) [0x7f4d3a90f6b7]
/tools/Xilinx/Vivado/2018.3/lib/lnx64.o/librdi_common.so(HATAttr::HATAttr(HATAttr const&)+0x48) [0x7f4d3a90f9e8]
/tools/Xilinx/Vivado/2018.3/lib/lnx64.o/librdi_filemgmt.so(HADASimAttr::getDefaultProperties(HATAttrObj const*, HSTVector<HCPProperty::Types::PNameAndProp, std::allocator<HCPProperty::Types::PNameAndProp> >&)+0x38e) [0x7f4d139ac72e]
/tools/Xilinx/Vivado/2018.3/lib/lnx64.o/librdi_tcltasks.so(+0x11e7658) [0x7f4d2dfd0658]
/tools/Xilinx/Vivado/2018.3/lib/lnx64.o/librdi_common.so(HCPProperty::Spec::getDefaultProperties(hdi::tcltasks::tclany const&, HSTVector<HCPProperty::Types::PNameAndProp, std::allocator<HCPProperty::Types::PNameAndProp> >&) const+0x2d) [0x7f4d3ab52a6d]
/tools/Xilinx/Vivado/2018.3/lib/lnx64.o/librdi_common.so(+0x5c0561) [0x7f4d3ab4d561]
/tools/Xilinx/Vivado/2018.3/lib/lnx64.o/librdi_commontasks.so(+0x2d0542) [0x7f4d306a8542]
/tools/Xilinx/Vivado/2018.3/lib/lnx64.o/librdi_common.so(+0x7ef352) [0x7f4d3ad7c352]
/tools/Xilinx/Vivado/2018.3/lib/lnx64.o/libtcl8.5.so(+0x334af) [0x7f4d354e54af]
/tools/Xilinx/Vivado/2018.3/lib/lnx64.o/libtcl8.5.so(+0x76875) [0x7f4d35528875]
/tools/Xilinx/Vivado/2018.3/lib/lnx64.o/libtcl8.5.so(TclObjInterpProcCore+0x420) [0x7f4d35569df0]
/tools/Xilinx/Vivado/2018.3/lib/lnx64.o/libtcl8.5.so(+0x334af) [0x7f4d354e54af]
/tools/Xilinx/Vivado/2018.3/lib/lnx64.o/libtcl8.5.so(+0x76875) [0x7f4d35528875]
/tools/Xilinx/Vivado/2018.3/lib/lnx64.o/libtcl8.5.so(TclObjInterpProcCore+0x420) [0x7f4d35569df0]
/tools/Xilinx/Vivado/2018.3/lib/lnx64.o/libtcl8.5.so(+0x334af) [0x7f4d354e54af]
/tools/Xilinx/Vivado/2018.3/lib/lnx64.o/libtcl8.5.so(+0x76875) [0x7f4d35528875]
/tools/Xilinx/Vivado/2018.3/lib/lnx64.o/libtcl8.5.so(TclObjInterpProcCore+0x420) [0x7f4d35569df0]
/tools/Xilinx/Vivado/2018.3/lib/lnx64.o/libtcl8.5.so(+0x334af) [0x7f4d354e54af]
/tools/Xilinx/Vivado/2018.3/lib/lnx64.o/libtcl8.5.so(+0x76875) [0x7f4d35528875]
/tools/Xilinx/Vivado/2018.3/lib/lnx64.o/libtcl8.5.so(TclObjInterpProcCore+0x420) [0x7f4d35569df0]
/tools/Xilinx/Vivado/2018.3/lib/lnx64.o/libtcl8.5.so(+0x334af) [0x7f4d354e54af]
/tools/Xilinx/Vivado/2018.3/lib/lnx64.o/libtcl8.5.so(Tcl_EvalObjv+0x32) [0x7f4d354e55e2]
/tools/Xilinx/Vivado/2018.3/lib/lnx64.o/libtcl8.5.so(TclEvalObjEx+0x322) [0x7f4d354e7402]
/tools/Xilinx/Vivado/2018.3/lib/lnx64.o/librdi_tcltasks.so(SimUtils::detail::execStep(Tcl_Interp*, std::__cxx11::basic_ostringstream<char, std::char_traits<char>, std::allocator<char> >&, std::__cxx11::basic_string<char, std::char_traits<char>, std::allocator<char> > const&, std::__cxx11::basic_string<char, std::char_traits<char>, std::allocator<char> >&, bool&)+0x9b) [0x7f4d2e42ffab]
/tools/Xilinx/Vivado/2018.3/lib/lnx64.o/librdi_tcltasks.so(SimUtils::detail::execSimStep(Tcl_Interp*, std::__cxx11::basic_ostringstream<char, std::char_traits<char>, std::allocator<char> >&, HAPUFSimulator*, HAPUFSimulator::TclProc, std::__cxx11::basic_string<char, std::char_traits<char>, std::allocator<char> > const&, bool, HADAFileSet*, std::__cxx11::basic_string<char, std::char_traits<char>, std::allocator<char> > const&, HAPUFSimulator::SimulationStep, HDGUIStatus*)+0x63) [0x7f4d2e433033]
/tools/Xilinx/Vivado/2018.3/lib/lnx64.o/librdi_tcltasks.so(HTCSimUtils::executeStep(Tcl_Interp*, HADAFileSet*, HADAFileSet*, HAPUFSimulator*, HDGUIStatus*, std::__cxx11::basic_string<char, std::char_traits<char>, std::allocator<char> > const&, std::__cxx11::basic_string<char, std::char_traits<char>, std::allocator<char> > const&, std::__cxx11::basic_string<char, std::char_traits<char>, std::allocator<char> > const&, bool, bool, bool, std::__cxx11::basic_ostringstream<char, std::char_traits<char>, std::allocator<char> >&)+0x15f) [0x7f4d2e433cbf]
/tools/Xilinx/Vivado/2018.3/lib/lnx64.o/librdi_tcltasks.so(+0x15f602d) [0x7f4d2e3df02d]
/tools/Xilinx/Vivado/2018.3/lib/lnx64.o/librdi_common.so(+0x7ef352) [0x7f4d3ad7c352]
/tools/Xilinx/Vivado/2018.3/lib/lnx64.o/libtcl8.5.so(+0x334af) [0x7f4d354e54af]
/tools/Xilinx/Vivado/2018.3/lib/lnx64.o/libtcl8.5.so(+0x76875) [0x7f4d35528875]
/tools/Xilinx/Vivado/2018.3/lib/lnx64.o/libtcl8.5.so(+0x7e029) [0x7f4d35530029]
/tools/Xilinx/Vivado/2018.3/lib/lnx64.o/libtcl8.5.so(TclEvalObjEx+0x76) [0x7f4d354e7156]
/tools/Xilinx/Vivado/2018.3/lib/lnx64.o/librdi_common.so(+0x7ed861) [0x7f4d3ad7a861]
/tools/Xilinx/Vivado/2018.3/lib/lnx64.o/libtcl8.5.so(Tcl_ServiceEvent+0x7f) [0x7f4d35559b0f]
/tools/Xilinx/Vivado/2018.3/lib/lnx64.o/libtcl8.5.so(Tcl_DoOneEvent+0x154) [0x7f4d35559e44]
/tools/Xilinx/Vivado/2018.3/lib/lnx64.o/librdi_commontasks.so(+0x2207a5) [0x7f4d305f87a5]
/tools/Xilinx/Vivado/2018.3/lib/lnx64.o/librdi_commontasks.so(+0x228733) [0x7f4d30600733]
/tools/Xilinx/Vivado/2018.3/lib/lnx64.o/librdi_commontasks.so(+0x2297ce) [0x7f4d306017ce]
/tools/Xilinx/Vivado/2018.3/lib/lnx64.o/librdi_common.so(+0x7ef352) [0x7f4d3ad7c352]
/tools/Xilinx/Vivado/2018.3/lib/lnx64.o/libtcl8.5.so(+0x334af) [0x7f4d354e54af]
/tools/Xilinx/Vivado/2018.3/lib/lnx64.o/libtcl8.5.so(+0x76875) [0x7f4d35528875]
/tools/Xilinx/Vivado/2018.3/lib/lnx64.o/libtcl8.5.so(+0x7e029) [0x7f4d35530029]
/tools/Xilinx/Vivado/2018.3/lib/lnx64.o/libtcl8.5.so(TclEvalObjEx+0x76) [0x7f4d354e7156]
/tools/Xilinx/Vivado/2018.3/lib/lnx64.o/librdi_commonmain.so(+0x7414) [0x7f4d3a389414]
/tools/Xilinx/Vivado/2018.3/lib/lnx64.o/libtcl8.5.so(Tcl_Main+0x1d0) [0x7f4d35552210]
/tools/Xilinx/Vivado/2018.3/lib/lnx64.o/librdi_common.so(+0x83363b) [0x7f4d3adc063b]
/lib/x86_64-linux-gnu/libpthread.so.0(+0x9609) [0x7f4d39bc7609]
/lib/x86_64-linux-gnu/libc.so.6(clone+0x43) [0x7f4d39d03293]
