#-----------------------------------------------------------
# Vivado v2018.3 (64-bit)
# SW Build 2405991 on Thu Dec  6 23:36:41 MST 2018
# IP Build 2404404 on Fri Dec  7 01:43:56 MST 2018
# Start of session at: Sun Aug  8 07:26:18 2021
# Process ID: 40034
# Current directory: /home/ukallakuri/hardware_design/designs/ARL_phase3
# Command line: vivado
# Log file: /home/ukallakuri/hardware_design/designs/ARL_phase3/vivado.log
# Journal file: /home/ukallakuri/hardware_design/designs/ARL_phase3/vivado.jou
#-----------------------------------------------------------
start_gui
open_project /home/ukallakuri/hardware_design/designs/ARL_phase3/general_station_07_17/general_station_07_17.xpr
Scanning sources...
Finished scanning sources
INFO: [IP_Flow 19-234] Refreshing IP repositories
INFO: [IP_Flow 19-1700] Loaded user IP repository '/home/ukallakuri/hardware_design/designs/ARL_tmp/GS_SLAVE/general_station_07_17/general_station_07_17/general_station_07_17.srcs'.
INFO: [IP_Flow 19-1700] Loaded user IP repository '/home/ukallakuri/hardware_design/designs/ARL_tmp/GS_MASTER/general_station_07_17/general_station_07_17/general_station_07_17.srcs'.
INFO: [IP_Flow 19-2313] Loaded Vivado IP repository '/tools/Xilinx/Vivado/2018.3/data/ip'.
open_project: Time (s): cpu = 00:00:14 ; elapsed = 00:00:06 . Memory (MB): peak = 6412.254 ; gain = 140.258 ; free physical = 1105 ; free virtual = 6052
update_compile_order -fileset sources_1
open_hw
connect_hw_server
INFO: [Labtools 27-2285] Connecting to hw_server url TCP:localhost:3121
INFO: [Labtools 27-2222] Launching hw_server...
INFO: [Labtools 27-2221] Launch Output:

****** Xilinx hw_server v2018.3
  **** Build date : Dec  6 2018-23:53:53
    ** Copyright 1986-2018 Xilinx, Inc. All Rights Reserved.


open_hw_target
INFO: [Labtoolstcl 44-466] Opening hw_target localhost:3121/xilinx_tcf/Digilent/210203A7DC66A
set_property PROGRAM.FILE {/home/ukallakuri/hardware_design/designs/ARL_phase3/general_station_07_17/bit_files/test/8B/top_slave.bit} [get_hw_devices xc7vx485t_0]
current_hw_device [get_hw_devices xc7vx485t_0]
refresh_hw_device -update_hw_probes false [lindex [get_hw_devices xc7vx485t_0] 0]
INFO: [Labtools 27-1435] Device xc7vx485t (JTAG device index = 0) is not programmed (DONE status = 0).
set_property PROBES.FILE {} [get_hw_devices xc7vx485t_0]
set_property FULL_PROBES.FILE {} [get_hw_devices xc7vx485t_0]
set_property PROGRAM.FILE {/home/ukallakuri/hardware_design/designs/ARL_phase3/general_station_07_17/bit_files/test/8B/top_slave.bit} [get_hw_devices xc7vx485t_0]
program_hw_devices [get_hw_devices xc7vx485t_0]
ERROR: [Labtools 27-3303] Incorrect bitstream assigned to device. Bitfile is incompatible for this device.
ERROR: [Labtools 27-3165] End of startup status: LOW
ERROR: [Common 17-39] 'program_hw_devices' failed due to earlier errors.
set_property PROBES.FILE {} [get_hw_devices xc7vx485t_0]
set_property FULL_PROBES.FILE {} [get_hw_devices xc7vx485t_0]
set_property PROGRAM.FILE {/home/ukallakuri/hardware_design/designs/ARL_phase3/general_station_07_17/bit_files/test/16B/top_slave.bit} [get_hw_devices xc7vx485t_0]
program_hw_devices [get_hw_devices xc7vx485t_0]
INFO: [Labtools 27-3164] End of startup status: HIGH
program_hw_devices: Time (s): cpu = 00:00:12 ; elapsed = 00:00:12 . Memory (MB): peak = 7319.535 ; gain = 0.000 ; free physical = 180 ; free virtual = 5141
refresh_hw_device [lindex [get_hw_devices xc7vx485t_0] 0]
INFO: [Labtools 27-1434] Device xc7vx485t (JTAG device index = 0) is programmed with a design that has no supported debug core(s) in it.
close_hw
open_hw
connect_hw_server
INFO: [Labtools 27-2285] Connecting to hw_server url TCP:localhost:3121
open_hw_target
INFO: [Labtoolstcl 44-466] Opening hw_target localhost:3121/xilinx_tcf/Digilent/210203343721A
set_property PROGRAM.FILE {/home/ukallakuri/hardware_design/designs/ARL_phase3/general_station_07_17/bit_files/test/16B/top_slave.bit} [get_hw_devices xc7vx485t_0]
current_hw_device [get_hw_devices xc7vx485t_0]
refresh_hw_device -update_hw_probes false [lindex [get_hw_devices xc7vx485t_0] 0]
INFO: [Labtools 27-1434] Device xc7vx485t (JTAG device index = 0) is programmed with a design that has no supported debug core(s) in it.
set_property PROBES.FILE {} [get_hw_devices xc7vx485t_0]
set_property FULL_PROBES.FILE {} [get_hw_devices xc7vx485t_0]
set_property PROGRAM.FILE {/home/ukallakuri/hardware_design/designs/ARL_phase3/general_station_07_17/bit_files/test/16B/top_master.bit} [get_hw_devices xc7vx485t_0]
program_hw_devices [get_hw_devices xc7vx485t_0]
INFO: [Labtools 27-3164] End of startup status: HIGH
program_hw_devices: Time (s): cpu = 00:00:12 ; elapsed = 00:00:12 . Memory (MB): peak = 7326.539 ; gain = 0.000 ; free physical = 304 ; free virtual = 5145
refresh_hw_device [lindex [get_hw_devices xc7vx485t_0] 0]
INFO: [Labtools 27-1434] Device xc7vx485t (JTAG device index = 0) is programmed with a design that has no supported debug core(s) in it.
close_hw
reset_run synth_1
launch_runs impl_1 -to_step write_bitstream -jobs 2
[Sun Aug  8 07:32:33 2021] Launched synth_1...
Run output will be captured here: /home/ukallakuri/hardware_design/designs/ARL_phase3/general_station_07_17/general_station_07_17.runs/synth_1/runme.log
[Sun Aug  8 07:32:33 2021] Launched impl_1...
Run output will be captured here: /home/ukallakuri/hardware_design/designs/ARL_phase3/general_station_07_17/general_station_07_17.runs/impl_1/runme.log
reset_run synth_1
launch_runs impl_1 -to_step write_bitstream -jobs 2
[Sun Aug  8 07:41:26 2021] Launched synth_1...
Run output will be captured here: /home/ukallakuri/hardware_design/designs/ARL_phase3/general_station_07_17/general_station_07_17.runs/synth_1/runme.log
[Sun Aug  8 07:41:26 2021] Launched impl_1...
Run output will be captured here: /home/ukallakuri/hardware_design/designs/ARL_phase3/general_station_07_17/general_station_07_17.runs/impl_1/runme.log
reset_run synth_1
launch_runs impl_1 -to_step write_bitstream -jobs 2
[Sun Aug  8 07:52:22 2021] Launched synth_1...
Run output will be captured here: /home/ukallakuri/hardware_design/designs/ARL_phase3/general_station_07_17/general_station_07_17.runs/synth_1/runme.log
[Sun Aug  8 07:52:22 2021] Launched impl_1...
Run output will be captured here: /home/ukallakuri/hardware_design/designs/ARL_phase3/general_station_07_17/general_station_07_17.runs/impl_1/runme.log
open_hw
connect_hw_server
INFO: [Labtools 27-2285] Connecting to hw_server url TCP:localhost:3121
INFO: [Labtools 27-2222] Launching hw_server...
INFO: [Labtools 27-2221] Launch Output:

****** Xilinx hw_server v2018.3
  **** Build date : Dec  6 2018-23:53:53
    ** Copyright 1986-2018 Xilinx, Inc. All Rights Reserved.


open_hw_target
INFO: [Labtoolstcl 44-466] Opening hw_target localhost:3121/xilinx_tcf/Digilent/210203343721A
set_property PROGRAM.FILE {/home/ukallakuri/hardware_design/designs/ARL_phase3/general_station_07_17/bit_files/test/16B/top_master.bit} [get_hw_devices xc7vx485t_0]
current_hw_device [get_hw_devices xc7vx485t_0]
refresh_hw_device -update_hw_probes false [lindex [get_hw_devices xc7vx485t_0] 0]
INFO: [Labtools 27-1435] Device xc7vx485t (JTAG device index = 0) is not programmed (DONE status = 0).
set_property PROBES.FILE {} [get_hw_devices xc7vx485t_0]
set_property FULL_PROBES.FILE {} [get_hw_devices xc7vx485t_0]
set_property PROGRAM.FILE {/home/ukallakuri/hardware_design/designs/ARL_phase3/general_station_07_17/bit_files/test/32B/top_master.bit} [get_hw_devices xc7vx485t_0]
program_hw_devices [get_hw_devices xc7vx485t_0]
INFO: [Labtools 27-3164] End of startup status: HIGH
program_hw_devices: Time (s): cpu = 00:00:12 ; elapsed = 00:00:12 . Memory (MB): peak = 7478.879 ; gain = 0.000 ; free physical = 1941 ; free virtual = 4518
refresh_hw_device [lindex [get_hw_devices xc7vx485t_0] 0]
INFO: [Labtools 27-1434] Device xc7vx485t (JTAG device index = 0) is programmed with a design that has no supported debug core(s) in it.
close_hw
open_hw
connect_hw_server
INFO: [Labtools 27-2285] Connecting to hw_server url TCP:localhost:3121
INFO: [Labtools 27-2222] Launching hw_server...
INFO: [Labtools 27-2221] Launch Output:

****** Xilinx hw_server v2018.3
  **** Build date : Dec  6 2018-23:53:53
    ** Copyright 1986-2018 Xilinx, Inc. All Rights Reserved.


disconnect_hw_server localhost:3121
connect_hw_server
INFO: [Labtools 27-2285] Connecting to hw_server url TCP:localhost:3121
disconnect_hw_server localhost:3121
connect_hw_server
INFO: [Labtools 27-2285] Connecting to hw_server url TCP:localhost:3121
open_hw_target
INFO: [Labtoolstcl 44-466] Opening hw_target localhost:3121/xilinx_tcf/Digilent/210203A7DC66A
set_property PROGRAM.FILE {/home/ukallakuri/hardware_design/designs/ARL_phase3/general_station_07_17/bit_files/test/32B/top_master.bit} [get_hw_devices xc7vx485t_0]
current_hw_device [get_hw_devices xc7vx485t_0]
refresh_hw_device -update_hw_probes false [lindex [get_hw_devices xc7vx485t_0] 0]
INFO: [Labtools 27-1435] Device xc7vx485t (JTAG device index = 0) is not programmed (DONE status = 0).
set_property PROBES.FILE {} [get_hw_devices xc7vx485t_0]
set_property FULL_PROBES.FILE {} [get_hw_devices xc7vx485t_0]
set_property PROGRAM.FILE {/home/ukallakuri/hardware_design/designs/ARL_phase3/general_station_07_17/bit_files/test/32B/top_slave.bit} [get_hw_devices xc7vx485t_0]
program_hw_devices [get_hw_devices xc7vx485t_0]
INFO: [Labtools 27-3164] End of startup status: HIGH
program_hw_devices: Time (s): cpu = 00:00:12 ; elapsed = 00:00:12 . Memory (MB): peak = 7478.879 ; gain = 0.000 ; free physical = 1996 ; free virtual = 4614
refresh_hw_device [lindex [get_hw_devices xc7vx485t_0] 0]
INFO: [Labtools 27-1434] Device xc7vx485t (JTAG device index = 0) is programmed with a design that has no supported debug core(s) in it.
close_hw
open_hw
connect_hw_server
INFO: [Labtools 27-2285] Connecting to hw_server url TCP:localhost:3121
INFO: [Labtools 27-2222] Launching hw_server...
INFO: [Labtools 27-2221] Launch Output:

****** Xilinx hw_server v2018.3
  **** Build date : Dec  6 2018-23:53:53
    ** Copyright 1986-2018 Xilinx, Inc. All Rights Reserved.


open_hw_target
INFO: [Labtoolstcl 44-466] Opening hw_target localhost:3121/xilinx_tcf/Digilent/210203343721A
set_property PROGRAM.FILE {/home/ukallakuri/hardware_design/designs/ARL_phase3/general_station_07_17/bit_files/test/32B/top_slave.bit} [get_hw_devices xc7vx485t_0]
current_hw_device [get_hw_devices xc7vx485t_0]
refresh_hw_device -update_hw_probes false [lindex [get_hw_devices xc7vx485t_0] 0]
INFO: [Labtools 27-1434] Device xc7vx485t (JTAG device index = 0) is programmed with a design that has no supported debug core(s) in it.
set_property PROBES.FILE {} [get_hw_devices xc7vx485t_0]
set_property FULL_PROBES.FILE {} [get_hw_devices xc7vx485t_0]
set_property PROGRAM.FILE {/home/ukallakuri/hardware_design/designs/ARL_phase3/general_station_07_17/bit_files/test/64B/top_master.bit} [get_hw_devices xc7vx485t_0]
program_hw_devices [get_hw_devices xc7vx485t_0]
INFO: [Labtools 27-3164] End of startup status: HIGH
program_hw_devices: Time (s): cpu = 00:00:12 ; elapsed = 00:00:12 . Memory (MB): peak = 7478.879 ; gain = 0.000 ; free physical = 1968 ; free virtual = 4636
refresh_hw_device [lindex [get_hw_devices xc7vx485t_0] 0]
INFO: [Labtools 27-1434] Device xc7vx485t (JTAG device index = 0) is programmed with a design that has no supported debug core(s) in it.
close_hw
open_hw
connect_hw_server
INFO: [Labtools 27-2285] Connecting to hw_server url TCP:localhost:3121
open_hw_target
INFO: [Labtoolstcl 44-466] Opening hw_target localhost:3121/xilinx_tcf/Digilent/210203A7DC66A
set_property PROGRAM.FILE {/home/ukallakuri/hardware_design/designs/ARL_phase3/general_station_07_17/bit_files/test/64B/top_master.bit} [get_hw_devices xc7vx485t_0]
current_hw_device [get_hw_devices xc7vx485t_0]
refresh_hw_device -update_hw_probes false [lindex [get_hw_devices xc7vx485t_0] 0]
INFO: [Labtools 27-1434] Device xc7vx485t (JTAG device index = 0) is programmed with a design that has no supported debug core(s) in it.
set_property PROBES.FILE {} [get_hw_devices xc7vx485t_0]
set_property FULL_PROBES.FILE {} [get_hw_devices xc7vx485t_0]
set_property PROGRAM.FILE {/home/ukallakuri/hardware_design/designs/ARL_phase3/general_station_07_17/bit_files/test/64B/top_slave.bit} [get_hw_devices xc7vx485t_0]
program_hw_devices [get_hw_devices xc7vx485t_0]
INFO: [Labtools 27-3164] End of startup status: HIGH
program_hw_devices: Time (s): cpu = 00:00:12 ; elapsed = 00:00:12 . Memory (MB): peak = 7478.879 ; gain = 0.000 ; free physical = 1906 ; free virtual = 4593
refresh_hw_device [lindex [get_hw_devices xc7vx485t_0] 0]
INFO: [Labtools 27-1434] Device xc7vx485t (JTAG device index = 0) is programmed with a design that has no supported debug core(s) in it.
close_hw
open_hw
connect_hw_server
INFO: [Labtools 27-2285] Connecting to hw_server url TCP:localhost:3121
INFO: [Labtools 27-2222] Launching hw_server...
INFO: [Labtools 27-2221] Launch Output:

****** Xilinx hw_server v2018.3
  **** Build date : Dec  6 2018-23:53:53
    ** Copyright 1986-2018 Xilinx, Inc. All Rights Reserved.


open_hw_target
INFO: [Labtoolstcl 44-466] Opening hw_target localhost:3121/xilinx_tcf/Digilent/210203343721A
set_property PROGRAM.FILE {/home/ukallakuri/hardware_design/designs/ARL_phase3/general_station_07_17/bit_files/test/64B/top_slave.bit} [get_hw_devices xc7vx485t_0]
current_hw_device [get_hw_devices xc7vx485t_0]
refresh_hw_device -update_hw_probes false [lindex [get_hw_devices xc7vx485t_0] 0]
INFO: [Labtools 27-1434] Device xc7vx485t (JTAG device index = 0) is programmed with a design that has no supported debug core(s) in it.
set_property PROBES.FILE {} [get_hw_devices xc7vx485t_0]
set_property FULL_PROBES.FILE {} [get_hw_devices xc7vx485t_0]
set_property PROGRAM.FILE {/home/ukallakuri/hardware_design/designs/ARL_phase3/general_station_07_17/bit_files/test/128B/top_master.bit} [get_hw_devices xc7vx485t_0]
program_hw_devices [get_hw_devices xc7vx485t_0]
INFO: [Labtools 27-3164] End of startup status: HIGH
program_hw_devices: Time (s): cpu = 00:00:12 ; elapsed = 00:00:12 . Memory (MB): peak = 7478.879 ; gain = 0.000 ; free physical = 1802 ; free virtual = 4511
refresh_hw_device [lindex [get_hw_devices xc7vx485t_0] 0]
INFO: [Labtools 27-1434] Device xc7vx485t (JTAG device index = 0) is programmed with a design that has no supported debug core(s) in it.
close_hw
open_hw
connect_hw_server
INFO: [Labtools 27-2285] Connecting to hw_server url TCP:localhost:3121
INFO: [Labtools 27-2222] Launching hw_server...
INFO: [Labtools 27-2221] Launch Output:

****** Xilinx hw_server v2018.3
  **** Build date : Dec  6 2018-23:53:53
    ** Copyright 1986-2018 Xilinx, Inc. All Rights Reserved.


open_hw_target
INFO: [Labtoolstcl 44-466] Opening hw_target localhost:3121/xilinx_tcf/Digilent/210203A7DC66A
set_property PROGRAM.FILE {/home/ukallakuri/hardware_design/designs/ARL_phase3/general_station_07_17/bit_files/test/128B/top_master.bit} [get_hw_devices xc7vx485t_0]
current_hw_device [get_hw_devices xc7vx485t_0]
refresh_hw_device -update_hw_probes false [lindex [get_hw_devices xc7vx485t_0] 0]
INFO: [Labtools 27-1434] Device xc7vx485t (JTAG device index = 0) is programmed with a design that has no supported debug core(s) in it.
set_property PROBES.FILE {} [get_hw_devices xc7vx485t_0]
set_property FULL_PROBES.FILE {} [get_hw_devices xc7vx485t_0]
set_property PROGRAM.FILE {/home/ukallakuri/hardware_design/designs/ARL_phase3/general_station_07_17/bit_files/test/128B/top_slave.bit} [get_hw_devices xc7vx485t_0]
program_hw_devices [get_hw_devices xc7vx485t_0]
INFO: [Labtools 27-3164] End of startup status: HIGH
program_hw_devices: Time (s): cpu = 00:00:12 ; elapsed = 00:00:12 . Memory (MB): peak = 7478.879 ; gain = 0.000 ; free physical = 1723 ; free virtual = 4460
refresh_hw_device [lindex [get_hw_devices xc7vx485t_0] 0]
INFO: [Labtools 27-1434] Device xc7vx485t (JTAG device index = 0) is programmed with a design that has no supported debug core(s) in it.
close_hw
open_hw
connect_hw_server
INFO: [Labtools 27-2285] Connecting to hw_server url TCP:localhost:3121
INFO: [Labtools 27-2222] Launching hw_server...
INFO: [Labtools 27-2221] Launch Output:

****** Xilinx hw_server v2018.3
  **** Build date : Dec  6 2018-23:53:53
    ** Copyright 1986-2018 Xilinx, Inc. All Rights Reserved.


open_hw_target
INFO: [Labtoolstcl 44-466] Opening hw_target localhost:3121/xilinx_tcf/Digilent/210203343721A
set_property PROGRAM.FILE {/home/ukallakuri/hardware_design/designs/ARL_phase3/general_station_07_17/bit_files/test/128B/top_slave.bit} [get_hw_devices xc7vx485t_0]
current_hw_device [get_hw_devices xc7vx485t_0]
refresh_hw_device -update_hw_probes false [lindex [get_hw_devices xc7vx485t_0] 0]
INFO: [Labtools 27-1434] Device xc7vx485t (JTAG device index = 0) is programmed with a design that has no supported debug core(s) in it.
set_property PROBES.FILE {} [get_hw_devices xc7vx485t_0]
set_property FULL_PROBES.FILE {} [get_hw_devices xc7vx485t_0]
set_property PROGRAM.FILE {/home/ukallakuri/hardware_design/designs/ARL_phase3/general_station_07_17/bit_files/test/256B/top_master.bit} [get_hw_devices xc7vx485t_0]
program_hw_devices [get_hw_devices xc7vx485t_0]
INFO: [Labtools 27-3164] End of startup status: HIGH
program_hw_devices: Time (s): cpu = 00:00:12 ; elapsed = 00:00:12 . Memory (MB): peak = 7478.879 ; gain = 0.000 ; free physical = 1693 ; free virtual = 4463
refresh_hw_device [lindex [get_hw_devices xc7vx485t_0] 0]
INFO: [Labtools 27-1434] Device xc7vx485t (JTAG device index = 0) is programmed with a design that has no supported debug core(s) in it.
close_hw
open_hw
connect_hw_server
INFO: [Labtools 27-2285] Connecting to hw_server url TCP:localhost:3121
open_hw_target
INFO: [Labtoolstcl 44-466] Opening hw_target localhost:3121/xilinx_tcf/Digilent/210203A7DC66A
set_property PROGRAM.FILE {/home/ukallakuri/hardware_design/designs/ARL_phase3/general_station_07_17/bit_files/test/256B/top_master.bit} [get_hw_devices xc7vx485t_0]
current_hw_device [get_hw_devices xc7vx485t_0]
refresh_hw_device -update_hw_probes false [lindex [get_hw_devices xc7vx485t_0] 0]
INFO: [Labtools 27-1434] Device xc7vx485t (JTAG device index = 0) is programmed with a design that has no supported debug core(s) in it.
set_property PROBES.FILE {} [get_hw_devices xc7vx485t_0]
set_property FULL_PROBES.FILE {} [get_hw_devices xc7vx485t_0]
set_property PROGRAM.FILE {/home/ukallakuri/hardware_design/designs/ARL_phase3/general_station_07_17/bit_files/test/256B/top_slave.bit} [get_hw_devices xc7vx485t_0]
program_hw_devices [get_hw_devices xc7vx485t_0]
INFO: [Labtools 27-3164] End of startup status: HIGH
program_hw_devices: Time (s): cpu = 00:00:12 ; elapsed = 00:00:12 . Memory (MB): peak = 7478.879 ; gain = 0.000 ; free physical = 1521 ; free virtual = 4312
refresh_hw_device [lindex [get_hw_devices xc7vx485t_0] 0]
INFO: [Labtools 27-1434] Device xc7vx485t (JTAG device index = 0) is programmed with a design that has no supported debug core(s) in it.
close_hw
reset_run synth_1
launch_runs impl_1 -to_step write_bitstream -jobs 2
[Sun Aug  8 08:51:01 2021] Launched synth_1...
Run output will be captured here: /home/ukallakuri/hardware_design/designs/ARL_phase3/general_station_07_17/general_station_07_17.runs/synth_1/runme.log
[Sun Aug  8 08:51:01 2021] Launched impl_1...
Run output will be captured here: /home/ukallakuri/hardware_design/designs/ARL_phase3/general_station_07_17/general_station_07_17.runs/impl_1/runme.log
open_hw
connect_hw_server
INFO: [Labtools 27-2285] Connecting to hw_server url TCP:localhost:3121
INFO: [Labtools 27-2222] Launching hw_server...
INFO: [Labtools 27-2221] Launch Output:

****** Xilinx hw_server v2018.3
  **** Build date : Dec  6 2018-23:53:53
    ** Copyright 1986-2018 Xilinx, Inc. All Rights Reserved.


open_hw_target
INFO: [Labtoolstcl 44-466] Opening hw_target localhost:3121/xilinx_tcf/Digilent/210203343721A
set_property PROGRAM.FILE {/home/ukallakuri/hardware_design/designs/ARL_phase3/general_station_07_17/bit_files/test/256B/top_slave.bit} [get_hw_devices xc7vx485t_0]
current_hw_device [get_hw_devices xc7vx485t_0]
refresh_hw_device -update_hw_probes false [lindex [get_hw_devices xc7vx485t_0] 0]
INFO: [Labtools 27-1435] Device xc7vx485t (JTAG device index = 0) is not programmed (DONE status = 0).
set_property PROBES.FILE {} [get_hw_devices xc7vx485t_0]
set_property FULL_PROBES.FILE {} [get_hw_devices xc7vx485t_0]
set_property PROGRAM.FILE {/home/ukallakuri/hardware_design/designs/ARL_phase3/general_station_07_17/bit_files/test/64B/top_master.bit} [get_hw_devices xc7vx485t_0]
program_hw_devices [get_hw_devices xc7vx485t_0]
INFO: [Labtools 27-3164] End of startup status: HIGH
program_hw_devices: Time (s): cpu = 00:00:12 ; elapsed = 00:00:12 . Memory (MB): peak = 7532.801 ; gain = 0.000 ; free physical = 1971 ; free virtual = 4220
refresh_hw_device [lindex [get_hw_devices xc7vx485t_0] 0]
INFO: [Labtools 27-1434] Device xc7vx485t (JTAG device index = 0) is programmed with a design that has no supported debug core(s) in it.
close_hw
open_hw
connect_hw_server
INFO: [Labtools 27-2285] Connecting to hw_server url TCP:localhost:3121
open_hw_target
INFO: [Labtoolstcl 44-466] Opening hw_target localhost:3121/xilinx_tcf/Digilent/210203A7DC66A
set_property PROGRAM.FILE {/home/ukallakuri/hardware_design/designs/ARL_phase3/general_station_07_17/bit_files/test/64B/top_master.bit} [get_hw_devices xc7vx485t_0]
current_hw_device [get_hw_devices xc7vx485t_0]
refresh_hw_device -update_hw_probes false [lindex [get_hw_devices xc7vx485t_0] 0]
INFO: [Labtools 27-1435] Device xc7vx485t (JTAG device index = 0) is not programmed (DONE status = 0).
set_property PROBES.FILE {} [get_hw_devices xc7vx485t_0]
set_property FULL_PROBES.FILE {} [get_hw_devices xc7vx485t_0]
set_property PROGRAM.FILE {/home/ukallakuri/hardware_design/designs/ARL_phase3/general_station_07_17/bit_files/test/64B/top_slave.bit} [get_hw_devices xc7vx485t_0]
program_hw_devices [get_hw_devices xc7vx485t_0]
INFO: [Labtools 27-3164] End of startup status: HIGH
program_hw_devices: Time (s): cpu = 00:00:12 ; elapsed = 00:00:12 . Memory (MB): peak = 7532.801 ; gain = 0.000 ; free physical = 1932 ; free virtual = 4188
refresh_hw_device [lindex [get_hw_devices xc7vx485t_0] 0]
INFO: [Labtools 27-1434] Device xc7vx485t (JTAG device index = 0) is programmed with a design that has no supported debug core(s) in it.
close_hw
reset_run synth_1
launch_runs impl_1 -to_step write_bitstream -jobs 2
[Sun Aug  8 09:11:19 2021] Launched synth_1...
Run output will be captured here: /home/ukallakuri/hardware_design/designs/ARL_phase3/general_station_07_17/general_station_07_17.runs/synth_1/runme.log
[Sun Aug  8 09:11:19 2021] Launched impl_1...
Run output will be captured here: /home/ukallakuri/hardware_design/designs/ARL_phase3/general_station_07_17/general_station_07_17.runs/impl_1/runme.log
open_hw
connect_hw_server
INFO: [Labtools 27-2285] Connecting to hw_server url TCP:localhost:3121
INFO: [Labtools 27-2222] Launching hw_server...
INFO: [Labtools 27-2221] Launch Output:

****** Xilinx hw_server v2018.3
  **** Build date : Dec  6 2018-23:53:53
    ** Copyright 1986-2018 Xilinx, Inc. All Rights Reserved.


open_hw_target
INFO: [Labtoolstcl 44-466] Opening hw_target localhost:3121/xilinx_tcf/Digilent/210203343721A
set_property PROGRAM.FILE {/home/ukallakuri/hardware_design/designs/ARL_phase3/general_station_07_17/bit_files/test/64B/top_slave.bit} [get_hw_devices xc7vx485t_0]
current_hw_device [get_hw_devices xc7vx485t_0]
refresh_hw_device -update_hw_probes false [lindex [get_hw_devices xc7vx485t_0] 0]
INFO: [Labtools 27-1435] Device xc7vx485t (JTAG device index = 0) is not programmed (DONE status = 0).
set_property PROBES.FILE {} [get_hw_devices xc7vx485t_0]
set_property FULL_PROBES.FILE {} [get_hw_devices xc7vx485t_0]
set_property PROGRAM.FILE {/home/ukallakuri/hardware_design/designs/ARL_phase3/general_station_07_17/bit_files/test/128B/top_master.bit} [get_hw_devices xc7vx485t_0]
program_hw_devices [get_hw_devices xc7vx485t_0]
INFO: [Labtools 27-3164] End of startup status: HIGH
program_hw_devices: Time (s): cpu = 00:00:12 ; elapsed = 00:00:12 . Memory (MB): peak = 7561.812 ; gain = 0.000 ; free physical = 2417 ; free virtual = 4485
refresh_hw_device [lindex [get_hw_devices xc7vx485t_0] 0]
INFO: [Labtools 27-1434] Device xc7vx485t (JTAG device index = 0) is programmed with a design that has no supported debug core(s) in it.
close_hw
open_hw
connect_hw_server
INFO: [Labtools 27-2285] Connecting to hw_server url TCP:localhost:3121
INFO: [Labtools 27-2222] Launching hw_server...
INFO: [Labtools 27-2221] Launch Output:

****** Xilinx hw_server v2018.3
  **** Build date : Dec  6 2018-23:53:53
    ** Copyright 1986-2018 Xilinx, Inc. All Rights Reserved.


open_hw_target
INFO: [Labtoolstcl 44-466] Opening hw_target localhost:3121/xilinx_tcf/Digilent/210203A7DC66A
set_property PROGRAM.FILE {/home/ukallakuri/hardware_design/designs/ARL_phase3/general_station_07_17/bit_files/test/128B/top_master.bit} [get_hw_devices xc7vx485t_0]
current_hw_device [get_hw_devices xc7vx485t_0]
refresh_hw_device -update_hw_probes false [lindex [get_hw_devices xc7vx485t_0] 0]
INFO: [Labtools 27-1435] Device xc7vx485t (JTAG device index = 0) is not programmed (DONE status = 0).
set_property PROBES.FILE {} [get_hw_devices xc7vx485t_0]
set_property FULL_PROBES.FILE {} [get_hw_devices xc7vx485t_0]
set_property PROGRAM.FILE {/home/ukallakuri/hardware_design/designs/ARL_phase3/general_station_07_17/bit_files/test/128B/top_slave.bit} [get_hw_devices xc7vx485t_0]
program_hw_devices [get_hw_devices xc7vx485t_0]
INFO: [Labtools 27-3164] End of startup status: HIGH
program_hw_devices: Time (s): cpu = 00:00:12 ; elapsed = 00:00:12 . Memory (MB): peak = 7561.812 ; gain = 0.000 ; free physical = 2456 ; free virtual = 4535
refresh_hw_device [lindex [get_hw_devices xc7vx485t_0] 0]
INFO: [Labtools 27-1434] Device xc7vx485t (JTAG device index = 0) is programmed with a design that has no supported debug core(s) in it.
close_hw
reset_run synth_1
launch_runs impl_1 -to_step write_bitstream -jobs 2
[Sun Aug  8 09:34:53 2021] Launched synth_1...
Run output will be captured here: /home/ukallakuri/hardware_design/designs/ARL_phase3/general_station_07_17/general_station_07_17.runs/synth_1/runme.log
[Sun Aug  8 09:34:53 2021] Launched impl_1...
Run output will be captured here: /home/ukallakuri/hardware_design/designs/ARL_phase3/general_station_07_17/general_station_07_17.runs/impl_1/runme.log
open_hw
connect_hw_server
INFO: [Labtools 27-2285] Connecting to hw_server url TCP:localhost:3121
INFO: [Labtools 27-2222] Launching hw_server...
INFO: [Labtools 27-2221] Launch Output:

****** Xilinx hw_server v2018.3
  **** Build date : Dec  6 2018-23:53:53
    ** Copyright 1986-2018 Xilinx, Inc. All Rights Reserved.


open_hw_target
INFO: [Labtoolstcl 44-466] Opening hw_target localhost:3121/xilinx_tcf/Digilent/210203343721A
set_property PROGRAM.FILE {/home/ukallakuri/hardware_design/designs/ARL_phase3/general_station_07_17/bit_files/test/128B/top_slave.bit} [get_hw_devices xc7vx485t_0]
current_hw_device [get_hw_devices xc7vx485t_0]
refresh_hw_device -update_hw_probes false [lindex [get_hw_devices xc7vx485t_0] 0]
INFO: [Labtools 27-1435] Device xc7vx485t (JTAG device index = 0) is not programmed (DONE status = 0).
set_property PROBES.FILE {} [get_hw_devices xc7vx485t_0]
set_property FULL_PROBES.FILE {} [get_hw_devices xc7vx485t_0]
set_property PROGRAM.FILE {/home/ukallakuri/hardware_design/designs/ARL_phase3/general_station_07_17/bit_files/test/8B/top_master.bit} [get_hw_devices xc7vx485t_0]
program_hw_devices [get_hw_devices xc7vx485t_0]
INFO: [Labtools 27-3164] End of startup status: HIGH
program_hw_devices: Time (s): cpu = 00:00:11 ; elapsed = 00:00:12 . Memory (MB): peak = 7569.816 ; gain = 0.000 ; free physical = 1973 ; free virtual = 4327
refresh_hw_device [lindex [get_hw_devices xc7vx485t_0] 0]
INFO: [Labtools 27-1434] Device xc7vx485t (JTAG device index = 0) is programmed with a design that has no supported debug core(s) in it.
close_hw
open_hw
connect_hw_server
INFO: [Labtools 27-2285] Connecting to hw_server url TCP:localhost:3121
INFO: [Labtools 27-2222] Launching hw_server...
INFO: [Labtools 27-2221] Launch Output:

****** Xilinx hw_server v2018.3
  **** Build date : Dec  6 2018-23:53:53
    ** Copyright 1986-2018 Xilinx, Inc. All Rights Reserved.


open_hw_target
INFO: [Labtoolstcl 44-466] Opening hw_target localhost:3121/xilinx_tcf/Digilent/210203A7DC66A
set_property PROGRAM.FILE {/home/ukallakuri/hardware_design/designs/ARL_phase3/general_station_07_17/bit_files/test/8B/top_master.bit} [get_hw_devices xc7vx485t_0]
current_hw_device [get_hw_devices xc7vx485t_0]
refresh_hw_device -update_hw_probes false [lindex [get_hw_devices xc7vx485t_0] 0]
INFO: [Labtools 27-1435] Device xc7vx485t (JTAG device index = 0) is not programmed (DONE status = 0).
set_property PROBES.FILE {} [get_hw_devices xc7vx485t_0]
set_property FULL_PROBES.FILE {} [get_hw_devices xc7vx485t_0]
set_property PROGRAM.FILE {/home/ukallakuri/hardware_design/designs/ARL_phase3/general_station_07_17/bit_files/test/8B/top_slave.bit} [get_hw_devices xc7vx485t_0]
program_hw_devices [get_hw_devices xc7vx485t_0]
INFO: [Labtools 27-3164] End of startup status: HIGH
program_hw_devices: Time (s): cpu = 00:00:12 ; elapsed = 00:00:12 . Memory (MB): peak = 7569.816 ; gain = 0.000 ; free physical = 1913 ; free virtual = 4294
refresh_hw_device [lindex [get_hw_devices xc7vx485t_0] 0]
INFO: [Labtools 27-1434] Device xc7vx485t (JTAG device index = 0) is programmed with a design that has no supported debug core(s) in it.
close_hw
exit
INFO: [Common 17-206] Exiting Vivado at Mon Aug  9 09:44:47 2021...
