#-----------------------------------------------------------
# Vivado v2018.3 (64-bit)
# SW Build 2405991 on Thu Dec  6 23:36:41 MST 2018
# IP Build 2404404 on Fri Dec  7 01:43:56 MST 2018
# Start of session at: Thu Aug  5 23:06:49 2021
# Process ID: 3307
# Current directory: /home/ukallakuri/hardware_design/designs/ARL_phase3
# Command line: vivado
# Log file: /home/ukallakuri/hardware_design/designs/ARL_phase3/vivado.log
# Journal file: /home/ukallakuri/hardware_design/designs/ARL_phase3/vivado.jou
#-----------------------------------------------------------
start_gui
open_project /home/ukallakuri/hardware_design/designs/ARL_phase3/general_station_07_17/general_station_07_17.xpr
Scanning sources...
Finished scanning sources
INFO: [IP_Flow 19-234] Refreshing IP repositories
INFO: [IP_Flow 19-1700] Loaded user IP repository '/home/ukallakuri/hardware_design/designs/ARL_tmp/GS_SLAVE/general_station_07_17/general_station_07_17/general_station_07_17.srcs'.
INFO: [IP_Flow 19-1700] Loaded user IP repository '/home/ukallakuri/hardware_design/designs/ARL_tmp/GS_MASTER/general_station_07_17/general_station_07_17/general_station_07_17.srcs'.
INFO: [IP_Flow 19-2313] Loaded Vivado IP repository '/tools/Xilinx/Vivado/2018.3/data/ip'.
open_project: Time (s): cpu = 00:00:16 ; elapsed = 00:00:08 . Memory (MB): peak = 6430.672 ; gain = 173.133 ; free physical = 2963 ; free virtual = 7393
update_compile_order -fileset sources_1
update_compile_order -fileset sources_1
update_compile_order -fileset sources_1
reset_run synth_1
launch_runs impl_1 -to_step write_bitstream -jobs 2
[Thu Aug  5 23:16:22 2021] Launched synth_1...
Run output will be captured here: /home/ukallakuri/hardware_design/designs/ARL_phase3/general_station_07_17/general_station_07_17.runs/synth_1/runme.log
[Thu Aug  5 23:16:22 2021] Launched impl_1...
Run output will be captured here: /home/ukallakuri/hardware_design/designs/ARL_phase3/general_station_07_17/general_station_07_17.runs/impl_1/runme.log
update_compile_order -fileset sources_1
reset_run synth_1
launch_runs impl_1 -to_step write_bitstream -jobs 2
[Thu Aug  5 23:28:10 2021] Launched synth_1...
Run output will be captured here: /home/ukallakuri/hardware_design/designs/ARL_phase3/general_station_07_17/general_station_07_17.runs/synth_1/runme.log
[Thu Aug  5 23:28:10 2021] Launched impl_1...
Run output will be captured here: /home/ukallakuri/hardware_design/designs/ARL_phase3/general_station_07_17/general_station_07_17.runs/impl_1/runme.log
update_compile_order -fileset sources_1
reset_run synth_1
launch_runs impl_1 -to_step write_bitstream -jobs 2
[Thu Aug  5 23:35:36 2021] Launched synth_1...
Run output will be captured here: /home/ukallakuri/hardware_design/designs/ARL_phase3/general_station_07_17/general_station_07_17.runs/synth_1/runme.log
[Thu Aug  5 23:35:36 2021] Launched impl_1...
Run output will be captured here: /home/ukallakuri/hardware_design/designs/ARL_phase3/general_station_07_17/general_station_07_17.runs/impl_1/runme.log
update_compile_order -fileset sources_1
reset_run synth_1
launch_runs impl_1 -to_step write_bitstream -jobs 2
[Thu Aug  5 23:43:51 2021] Launched synth_1...
Run output will be captured here: /home/ukallakuri/hardware_design/designs/ARL_phase3/general_station_07_17/general_station_07_17.runs/synth_1/runme.log
[Thu Aug  5 23:43:51 2021] Launched impl_1...
Run output will be captured here: /home/ukallakuri/hardware_design/designs/ARL_phase3/general_station_07_17/general_station_07_17.runs/impl_1/runme.log
reset_run synth_1
launch_runs impl_1 -to_step write_bitstream -jobs 2
[Thu Aug  5 23:45:06 2021] Launched synth_1...
Run output will be captured here: /home/ukallakuri/hardware_design/designs/ARL_phase3/general_station_07_17/general_station_07_17.runs/synth_1/runme.log
[Thu Aug  5 23:45:06 2021] Launched impl_1...
Run output will be captured here: /home/ukallakuri/hardware_design/designs/ARL_phase3/general_station_07_17/general_station_07_17.runs/impl_1/runme.log
update_compile_order -fileset sources_1
reset_run synth_1
launch_runs impl_1 -to_step write_bitstream -jobs 2
[Thu Aug  5 23:52:59 2021] Launched synth_1...
Run output will be captured here: /home/ukallakuri/hardware_design/designs/ARL_phase3/general_station_07_17/general_station_07_17.runs/synth_1/runme.log
[Thu Aug  5 23:52:59 2021] Launched impl_1...
Run output will be captured here: /home/ukallakuri/hardware_design/designs/ARL_phase3/general_station_07_17/general_station_07_17.runs/impl_1/runme.log
open_hw
connect_hw_server
INFO: [Labtools 27-2285] Connecting to hw_server url TCP:localhost:3121
INFO: [Labtools 27-2222] Launching hw_server...
INFO: [Labtools 27-2221] Launch Output:

****** Xilinx hw_server v2018.3
  **** Build date : Dec  6 2018-23:53:53
    ** Copyright 1986-2018 Xilinx, Inc. All Rights Reserved.


open_hw_target
INFO: [Labtoolstcl 44-466] Opening hw_target localhost:3121/xilinx_tcf/Digilent/210203343721A
set_property PROGRAM.FILE {/home/ukallakuri/hardware_design/designs/ARL_phase3/general_station_07_17/general_station_07_17.runs/impl_1/top.bit} [get_hw_devices xc7vx485t_0]
current_hw_device [get_hw_devices xc7vx485t_0]
refresh_hw_device -update_hw_probes false [lindex [get_hw_devices xc7vx485t_0] 0]
INFO: [Labtools 27-1435] Device xc7vx485t (JTAG device index = 0) is not programmed (DONE status = 0).
set_property PROBES.FILE {} [get_hw_devices xc7vx485t_0]
set_property FULL_PROBES.FILE {} [get_hw_devices xc7vx485t_0]
set_property PROGRAM.FILE {/home/ukallakuri/hardware_design/designs/ARL_phase3/general_station_07_17/bit_files/test/8B/top_master.bit} [get_hw_devices xc7vx485t_0]
program_hw_devices [get_hw_devices xc7vx485t_0]
INFO: [Common 17-41] Interrupt caught. Command should exit soon.
ERROR: [Labtools 27-3165] End of startup status: LOW
program_hw_devices: Time (s): cpu = 00:00:08 ; elapsed = 00:00:09 . Memory (MB): peak = 7619.039 ; gain = 0.000 ; free physical = 1441 ; free virtual = 6197
INFO: [Common 17-344] 'program_hw_devices' was cancelled
close_hw
open_hw
connect_hw_server
INFO: [Labtools 27-2285] Connecting to hw_server url TCP:localhost:3121
open_hw_target
INFO: [Labtoolstcl 44-466] Opening hw_target localhost:3121/xilinx_tcf/Digilent/210203343721A
set_property PROGRAM.FILE {/home/ukallakuri/hardware_design/designs/ARL_phase3/general_station_07_17/bit_files/test/8B/top_master.bit} [get_hw_devices xc7vx485t_0]
current_hw_device [get_hw_devices xc7vx485t_0]
refresh_hw_device -update_hw_probes false [lindex [get_hw_devices xc7vx485t_0] 0]
INFO: [Labtools 27-1435] Device xc7vx485t (JTAG device index = 0) is not programmed (DONE status = 0).
set_property PROBES.FILE {} [get_hw_devices xc7vx485t_0]
set_property FULL_PROBES.FILE {} [get_hw_devices xc7vx485t_0]
set_property PROGRAM.FILE {/home/ukallakuri/hardware_design/designs/ARL_phase3/general_station_07_17/bit_files/test/8B/top_master.bit} [get_hw_devices xc7vx485t_0]
program_hw_devices [get_hw_devices xc7vx485t_0]
INFO: [Labtools 27-3164] End of startup status: HIGH
program_hw_devices: Time (s): cpu = 00:00:12 ; elapsed = 00:00:12 . Memory (MB): peak = 7622.027 ; gain = 0.000 ; free physical = 1386 ; free virtual = 6144
refresh_hw_device [lindex [get_hw_devices xc7vx485t_0] 0]
INFO: [Labtools 27-1434] Device xc7vx485t (JTAG device index = 0) is programmed with a design that has no supported debug core(s) in it.
close_hw
open_hw
connect_hw_server
INFO: [Labtools 27-2285] Connecting to hw_server url TCP:localhost:3121
open_hw_target
INFO: [Labtoolstcl 44-466] Opening hw_target localhost:3121/xilinx_tcf/Digilent/210203A7DC66A
set_property PROGRAM.FILE {/home/ukallakuri/hardware_design/designs/ARL_phase3/general_station_07_17/bit_files/test/8B/top_master.bit} [get_hw_devices xc7vx485t_0]
current_hw_device [get_hw_devices xc7vx485t_0]
refresh_hw_device -update_hw_probes false [lindex [get_hw_devices xc7vx485t_0] 0]
INFO: [Labtools 27-1435] Device xc7vx485t (JTAG device index = 0) is not programmed (DONE status = 0).
set_property PROBES.FILE {} [get_hw_devices xc7vx485t_0]
set_property FULL_PROBES.FILE {} [get_hw_devices xc7vx485t_0]
set_property PROGRAM.FILE {/home/ukallakuri/hardware_design/designs/ARL_phase3/general_station_07_17/bit_files/test/8B/top_slave.bit} [get_hw_devices xc7vx485t_0]
program_hw_devices [get_hw_devices xc7vx485t_0]
INFO: [Labtools 27-3164] End of startup status: HIGH
program_hw_devices: Time (s): cpu = 00:00:12 ; elapsed = 00:00:12 . Memory (MB): peak = 7622.027 ; gain = 0.000 ; free physical = 407 ; free virtual = 5566
refresh_hw_device [lindex [get_hw_devices xc7vx485t_0] 0]
INFO: [Labtools 27-1434] Device xc7vx485t (JTAG device index = 0) is programmed with a design that has no supported debug core(s) in it.
close_hw
open_hw
connect_hw_server
INFO: [Labtools 27-2285] Connecting to hw_server url TCP:localhost:3121
INFO: [Labtools 27-2222] Launching hw_server...
INFO: [Labtools 27-2221] Launch Output:

****** Xilinx hw_server v2018.3
  **** Build date : Dec  6 2018-23:53:53
    ** Copyright 1986-2018 Xilinx, Inc. All Rights Reserved.


open_hw_target
INFO: [Labtoolstcl 44-466] Opening hw_target localhost:3121/xilinx_tcf/Digilent/210203343721A
set_property PROGRAM.FILE {/home/ukallakuri/hardware_design/designs/ARL_phase3/general_station_07_17/bit_files/test/8B/top_slave.bit} [get_hw_devices xc7vx485t_0]
current_hw_device [get_hw_devices xc7vx485t_0]
refresh_hw_device -update_hw_probes false [lindex [get_hw_devices xc7vx485t_0] 0]
INFO: [Labtools 27-1434] Device xc7vx485t (JTAG device index = 0) is programmed with a design that has no supported debug core(s) in it.
set_property PROBES.FILE {} [get_hw_devices xc7vx485t_0]
set_property FULL_PROBES.FILE {} [get_hw_devices xc7vx485t_0]
set_property PROGRAM.FILE {/home/ukallakuri/hardware_design/designs/ARL_phase3/general_station_07_17/bit_files/test/256B/top_master.bit} [get_hw_devices xc7vx485t_0]
program_hw_devices [get_hw_devices xc7vx485t_0]
INFO: [Labtools 27-3164] End of startup status: HIGH
program_hw_devices: Time (s): cpu = 00:00:12 ; elapsed = 00:00:12 . Memory (MB): peak = 7622.027 ; gain = 0.000 ; free physical = 145 ; free virtual = 5438
refresh_hw_device [lindex [get_hw_devices xc7vx485t_0] 0]
INFO: [Labtools 27-1434] Device xc7vx485t (JTAG device index = 0) is programmed with a design that has no supported debug core(s) in it.
close_hw
open_hw
connect_hw_server
INFO: [Labtools 27-2285] Connecting to hw_server url TCP:localhost:3121
INFO: [Labtools 27-2222] Launching hw_server...
INFO: [Labtools 27-2221] Launch Output:

****** Xilinx hw_server v2018.3
  **** Build date : Dec  6 2018-23:53:53
    ** Copyright 1986-2018 Xilinx, Inc. All Rights Reserved.


open_hw_target
INFO: [Labtoolstcl 44-466] Opening hw_target localhost:3121/xilinx_tcf/Digilent/210203A7DC66A
set_property PROGRAM.FILE {/home/ukallakuri/hardware_design/designs/ARL_phase3/general_station_07_17/bit_files/test/256B/top_master.bit} [get_hw_devices xc7vx485t_0]
current_hw_device [get_hw_devices xc7vx485t_0]
refresh_hw_device -update_hw_probes false [lindex [get_hw_devices xc7vx485t_0] 0]
INFO: [Labtools 27-1434] Device xc7vx485t (JTAG device index = 0) is programmed with a design that has no supported debug core(s) in it.
set_property PROBES.FILE {} [get_hw_devices xc7vx485t_0]
set_property FULL_PROBES.FILE {} [get_hw_devices xc7vx485t_0]
set_property PROGRAM.FILE {/home/ukallakuri/hardware_design/designs/ARL_phase3/general_station_07_17/bit_files/test/256B/top_slave.bit} [get_hw_devices xc7vx485t_0]
program_hw_devices [get_hw_devices xc7vx485t_0]
INFO: [Labtools 27-3164] End of startup status: HIGH
program_hw_devices: Time (s): cpu = 00:00:12 ; elapsed = 00:00:12 . Memory (MB): peak = 7622.027 ; gain = 0.000 ; free physical = 161 ; free virtual = 5469
refresh_hw_device [lindex [get_hw_devices xc7vx485t_0] 0]
INFO: [Labtools 27-1434] Device xc7vx485t (JTAG device index = 0) is programmed with a design that has no supported debug core(s) in it.
close_hw
open_hw
connect_hw_server
INFO: [Labtools 27-2285] Connecting to hw_server url TCP:localhost:3121
open_hw_target
INFO: [Labtoolstcl 44-466] Opening hw_target localhost:3121/xilinx_tcf/Digilent/210203A7DC66A
set_property PROGRAM.FILE {/home/ukallakuri/hardware_design/designs/ARL_phase3/general_station_07_17/bit_files/test/256B/top_slave.bit} [get_hw_devices xc7vx485t_0]
current_hw_device [get_hw_devices xc7vx485t_0]
refresh_hw_device -update_hw_probes false [lindex [get_hw_devices xc7vx485t_0] 0]
INFO: [Labtools 27-1434] Device xc7vx485t (JTAG device index = 0) is programmed with a design that has no supported debug core(s) in it.
close_hw
update_compile_order -fileset sources_1
reset_run synth_1
launch_runs impl_1 -to_step write_bitstream -jobs 2
[Fri Aug  6 09:40:24 2021] Launched synth_1...
Run output will be captured here: /home/ukallakuri/hardware_design/designs/ARL_phase3/general_station_07_17/general_station_07_17.runs/synth_1/runme.log
[Fri Aug  6 09:40:24 2021] Launched impl_1...
Run output will be captured here: /home/ukallakuri/hardware_design/designs/ARL_phase3/general_station_07_17/general_station_07_17.runs/impl_1/runme.log
update_compile_order -fileset sources_1
reset_run synth_1
launch_runs impl_1 -to_step write_bitstream -jobs 2
[Fri Aug  6 09:48:02 2021] Launched synth_1...
Run output will be captured here: /home/ukallakuri/hardware_design/designs/ARL_phase3/general_station_07_17/general_station_07_17.runs/synth_1/runme.log
[Fri Aug  6 09:48:02 2021] Launched impl_1...
Run output will be captured here: /home/ukallakuri/hardware_design/designs/ARL_phase3/general_station_07_17/general_station_07_17.runs/impl_1/runme.log
open_hw
connect_hw_server
INFO: [Labtools 27-2285] Connecting to hw_server url TCP:localhost:3121
INFO: [Labtools 27-2222] Launching hw_server...
INFO: [Labtools 27-2221] Launch Output:

****** Xilinx hw_server v2018.3
  **** Build date : Dec  6 2018-23:53:53
    ** Copyright 1986-2018 Xilinx, Inc. All Rights Reserved.


open_hw_target
INFO: [Labtoolstcl 44-466] Opening hw_target localhost:3121/xilinx_tcf/Digilent/210203A7DC66A
set_property PROGRAM.FILE {/home/ukallakuri/hardware_design/designs/ARL_phase3/general_station_07_17/bit_files/test/256B/top_slave.bit} [get_hw_devices xc7vx485t_0]
current_hw_device [get_hw_devices xc7vx485t_0]
refresh_hw_device -update_hw_probes false [lindex [get_hw_devices xc7vx485t_0] 0]
INFO: [Labtools 27-1435] Device xc7vx485t (JTAG device index = 0) is not programmed (DONE status = 0).
set_property PROBES.FILE {} [get_hw_devices xc7vx485t_0]
set_property FULL_PROBES.FILE {} [get_hw_devices xc7vx485t_0]
set_property PROGRAM.FILE {/home/ukallakuri/hardware_design/designs/ARL_phase3/general_station_07_17/bit_files/test/256B/top_slave.bit} [get_hw_devices xc7vx485t_0]
program_hw_devices [get_hw_devices xc7vx485t_0]
INFO: [Labtools 27-3164] End of startup status: HIGH
program_hw_devices: Time (s): cpu = 00:00:12 ; elapsed = 00:00:12 . Memory (MB): peak = 7768.957 ; gain = 0.000 ; free physical = 2357 ; free virtual = 5328
refresh_hw_device [lindex [get_hw_devices xc7vx485t_0] 0]
INFO: [Labtools 27-1434] Device xc7vx485t (JTAG device index = 0) is programmed with a design that has no supported debug core(s) in it.
close_hw
open_hw
connect_hw_server
INFO: [Labtools 27-2285] Connecting to hw_server url TCP:localhost:3121
open_hw_target
INFO: [Labtoolstcl 44-466] Opening hw_target localhost:3121/xilinx_tcf/Digilent/210203343721A
set_property PROGRAM.FILE {/home/ukallakuri/hardware_design/designs/ARL_phase3/general_station_07_17/bit_files/test/256B/top_slave.bit} [get_hw_devices xc7vx485t_0]
current_hw_device [get_hw_devices xc7vx485t_0]
refresh_hw_device -update_hw_probes false [lindex [get_hw_devices xc7vx485t_0] 0]
INFO: [Labtools 27-1435] Device xc7vx485t (JTAG device index = 0) is not programmed (DONE status = 0).
set_property PROBES.FILE {} [get_hw_devices xc7vx485t_0]
set_property FULL_PROBES.FILE {} [get_hw_devices xc7vx485t_0]
set_property PROGRAM.FILE {/home/ukallakuri/hardware_design/designs/ARL_phase3/general_station_07_17/bit_files/test/256B/top_master.bit} [get_hw_devices xc7vx485t_0]
program_hw_devices [get_hw_devices xc7vx485t_0]
INFO: [Labtools 27-3164] End of startup status: HIGH
program_hw_devices: Time (s): cpu = 00:00:12 ; elapsed = 00:00:12 . Memory (MB): peak = 7768.957 ; gain = 0.000 ; free physical = 2233 ; free virtual = 5276
refresh_hw_device [lindex [get_hw_devices xc7vx485t_0] 0]
INFO: [Labtools 27-1434] Device xc7vx485t (JTAG device index = 0) is programmed with a design that has no supported debug core(s) in it.
set_property PROBES.FILE {} [get_hw_devices xc7vx485t_0]
set_property FULL_PROBES.FILE {} [get_hw_devices xc7vx485t_0]
set_property PROGRAM.FILE {/home/ukallakuri/hardware_design/designs/ARL_phase3/general_station_07_17/bit_files/test/256B/top_master.bit} [get_hw_devices xc7vx485t_0]
program_hw_devices [get_hw_devices xc7vx485t_0]
INFO: [Labtools 27-3164] End of startup status: HIGH
program_hw_devices: Time (s): cpu = 00:00:12 ; elapsed = 00:00:12 . Memory (MB): peak = 7768.957 ; gain = 0.000 ; free physical = 2237 ; free virtual = 5280
refresh_hw_device [lindex [get_hw_devices xc7vx485t_0] 0]
INFO: [Labtools 27-1434] Device xc7vx485t (JTAG device index = 0) is programmed with a design that has no supported debug core(s) in it.
close_hw
reset_run synth_1
launch_runs impl_1 -to_step write_bitstream -jobs 2
[Fri Aug  6 20:19:37 2021] Launched synth_1...
Run output will be captured here: /home/ukallakuri/hardware_design/designs/ARL_phase3/general_station_07_17/general_station_07_17.runs/synth_1/runme.log
[Fri Aug  6 20:19:37 2021] Launched impl_1...
Run output will be captured here: /home/ukallakuri/hardware_design/designs/ARL_phase3/general_station_07_17/general_station_07_17.runs/impl_1/runme.log
open_hw
connect_hw_server
INFO: [Labtools 27-2285] Connecting to hw_server url TCP:localhost:3121
INFO: [Labtools 27-2222] Launching hw_server...
INFO: [Labtools 27-2221] Launch Output:

****** Xilinx hw_server v2018.3
  **** Build date : Dec  6 2018-23:53:53
    ** Copyright 1986-2018 Xilinx, Inc. All Rights Reserved.


open_hw_target
INFO: [Labtoolstcl 44-466] Opening hw_target localhost:3121/xilinx_tcf/Digilent/210203343721A
set_property PROGRAM.FILE {/home/ukallakuri/hardware_design/designs/ARL_phase3/general_station_07_17/bit_files/test/256B/top_master.bit} [get_hw_devices xc7vx485t_0]
current_hw_device [get_hw_devices xc7vx485t_0]
refresh_hw_device -update_hw_probes false [lindex [get_hw_devices xc7vx485t_0] 0]
INFO: [Labtools 27-1435] Device xc7vx485t (JTAG device index = 0) is not programmed (DONE status = 0).
set_property PROBES.FILE {} [get_hw_devices xc7vx485t_0]
set_property FULL_PROBES.FILE {} [get_hw_devices xc7vx485t_0]
set_property PROGRAM.FILE {/home/ukallakuri/hardware_design/designs/ARL_phase3/general_station_07_17/bit_files/test/256B/top_master.bit} [get_hw_devices xc7vx485t_0]
program_hw_devices [get_hw_devices xc7vx485t_0]
INFO: [Labtools 27-3164] End of startup status: HIGH
program_hw_devices: Time (s): cpu = 00:00:12 ; elapsed = 00:00:12 . Memory (MB): peak = 7805.977 ; gain = 0.000 ; free physical = 2012 ; free virtual = 3519
refresh_hw_device [lindex [get_hw_devices xc7vx485t_0] 0]
INFO: [Labtools 27-1434] Device xc7vx485t (JTAG device index = 0) is programmed with a design that has no supported debug core(s) in it.
close_hw
open_hw
connect_hw_server
INFO: [Labtools 27-2285] Connecting to hw_server url TCP:localhost:3121
open_hw_target
INFO: [Labtoolstcl 44-466] Opening hw_target localhost:3121/xilinx_tcf/Digilent/210203A7DC66A
set_property PROGRAM.FILE {/home/ukallakuri/hardware_design/designs/ARL_phase3/general_station_07_17/bit_files/test/256B/top_master.bit} [get_hw_devices xc7vx485t_0]
current_hw_device [get_hw_devices xc7vx485t_0]
refresh_hw_device -update_hw_probes false [lindex [get_hw_devices xc7vx485t_0] 0]
INFO: [Labtools 27-1435] Device xc7vx485t (JTAG device index = 0) is not programmed (DONE status = 0).
set_property PROBES.FILE {} [get_hw_devices xc7vx485t_0]
set_property FULL_PROBES.FILE {} [get_hw_devices xc7vx485t_0]
set_property PROGRAM.FILE {/home/ukallakuri/hardware_design/designs/ARL_phase3/general_station_07_17/bit_files/test/256B/top_slave.bit} [get_hw_devices xc7vx485t_0]
program_hw_devices [get_hw_devices xc7vx485t_0]
INFO: [Labtools 27-3164] End of startup status: HIGH
program_hw_devices: Time (s): cpu = 00:00:12 ; elapsed = 00:00:12 . Memory (MB): peak = 7805.977 ; gain = 0.000 ; free physical = 1876 ; free virtual = 3451
refresh_hw_device [lindex [get_hw_devices xc7vx485t_0] 0]
INFO: [Labtools 27-1434] Device xc7vx485t (JTAG device index = 0) is programmed with a design that has no supported debug core(s) in it.
close_hw
open_hw
connect_hw_server
INFO: [Labtools 27-2285] Connecting to hw_server url TCP:localhost:3121
INFO: [Labtools 27-2222] Launching hw_server...
INFO: [Labtools 27-2221] Launch Output:

****** Xilinx hw_server v2018.3
  **** Build date : Dec  6 2018-23:53:53
    ** Copyright 1986-2018 Xilinx, Inc. All Rights Reserved.


open_hw_target
INFO: [Labtoolstcl 44-466] Opening hw_target localhost:3121/xilinx_tcf/Digilent/210203343721A
set_property PROGRAM.FILE {/home/ukallakuri/hardware_design/designs/ARL_phase3/general_station_07_17/bit_files/test/256B/top_slave.bit} [get_hw_devices xc7vx485t_0]
current_hw_device [get_hw_devices xc7vx485t_0]
refresh_hw_device -update_hw_probes false [lindex [get_hw_devices xc7vx485t_0] 0]
INFO: [Labtools 27-1435] Device xc7vx485t (JTAG device index = 0) is not programmed (DONE status = 0).
set_property PROBES.FILE {} [get_hw_devices xc7vx485t_0]
set_property FULL_PROBES.FILE {} [get_hw_devices xc7vx485t_0]
set_property PROGRAM.FILE {/home/ukallakuri/hardware_design/designs/ARL_phase3/general_station_07_17/bit_files/test/64B/top_slave.bit} [get_hw_devices xc7vx485t_0]
program_hw_devices [get_hw_devices xc7vx485t_0]
INFO: [Labtools 27-3164] End of startup status: HIGH
program_hw_devices: Time (s): cpu = 00:00:12 ; elapsed = 00:00:12 . Memory (MB): peak = 7805.977 ; gain = 0.000 ; free physical = 487 ; free virtual = 3657
refresh_hw_device [lindex [get_hw_devices xc7vx485t_0] 0]
INFO: [Labtools 27-1434] Device xc7vx485t (JTAG device index = 0) is programmed with a design that has no supported debug core(s) in it.
close_hw
open_hw
connect_hw_server
INFO: [Labtools 27-2285] Connecting to hw_server url TCP:localhost:3121
disconnect_hw_server localhost:3121
connect_hw_server
INFO: [Labtools 27-2285] Connecting to hw_server url TCP:localhost:3121
open_hw_target
INFO: [Labtoolstcl 44-466] Opening hw_target localhost:3121/xilinx_tcf/Digilent/210203A7DC66A
set_property PROGRAM.FILE {/home/ukallakuri/hardware_design/designs/ARL_phase3/general_station_07_17/bit_files/test/64B/top_slave.bit} [get_hw_devices xc7vx485t_0]
current_hw_device [get_hw_devices xc7vx485t_0]
refresh_hw_device -update_hw_probes false [lindex [get_hw_devices xc7vx485t_0] 0]
INFO: [Labtools 27-1435] Device xc7vx485t (JTAG device index = 0) is not programmed (DONE status = 0).
set_property PROBES.FILE {} [get_hw_devices xc7vx485t_0]
set_property FULL_PROBES.FILE {} [get_hw_devices xc7vx485t_0]
set_property PROGRAM.FILE {/home/ukallakuri/hardware_design/designs/ARL_phase3/general_station_07_17/bit_files/test/64B/top_master.bit} [get_hw_devices xc7vx485t_0]
program_hw_devices [get_hw_devices xc7vx485t_0]
INFO: [Labtools 27-3164] End of startup status: HIGH
program_hw_devices: Time (s): cpu = 00:00:12 ; elapsed = 00:00:12 . Memory (MB): peak = 7805.977 ; gain = 0.000 ; free physical = 416 ; free virtual = 3619
refresh_hw_device [lindex [get_hw_devices xc7vx485t_0] 0]
INFO: [Labtools 27-1434] Device xc7vx485t (JTAG device index = 0) is programmed with a design that has no supported debug core(s) in it.
close_hw
open_hw
connect_hw_server
INFO: [Labtools 27-2285] Connecting to hw_server url TCP:localhost:3121
INFO: [Labtools 27-2222] Launching hw_server...
INFO: [Labtools 27-2221] Launch Output:

****** Xilinx hw_server v2018.3
  **** Build date : Dec  6 2018-23:53:53
    ** Copyright 1986-2018 Xilinx, Inc. All Rights Reserved.


open_hw_target
INFO: [Labtoolstcl 44-466] Opening hw_target localhost:3121/xilinx_tcf/Digilent/210203343721A
set_property PROGRAM.FILE {/home/ukallakuri/hardware_design/designs/ARL_phase3/general_station_07_17/bit_files/test/64B/top_master.bit} [get_hw_devices xc7vx485t_0]
current_hw_device [get_hw_devices xc7vx485t_0]
refresh_hw_device -update_hw_probes false [lindex [get_hw_devices xc7vx485t_0] 0]
INFO: [Labtools 27-1434] Device xc7vx485t (JTAG device index = 0) is programmed with a design that has no supported debug core(s) in it.
set_property PROBES.FILE {} [get_hw_devices xc7vx485t_0]
set_property FULL_PROBES.FILE {} [get_hw_devices xc7vx485t_0]
set_property PROGRAM.FILE {/home/ukallakuri/hardware_design/designs/ARL_phase3/general_station_07_17/bit_files/test/64B/top_slave.bit} [get_hw_devices xc7vx485t_0]
program_hw_devices [get_hw_devices xc7vx485t_0]
INFO: [Labtools 27-3164] End of startup status: HIGH
program_hw_devices: Time (s): cpu = 00:00:12 ; elapsed = 00:00:12 . Memory (MB): peak = 7805.977 ; gain = 0.000 ; free physical = 713 ; free virtual = 3495
refresh_hw_device [lindex [get_hw_devices xc7vx485t_0] 0]
INFO: [Labtools 27-1434] Device xc7vx485t (JTAG device index = 0) is programmed with a design that has no supported debug core(s) in it.
close_hw
open_hw
connect_hw_server
INFO: [Labtools 27-2285] Connecting to hw_server url TCP:localhost:3121
INFO: [Labtools 27-2222] Launching hw_server...
INFO: [Labtools 27-2221] Launch Output:

****** Xilinx hw_server v2018.3
  **** Build date : Dec  6 2018-23:53:53
    ** Copyright 1986-2018 Xilinx, Inc. All Rights Reserved.


open_hw_target
INFO: [Labtoolstcl 44-466] Opening hw_target localhost:3121/xilinx_tcf/Digilent/210203A7DC66A
set_property PROGRAM.FILE {/home/ukallakuri/hardware_design/designs/ARL_phase3/general_station_07_17/bit_files/test/64B/top_slave.bit} [get_hw_devices xc7vx485t_0]
current_hw_device [get_hw_devices xc7vx485t_0]
refresh_hw_device -update_hw_probes false [lindex [get_hw_devices xc7vx485t_0] 0]
INFO: [Labtools 27-1434] Device xc7vx485t (JTAG device index = 0) is programmed with a design that has no supported debug core(s) in it.
set_property PROBES.FILE {} [get_hw_devices xc7vx485t_0]
set_property FULL_PROBES.FILE {} [get_hw_devices xc7vx485t_0]
set_property PROGRAM.FILE {/home/ukallakuri/hardware_design/designs/ARL_phase3/general_station_07_17/bit_files/test/64B/top_master.bit} [get_hw_devices xc7vx485t_0]
program_hw_devices [get_hw_devices xc7vx485t_0]
INFO: [Labtools 27-3164] End of startup status: HIGH
program_hw_devices: Time (s): cpu = 00:00:12 ; elapsed = 00:00:12 . Memory (MB): peak = 7805.977 ; gain = 0.000 ; free physical = 788 ; free virtual = 3597
refresh_hw_device [lindex [get_hw_devices xc7vx485t_0] 0]
INFO: [Labtools 27-1434] Device xc7vx485t (JTAG device index = 0) is programmed with a design that has no supported debug core(s) in it.
close_hw
open_hw
connect_hw_server
INFO: [Labtools 27-2285] Connecting to hw_server url TCP:localhost:3121
INFO: [Labtools 27-2222] Launching hw_server...
INFO: [Labtools 27-2221] Launch Output:

****** Xilinx hw_server v2018.3
  **** Build date : Dec  6 2018-23:53:53
    ** Copyright 1986-2018 Xilinx, Inc. All Rights Reserved.


open_hw_target
INFO: [Labtoolstcl 44-466] Opening hw_target localhost:3121/xilinx_tcf/Digilent/210203343721A
set_property PROGRAM.FILE {/home/ukallakuri/hardware_design/designs/ARL_phase3/general_station_07_17/bit_files/test/64B/top_master.bit} [get_hw_devices xc7vx485t_0]
current_hw_device [get_hw_devices xc7vx485t_0]
refresh_hw_device -update_hw_probes false [lindex [get_hw_devices xc7vx485t_0] 0]
INFO: [Labtools 27-1435] Device xc7vx485t (JTAG device index = 0) is not programmed (DONE status = 0).
set_property PROBES.FILE {} [get_hw_devices xc7vx485t_0]
set_property FULL_PROBES.FILE {} [get_hw_devices xc7vx485t_0]
set_property PROGRAM.FILE {/home/ukallakuri/hardware_design/designs/ARL_phase3/general_station_07_17/bit_files/test/64B/top_slave.bit} [get_hw_devices xc7vx485t_0]
program_hw_devices [get_hw_devices xc7vx485t_0]
INFO: [Labtools 27-3164] End of startup status: HIGH
program_hw_devices: Time (s): cpu = 00:00:12 ; elapsed = 00:00:12 . Memory (MB): peak = 7805.977 ; gain = 0.000 ; free physical = 393 ; free virtual = 3139
refresh_hw_device [lindex [get_hw_devices xc7vx485t_0] 0]
INFO: [Labtools 27-1434] Device xc7vx485t (JTAG device index = 0) is programmed with a design that has no supported debug core(s) in it.
ERROR: [Labtoolstcl 44-513] HW Target shutdown. Closing target: localhost:3121/xilinx_tcf/Digilent/210203343721A
disconnect_hw_server localhost:3121
connect_hw_server
INFO: [Labtools 27-2285] Connecting to hw_server url TCP:localhost:3121
ERROR: [Labtoolstcl 44-494] There is no active target available for server at localhost.
 Targets(s) ", jsn-JTAG-SMT1-210203343721A" may be locked by another hw_server.
disconnect_hw_server localhost:3121
connect_hw_server
INFO: [Labtools 27-2285] Connecting to hw_server url TCP:localhost:3121
open_hw_target
INFO: [Labtoolstcl 44-466] Opening hw_target localhost:3121/xilinx_tcf/Digilent/210203A7DC66A
set_property PROGRAM.FILE {/home/ukallakuri/hardware_design/designs/ARL_phase3/general_station_07_17/bit_files/test/64B/top_slave.bit} [get_hw_devices xc7vx485t_0]
current_hw_device [get_hw_devices xc7vx485t_0]
refresh_hw_device -update_hw_probes false [lindex [get_hw_devices xc7vx485t_0] 0]
INFO: [Labtools 27-1435] Device xc7vx485t (JTAG device index = 0) is not programmed (DONE status = 0).
set_property PROBES.FILE {} [get_hw_devices xc7vx485t_0]
set_property FULL_PROBES.FILE {} [get_hw_devices xc7vx485t_0]
set_property PROGRAM.FILE {/home/ukallakuri/hardware_design/designs/ARL_phase3/general_station_07_17/bit_files/test/64B/top_master.bit} [get_hw_devices xc7vx485t_0]
program_hw_devices [get_hw_devices xc7vx485t_0]
INFO: [Labtools 27-3164] End of startup status: HIGH
program_hw_devices: Time (s): cpu = 00:00:12 ; elapsed = 00:00:12 . Memory (MB): peak = 7805.977 ; gain = 0.000 ; free physical = 350 ; free virtual = 3105
refresh_hw_device [lindex [get_hw_devices xc7vx485t_0] 0]
INFO: [Labtools 27-1434] Device xc7vx485t (JTAG device index = 0) is programmed with a design that has no supported debug core(s) in it.
close_hw
reset_run synth_1
launch_runs impl_1 -to_step write_bitstream -jobs 2
[Sat Aug  7 14:14:58 2021] Launched synth_1...
Run output will be captured here: /home/ukallakuri/hardware_design/designs/ARL_phase3/general_station_07_17/general_station_07_17.runs/synth_1/runme.log
[Sat Aug  7 14:14:58 2021] Launched impl_1...
Run output will be captured here: /home/ukallakuri/hardware_design/designs/ARL_phase3/general_station_07_17/general_station_07_17.runs/impl_1/runme.log
open_hw
connect_hw_server
INFO: [Labtools 27-2285] Connecting to hw_server url TCP:localhost:3121
INFO: [Labtools 27-2222] Launching hw_server...
INFO: [Labtools 27-2221] Launch Output:

****** Xilinx hw_server v2018.3
  **** Build date : Dec  6 2018-23:53:53
    ** Copyright 1986-2018 Xilinx, Inc. All Rights Reserved.


open_hw_target
INFO: [Labtoolstcl 44-466] Opening hw_target localhost:3121/xilinx_tcf/Digilent/210203A7DC66A
set_property PROGRAM.FILE {/home/ukallakuri/hardware_design/designs/ARL_phase3/general_station_07_17/bit_files/test/64B/top_master.bit} [get_hw_devices xc7vx485t_0]
current_hw_device [get_hw_devices xc7vx485t_0]
refresh_hw_device -update_hw_probes false [lindex [get_hw_devices xc7vx485t_0] 0]
INFO: [Labtools 27-1435] Device xc7vx485t (JTAG device index = 0) is not programmed (DONE status = 0).
set_property PROBES.FILE {} [get_hw_devices xc7vx485t_0]
set_property FULL_PROBES.FILE {} [get_hw_devices xc7vx485t_0]
set_property PROGRAM.FILE {/home/ukallakuri/hardware_design/designs/ARL_phase3/general_station_07_17/bit_files/test/64B/top_master.bit} [get_hw_devices xc7vx485t_0]
program_hw_devices [get_hw_devices xc7vx485t_0]
INFO: [Labtools 27-3164] End of startup status: HIGH
program_hw_devices: Time (s): cpu = 00:00:12 ; elapsed = 00:00:12 . Memory (MB): peak = 7916.648 ; gain = 0.000 ; free physical = 1940 ; free virtual = 3178
refresh_hw_device [lindex [get_hw_devices xc7vx485t_0] 0]
INFO: [Labtools 27-1434] Device xc7vx485t (JTAG device index = 0) is programmed with a design that has no supported debug core(s) in it.
close_hw
open_hw
connect_hw_server
INFO: [Labtools 27-2285] Connecting to hw_server url TCP:localhost:3121
INFO: [Labtools 27-2222] Launching hw_server...
INFO: [Labtools 27-2221] Launch Output:

****** Xilinx hw_server v2018.3
  **** Build date : Dec  6 2018-23:53:53
    ** Copyright 1986-2018 Xilinx, Inc. All Rights Reserved.


disconnect_hw_server localhost:3121
connect_hw_server
INFO: [Labtools 27-2285] Connecting to hw_server url TCP:localhost:3121
open_hw_target
INFO: [Labtoolstcl 44-466] Opening hw_target localhost:3121/xilinx_tcf/Digilent/210203343721A
set_property PROGRAM.FILE {/home/ukallakuri/hardware_design/designs/ARL_phase3/general_station_07_17/bit_files/test/64B/top_master.bit} [get_hw_devices xc7vx485t_0]
current_hw_device [get_hw_devices xc7vx485t_0]
refresh_hw_device -update_hw_probes false [lindex [get_hw_devices xc7vx485t_0] 0]
INFO: [Labtools 27-1435] Device xc7vx485t (JTAG device index = 0) is not programmed (DONE status = 0).
set_property PROBES.FILE {} [get_hw_devices xc7vx485t_0]
set_property FULL_PROBES.FILE {} [get_hw_devices xc7vx485t_0]
set_property PROGRAM.FILE {/home/ukallakuri/hardware_design/designs/ARL_phase3/general_station_07_17/general_station_07_17.runs/impl_1/top.bit} [get_hw_devices xc7vx485t_0]
program_hw_devices [get_hw_devices xc7vx485t_0]
INFO: [Labtools 27-3164] End of startup status: HIGH
program_hw_devices: Time (s): cpu = 00:00:12 ; elapsed = 00:00:12 . Memory (MB): peak = 7916.648 ; gain = 0.000 ; free physical = 1753 ; free virtual = 3020
refresh_hw_device [lindex [get_hw_devices xc7vx485t_0] 0]
INFO: [Labtools 27-1434] Device xc7vx485t (JTAG device index = 0) is programmed with a design that has no supported debug core(s) in it.
close_hw
open_hw
connect_hw_server
INFO: [Labtools 27-2285] Connecting to hw_server url TCP:localhost:3121
INFO: [Labtools 27-2222] Launching hw_server...
INFO: [Labtools 27-2221] Launch Output:

****** Xilinx hw_server v2018.3
  **** Build date : Dec  6 2018-23:53:53
    ** Copyright 1986-2018 Xilinx, Inc. All Rights Reserved.


close_hw
