#-----------------------------------------------------------
# Vivado v2018.3 (64-bit)
# SW Build 2405991 on Thu Dec  6 23:36:41 MST 2018
# IP Build 2404404 on Fri Dec  7 01:43:56 MST 2018
# Start of session at: Mon Aug  2 18:53:27 2021
# Process ID: 35689
# Current directory: /home/ukallakuri/hardware_design/designs/ARL_phase3
# Command line: vivado
# Log file: /home/ukallakuri/hardware_design/designs/ARL_phase3/vivado.log
# Journal file: /home/ukallakuri/hardware_design/designs/ARL_phase3/vivado.jou
#-----------------------------------------------------------
start_gui
open_project /home/ukallakuri/hardware_design/designs/ARL_phase3_tmp/ARL_phase3/general_station_07_17/general_station_07_17.xpr
Scanning sources...
Finished scanning sources
INFO: [IP_Flow 19-234] Refreshing IP repositories
INFO: [IP_Flow 19-1704] No user IP repositories specified
INFO: [IP_Flow 19-2313] Loaded Vivado IP repository '/tools/Xilinx/Vivado/2018.3/data/ip'.
open_project: Time (s): cpu = 00:00:26 ; elapsed = 00:00:15 . Memory (MB): peak = 6412.535 ; gain = 146.590 ; free physical = 177 ; free virtual = 4713
update_compile_order -fileset sources_1
close_project
open_project /home/ukallakuri/hardware_design/designs/ARL_phase3/general_station_07_17/general_station_07_17.xpr
Scanning sources...
Finished scanning sources
INFO: [IP_Flow 19-234] Refreshing IP repositories
INFO: [IP_Flow 19-1704] No user IP repositories specified
INFO: [IP_Flow 19-2313] Loaded Vivado IP repository '/tools/Xilinx/Vivado/2018.3/data/ip'.
update_compile_order -fileset sources_1
close [ open /home/ukallakuri/hardware_design/designs/ARL_phase3/general_station_07_17/general_station_07_17.srcs/sources_1/new/top_master.v w ]
add_files /home/ukallakuri/hardware_design/designs/ARL_phase3/general_station_07_17/general_station_07_17.srcs/sources_1/new/top_master.v
update_compile_order -fileset sources_1
close [ open /home/ukallakuri/hardware_design/designs/ARL_phase3/general_station_07_17/general_station_07_17.srcs/sources_1/new/parameters_top_m.vh w ]
add_files /home/ukallakuri/hardware_design/designs/ARL_phase3/general_station_07_17/general_station_07_17.srcs/sources_1/new/parameters_top_m.vh
update_compile_order -fileset sources_1
close [ open /home/ukallakuri/hardware_design/designs/ARL_phase3/general_station_07_17/general_station_07_17.srcs/sources_1/new/parameters_top_s.vh w ]
add_files /home/ukallakuri/hardware_design/designs/ARL_phase3/general_station_07_17/general_station_07_17.srcs/sources_1/new/parameters_top_s.vh
update_compile_order -fileset sources_1
close [ open /home/ukallakuri/hardware_design/designs/ARL_phase3/general_station_07_17/general_station_07_17.srcs/sources_1/new/top_slave.v w ]
add_files /home/ukallakuri/hardware_design/designs/ARL_phase3/general_station_07_17/general_station_07_17.srcs/sources_1/new/top_slave.v
update_compile_order -fileset sources_1
create_bd_design "design_2"
Wrote  : </home/ukallakuri/hardware_design/designs/ARL_phase3/general_station_07_17/general_station_07_17.srcs/sources_1/bd/design_2/design_2.bd> 
update_compile_order -fileset sources_1
close_bd_design [get_bd_designs design_2]
set_property top top_master [current_fileset]
update_compile_order -fileset sources_1
reset_run synth_1
launch_runs synth_1 -jobs 2
[Tue Aug  3 09:17:49 2021] Launched synth_1...
Run output will be captured here: /home/ukallakuri/hardware_design/designs/ARL_phase3/general_station_07_17/general_station_07_17.runs/synth_1/runme.log
open_bd_design {/home/ukallakuri/hardware_design/designs/ARL_phase3/general_station_07_17/general_station_07_17.srcs/sources_1/bd/design_2/design_2.bd}
Successfully read diagram <design_2> from BD file </home/ukallakuri/hardware_design/designs/ARL_phase3/general_station_07_17/general_station_07_17.srcs/sources_1/bd/design_2/design_2.bd>
close_bd_design [get_bd_designs design_2]
open_bd_design {/home/ukallakuri/hardware_design/designs/ARL_phase3/general_station_07_17/general_station_07_17.srcs/sources_1/bd/design_2/design_2.bd}
Successfully read diagram <design_2> from BD file </home/ukallakuri/hardware_design/designs/ARL_phase3/general_station_07_17/general_station_07_17.srcs/sources_1/bd/design_2/design_2.bd>
close_bd_design [get_bd_designs design_2]
export_ip_user_files -of_objects  [get_files /home/ukallakuri/hardware_design/designs/ARL_phase3/general_station_07_17/general_station_07_17.srcs/sources_1/new/parameters_top_s.vh] -no_script -reset -force -quiet
export_ip_user_files -of_objects  [get_files /home/ukallakuri/hardware_design/designs/ARL_phase3/general_station_07_17/general_station_07_17.srcs/sources_1/new/parameters_top_m.vh] -no_script -reset -force -quiet
export_ip_user_files -of_objects  [get_files /home/ukallakuri/hardware_design/designs/ARL_phase3/general_station_07_17/general_station_07_17.srcs/sources_1/new/top_master.v] -no_script -reset -force -quiet
export_ip_user_files -of_objects  [get_files /home/ukallakuri/hardware_design/designs/ARL_phase3/general_station_07_17/general_station_07_17.srcs/sources_1/new/top_slave.v] -no_script -reset -force -quiet
export_ip_user_files -of_objects  [get_files /home/ukallakuri/hardware_design/designs/ARL_phase3/general_station_07_17/general_station_07_17.srcs/sources_1/bd/design_2/design_2.bd] -no_script -reset -force -quiet
remove_files  {/home/ukallakuri/hardware_design/designs/ARL_phase3/general_station_07_17/general_station_07_17.srcs/sources_1/new/parameters_top_s.vh /home/ukallakuri/hardware_design/designs/ARL_phase3/general_station_07_17/general_station_07_17.srcs/sources_1/new/parameters_top_m.vh /home/ukallakuri/hardware_design/designs/ARL_phase3/general_station_07_17/general_station_07_17.srcs/sources_1/new/top_master.v /home/ukallakuri/hardware_design/designs/ARL_phase3/general_station_07_17/general_station_07_17.srcs/sources_1/new/top_slave.v /home/ukallakuri/hardware_design/designs/ARL_phase3/general_station_07_17/general_station_07_17.srcs/sources_1/bd/design_2/design_2.bd}
file delete -force /home/ukallakuri/hardware_design/designs/ARL_phase3/general_station_07_17/general_station_07_17.srcs/sources_1/new/parameters_top_s.vh /home/ukallakuri/hardware_design/designs/ARL_phase3/general_station_07_17/general_station_07_17.srcs/sources_1/new/parameters_top_m.vh /home/ukallakuri/hardware_design/designs/ARL_phase3/general_station_07_17/general_station_07_17.srcs/sources_1/new/top_master.v /home/ukallakuri/hardware_design/designs/ARL_phase3/general_station_07_17/general_station_07_17.srcs/sources_1/new/top_slave.v /home/ukallakuri/hardware_design/designs/ARL_phase3/general_station_07_17/general_station_07_17.srcs/sources_1/bd/design_2
update_compile_order -fileset sources_1
set_property top top [current_fileset]
update_compile_order -fileset sources_1
close_project
exit
INFO: [Common 17-206] Exiting Vivado at Tue Aug  3 09:32:58 2021...
