#-----------------------------------------------------------
# Vivado v2018.3 (64-bit)
# SW Build 2405991 on Thu Dec  6 23:36:41 MST 2018
# IP Build 2404404 on Fri Dec  7 01:43:56 MST 2018
# Start of session at: Sat Jun 11 11:55:06 2022
# Process ID: 6129
# Current directory: /home/ukallakuri/hardware_design/designs/ARL_phase3
# Command line: vivado
# Log file: /home/ukallakuri/hardware_design/designs/ARL_phase3/vivado.log
# Journal file: /home/ukallakuri/hardware_design/designs/ARL_phase3/vivado.jou
#-----------------------------------------------------------
start_gui
open_project /home/ukallakuri/hardware_design/designs/ARL_phase3/general_station_07_17/general_station_07_17.xpr
Scanning sources...
Finished scanning sources
INFO: [IP_Flow 19-234] Refreshing IP repositories
INFO: [IP_Flow 19-1700] Loaded user IP repository '/home/ukallakuri/hardware_design/designs/ARL_tmp/GS_SLAVE/general_station_07_17/general_station_07_17/general_station_07_17.srcs'.
INFO: [IP_Flow 19-1700] Loaded user IP repository '/home/ukallakuri/hardware_design/designs/ARL_tmp/GS_MASTER/general_station_07_17/general_station_07_17/general_station_07_17.srcs'.
INFO: [IP_Flow 19-2313] Loaded Vivado IP repository '/tools/Xilinx/Vivado/2018.3/data/ip'.
open_project: Time (s): cpu = 00:00:14 ; elapsed = 00:00:07 . Memory (MB): peak = 6430.492 ; gain = 147.805 ; free physical = 1762 ; free virtual = 6817
update_compile_order -fileset sources_1
update_compile_order -fileset sources_1
