#-----------------------------------------------------------
# Vivado v2018.3 (64-bit)
# SW Build 2405991 on Thu Dec  6 23:36:41 MST 2018
# IP Build 2404404 on Fri Dec  7 01:43:56 MST 2018
# Start of session at: Wed May 18 09:46:26 2022
# Process ID: 30223
# Current directory: /home/ukallakuri/hardware_design/designs/ARL_phase3
# Command line: vivado
# Log file: /home/ukallakuri/hardware_design/designs/ARL_phase3/vivado.log
# Journal file: /home/ukallakuri/hardware_design/designs/ARL_phase3/vivado.jou
#-----------------------------------------------------------
start_gui
open_project /home/ukallakuri/hardware_design/designs/n2apnm/n2apnm/n2apnm.xpr
INFO: [Common 17-41] Interrupt caught. Command should exit soon.
INFO: [Common 17-344] 'open_project' was cancelled
open_project /home/ukallakuri/hardware_design/designs/ARL_phase3/general_station_07_17/general_station_07_17.xpr
Scanning sources...
Finished scanning sources
INFO: [IP_Flow 19-234] Refreshing IP repositories
INFO: [IP_Flow 19-1700] Loaded user IP repository '/home/ukallakuri/hardware_design/designs/ARL_tmp/GS_SLAVE/general_station_07_17/general_station_07_17/general_station_07_17.srcs'.
INFO: [IP_Flow 19-1700] Loaded user IP repository '/home/ukallakuri/hardware_design/designs/ARL_tmp/GS_MASTER/general_station_07_17/general_station_07_17/general_station_07_17.srcs'.
INFO: [IP_Flow 19-2313] Loaded Vivado IP repository '/tools/Xilinx/Vivado/2018.3/data/ip'.
WARNING: [IP_Flow 19-3664] IP 'test_design_bd_top_slave_0_0' generated file not found '/home/ukallakuri/hardware_design/designs/ARL_phase3/general_station_07_17/general_station_07_17.srcs/sources_1/bd/test_design_bd/ip/test_design_bd_top_slave_0_0/sources_1/bd/design_1/ip/design_1_clk_wiz_0_0/design_1_clk_wiz_0_0.xci'. Please regenerate to continue.
WARNING: [IP_Flow 19-3664] IP 'test_design_bd_top_slave_0_0' generated file not found '/home/ukallakuri/hardware_design/designs/ARL_phase3/general_station_07_17/general_station_07_17.srcs/sources_1/bd/test_design_bd/ipshared/d1e1/sources_1/new/parameters_top.vh'. Please regenerate to continue.
WARNING: [IP_Flow 19-3664] IP 'test_design_bd_top_slave_0_0' generated file not found '/home/ukallakuri/hardware_design/designs/ARL_phase3/general_station_07_17/general_station_07_17.srcs/sources_1/bd/test_design_bd/ipshared/d1e1/sources_1/new/buff_cal_wrapper.v'. Please regenerate to continue.
WARNING: [IP_Flow 19-3664] IP 'test_design_bd_top_slave_0_0' generated file not found '/home/ukallakuri/hardware_design/designs/ARL_phase3/general_station_07_17/general_station_07_17.srcs/sources_1/bd/test_design_bd/ipshared/d1e1/sources_1/new/cntr_tst.v'. Please regenerate to continue.
WARNING: [IP_Flow 19-3664] IP 'test_design_bd_top_slave_0_0' generated file not found '/home/ukallakuri/hardware_design/designs/ARL_phase3/general_station_07_17/general_station_07_17.srcs/sources_1/bd/test_design_bd/ipshared/d1e1/sources_1/new/debounce_logic.v'. Please regenerate to continue.
WARNING: [IP_Flow 19-3664] IP 'test_design_bd_top_slave_0_0' generated file not found '/home/ukallakuri/hardware_design/designs/ARL_phase3/general_station_07_17/general_station_07_17.srcs/sources_1/bd/test_design_bd/ipshared/d1e1/sources_1/new/design_top_temp.v'. Please regenerate to continue.
WARNING: [IP_Flow 19-3664] IP 'test_design_bd_top_slave_0_0' generated file not found '/home/ukallakuri/hardware_design/designs/ARL_phase3/general_station_07_17/general_station_07_17.srcs/sources_1/bd/test_design_bd/ipshared/d1e1/sources_1/new/manchester_rx_m.v'. Please regenerate to continue.
WARNING: [IP_Flow 19-3664] IP 'test_design_bd_top_slave_0_0' generated file not found '/home/ukallakuri/hardware_design/designs/ARL_phase3/general_station_07_17/general_station_07_17.srcs/sources_1/bd/test_design_bd/ipshared/d1e1/sources_1/new/manchester_rx_top.v'. Please regenerate to continue.
WARNING: [IP_Flow 19-3664] IP 'test_design_bd_top_slave_0_0' generated file not found '/home/ukallakuri/hardware_design/designs/ARL_phase3/general_station_07_17/general_station_07_17.srcs/sources_1/bd/test_design_bd/ipshared/d1e1/sources_1/new/manchester_tx_m.v'. Please regenerate to continue.
WARNING: [IP_Flow 19-3664] IP 'test_design_bd_top_slave_0_0' generated file not found '/home/ukallakuri/hardware_design/designs/ARL_phase3/general_station_07_17/general_station_07_17.srcs/sources_1/bd/test_design_bd/ipshared/d1e1/sources_1/new/manchester_tx_top.v'. Please regenerate to continue.
WARNING: [IP_Flow 19-3664] IP 'test_design_bd_top_slave_0_0' generated file not found '/home/ukallakuri/hardware_design/designs/ARL_phase3/general_station_07_17/general_station_07_17.srcs/sources_1/bd/test_design_bd/ipshared/d1e1/sources_1/new/mmcm_drp_rcf_0628.v'. Please regenerate to continue.
WARNING: [IP_Flow 19-3664] IP 'test_design_bd_top_slave_0_0' generated file not found '/home/ukallakuri/hardware_design/designs/ARL_phase3/general_station_07_17/general_station_07_17.srcs/sources_1/bd/test_design_bd/ipshared/d1e1/sources_1/imports/MMCME2_DRP/mmcme2_drp_func.h'. Please regenerate to continue.
WARNING: [IP_Flow 19-3664] IP 'test_design_bd_top_slave_0_0' generated file not found '/home/ukallakuri/hardware_design/designs/ARL_phase3/general_station_07_17/general_station_07_17.srcs/sources_1/bd/test_design_bd/ipshared/d1e1/sources_1/new/reg_b.v'. Please regenerate to continue.
WARNING: [IP_Flow 19-3664] IP 'test_design_bd_top_slave_0_0' generated file not found '/home/ukallakuri/hardware_design/designs/ARL_phase3/general_station_07_17/general_station_07_17.srcs/sources_1/bd/test_design_bd/ipshared/d1e1/sources_1/new/sp_ram_sim.v'. Please regenerate to continue.
WARNING: [IP_Flow 19-3664] IP 'test_design_bd_top_slave_0_0' generated file not found '/home/ukallakuri/hardware_design/designs/ARL_phase3/general_station_07_17/general_station_07_17.srcs/sources_1/bd/test_design_bd/ipshared/d1e1/sources_1/new/top_mmcme2.v'. Please regenerate to continue.
WARNING: [IP_Flow 19-3664] IP 'test_design_bd_top_slave_0_0' generated file not found '/home/ukallakuri/hardware_design/designs/ARL_phase3/general_station_07_17/general_station_07_17.srcs/sources_1/bd/test_design_bd/ipshared/d1e1/sources_1/new/uart_tx_wrapper.v'. Please regenerate to continue.
WARNING: [IP_Flow 19-3664] IP 'test_design_bd_top_slave_0_0' generated file not found '/home/ukallakuri/hardware_design/designs/ARL_phase3/general_station_07_17/general_station_07_17.srcs/sources_1/bd/test_design_bd/ipshared/d1e1/sources_1/new/uart_txm_ex.v'. Please regenerate to continue.
WARNING: [IP_Flow 19-3664] IP 'test_design_bd_top_slave_0_0' generated file not found '/home/ukallakuri/hardware_design/designs/ARL_phase3/general_station_07_17/general_station_07_17.srcs/sources_1/bd/test_design_bd/ipshared/d1e1/sources_1/new/top.v'. Please regenerate to continue.
ERROR: [IP_Flow 19-993] Could not find IP file for IP 'design_1_clk_wiz_0_0'.
CRITICAL WARNING: [IP_Flow 19-5097] Unable to determine VLNV from IP file; verify it has the correct syntax: 
CRITICAL WARNING: [IP_Flow 19-3577] Failed to recreate IP instance 'test_design_bd_top_slave_0_0'. Error during subcore creation.
open_project: Time (s): cpu = 00:00:13 ; elapsed = 00:00:06 . Memory (MB): peak = 6443.840 ; gain = 93.359 ; free physical = 134 ; free virtual = 5457
ERROR: [Common 17-39] 'open_project' failed due to earlier errors.
update_compile_order -fileset sources_1
exit
INFO: [Common 17-206] Exiting Vivado at Thu May 19 08:41:54 2022...
