INFO: [VRFC 10-2263] Analyzing Verilog file "/home/ukallakuri/hardware_design/designs/ARL_phase3/general_station_07_17/general_station_07_17.sim/sim_1/impl/timing/xsim/design_top_temp_tb_time_impl.v" into library xil_defaultlib
INFO: [VRFC 10-311] analyzing module RAM32X1S_UNIQ_BASE_
INFO: [VRFC 10-311] analyzing module RAM32X1S_HD100
INFO: [VRFC 10-311] analyzing module RAM32X1S_HD101
INFO: [VRFC 10-311] analyzing module RAM32X1S_HD102
INFO: [VRFC 10-311] analyzing module RAM32X1S_HD103
INFO: [VRFC 10-311] analyzing module RAM32X1S_HD104
INFO: [VRFC 10-311] analyzing module RAM32X1S_HD105
INFO: [VRFC 10-311] analyzing module RAM32X1S_HD106
INFO: [VRFC 10-311] analyzing module RAM32X1S_HD107
INFO: [VRFC 10-311] analyzing module RAM32X1S_HD108
INFO: [VRFC 10-311] analyzing module RAM32X1S_HD109
INFO: [VRFC 10-311] analyzing module RAM32X1S_HD110
INFO: [VRFC 10-311] analyzing module RAM32X1S_HD111
INFO: [VRFC 10-311] analyzing module RAM32X1S_HD112
INFO: [VRFC 10-311] analyzing module RAM32X1S_HD113
INFO: [VRFC 10-311] analyzing module RAM32X1S_HD114
INFO: [VRFC 10-311] analyzing module RAM32X1S_HD115
INFO: [VRFC 10-311] analyzing module RAM32X1S_HD116
INFO: [VRFC 10-311] analyzing module RAM32X1S_HD117
INFO: [VRFC 10-311] analyzing module RAM32X1S_HD118
INFO: [VRFC 10-311] analyzing module RAM32X1S_HD119
INFO: [VRFC 10-311] analyzing module RAM32X1S_HD120
INFO: [VRFC 10-311] analyzing module RAM32X1S_HD121
INFO: [VRFC 10-311] analyzing module RAM32X1S_HD122
INFO: [VRFC 10-311] analyzing module RAM32X1S_HD123
INFO: [VRFC 10-311] analyzing module RAM32X1S_HD124
INFO: [VRFC 10-311] analyzing module RAM32X1S_HD125
INFO: [VRFC 10-311] analyzing module RAM32X1S_HD126
INFO: [VRFC 10-311] analyzing module RAM32X1S_HD64
INFO: [VRFC 10-311] analyzing module RAM32X1S_HD65
INFO: [VRFC 10-311] analyzing module RAM32X1S_HD66
INFO: [VRFC 10-311] analyzing module RAM32X1S_HD67
INFO: [VRFC 10-311] analyzing module RAM32X1S_HD68
INFO: [VRFC 10-311] analyzing module RAM32X1S_HD69
INFO: [VRFC 10-311] analyzing module RAM32X1S_HD70
INFO: [VRFC 10-311] analyzing module RAM32X1S_HD71
INFO: [VRFC 10-311] analyzing module RAM32X1S_HD72
INFO: [VRFC 10-311] analyzing module RAM32X1S_HD73
INFO: [VRFC 10-311] analyzing module RAM32X1S_HD74
INFO: [VRFC 10-311] analyzing module RAM32X1S_HD75
INFO: [VRFC 10-311] analyzing module RAM32X1S_HD76
INFO: [VRFC 10-311] analyzing module RAM32X1S_HD77
INFO: [VRFC 10-311] analyzing module RAM32X1S_HD78
INFO: [VRFC 10-311] analyzing module RAM32X1S_HD79
INFO: [VRFC 10-311] analyzing module RAM32X1S_HD80
INFO: [VRFC 10-311] analyzing module RAM32X1S_HD81
INFO: [VRFC 10-311] analyzing module RAM32X1S_HD82
INFO: [VRFC 10-311] analyzing module RAM32X1S_HD83
INFO: [VRFC 10-311] analyzing module RAM32X1S_HD84
INFO: [VRFC 10-311] analyzing module RAM32X1S_HD85
INFO: [VRFC 10-311] analyzing module RAM32X1S_HD86
INFO: [VRFC 10-311] analyzing module RAM32X1S_HD87
INFO: [VRFC 10-311] analyzing module RAM32X1S_HD88
INFO: [VRFC 10-311] analyzing module RAM32X1S_HD89
INFO: [VRFC 10-311] analyzing module RAM32X1S_HD90
INFO: [VRFC 10-311] analyzing module RAM32X1S_HD91
INFO: [VRFC 10-311] analyzing module RAM32X1S_HD92
INFO: [VRFC 10-311] analyzing module RAM32X1S_HD93
INFO: [VRFC 10-311] analyzing module RAM32X1S_HD94
INFO: [VRFC 10-311] analyzing module RAM32X1S_HD95
INFO: [VRFC 10-311] analyzing module RAM32X1S_HD96
INFO: [VRFC 10-311] analyzing module RAM32X1S_HD97
INFO: [VRFC 10-311] analyzing module RAM32X1S_HD98
INFO: [VRFC 10-311] analyzing module RAM32X1S_HD99
INFO: [VRFC 10-311] analyzing module cntr_tst
INFO: [VRFC 10-311] analyzing module debounce_logic
INFO: [VRFC 10-311] analyzing module debounce_logic_0
INFO: [VRFC 10-311] analyzing module design_1
INFO: [VRFC 10-311] analyzing module design_1_clk_wiz_0_0
INFO: [VRFC 10-311] analyzing module design_1_clk_wiz_0_0_design_1_clk_wiz_0_0_clk_wiz
INFO: [VRFC 10-311] analyzing module design_1_wrapper
INFO: [VRFC 10-311] analyzing module design_top_temp
INFO: [VRFC 10-311] analyzing module manchester_rx_m
INFO: [VRFC 10-311] analyzing module manchester_rx_top
INFO: [VRFC 10-311] analyzing module manchester_tx_m
INFO: [VRFC 10-311] analyzing module manchester_tx_top
INFO: [VRFC 10-311] analyzing module mmcm_drp_rcf_0628
INFO: [VRFC 10-311] analyzing module reg_b
INFO: [VRFC 10-311] analyzing module sp_ram_sim
INFO: [VRFC 10-311] analyzing module top
INFO: [VRFC 10-311] analyzing module top_mmcme2
INFO: [VRFC 10-311] analyzing module uart_tx_wrapper
INFO: [VRFC 10-311] analyzing module uart_txm_ex
INFO: [VRFC 10-311] analyzing module glbl
INFO: [VRFC 10-2263] Analyzing Verilog file "/home/ukallakuri/hardware_design/designs/ARL_phase3/general_station_07_17/general_station_07_17.srcs/sim_1/new/design_top_temp_tb.v" into library xil_defaultlib
INFO: [VRFC 10-311] analyzing module design_top_temp_tb
