#-----------------------------------------------------------
# Vivado v2021.1 (64-bit)
# SW Build 3247384 on Thu Jun 10 19:36:33 MDT 2021
# IP Build 3246043 on Fri Jun 11 00:30:35 MDT 2021
# Start of session at: Thu May 12 08:41:33 2022
# Process ID: 9000
# Current directory: c:/work/research/FSOTT/general_station_07_17/axi_i2c_new_sim/axi_iic_0_ex
# Command line: vivado.exe -notrace -source c:/work/research/FSOTT/general_station_07_17/axi_i2c_new_sim/axi_i2c_new_sim/project_1.srcs/sources_1/ip/axi_iic_0/axi_iic_0_ex.tcl
# Log file: c:/work/research/FSOTT/general_station_07_17/axi_i2c_new_sim/axi_iic_0_ex/vivado.log
# Journal file: c:/work/research/FSOTT/general_station_07_17/axi_i2c_new_sim/axi_iic_0_ex\vivado.jou
#-----------------------------------------------------------
start_gui
source c:/work/research/FSOTT/general_station_07_17/axi_i2c_new_sim/axi_i2c_new_sim/project_1.srcs/sources_1/ip/axi_iic_0/axi_iic_0_ex.tcl -notrace
INFO: [open_example_project] Creating new example project...
INFO: [IP_Flow 19-234] Refreshing IP repositories
INFO: [IP_Flow 19-1704] No user IP repositories specified
INFO: [IP_Flow 19-2313] Loaded Vivado IP repository 'C:/Xilinx/Vivado/2021.1/data/ip'.
create_project: Time (s): cpu = 00:00:11 ; elapsed = 00:00:05 . Memory (MB): peak = 1137.512 ; gain = 0.000
INFO: [open_example_project] Importing original IP ...
INFO: [open_example_project] Generating the example project IP ...
INFO: [IP_Flow 19-1706] Not generating 'Instantiation Template' target for IP 'axi_iic_0'. Target already exists and is up to date.
INFO: [IP_Flow 19-1706] Not generating 'Synthesis' target for IP 'axi_iic_0'. Target already exists and is up to date.
INFO: [IP_Flow 19-1706] Not generating 'Simulation' target for IP 'axi_iic_0'. Target already exists and is up to date.
INFO: [IP_Flow 19-1706] Not generating 'Implementation' target for IP 'axi_iic_0'. Target already exists and is up to date.
INFO: [open_example_project] Adding example synthesis HDL files ...
INFO: [open_example_project] Adding example synthesis miscellaneous files ...
INFO: [open_example_project] Adding example XDC files ...
INFO: [open_example_project] Adding simulation HDL files ...
INFO: [open_example_project] Sourcing example extension scripts ...
INFO: [open_example_project] Sourcing extension script: axi_iic_0/example_design/top_set.tcl
INFO: [IP_Flow 19-1686] Generating 'Instantiation Template' target for IP 'clk_wiz_0'...
INFO: [IP_Flow 19-1686] Generating 'Synthesis' target for IP 'clk_wiz_0'...
INFO: [IP_Flow 19-1686] Generating 'Simulation' target for IP 'clk_wiz_0'...
INFO: [IP_Flow 19-1686] Generating 'Implementation' target for IP 'clk_wiz_0'...
INFO: [IP_Flow 19-1686] Generating 'Change Log' target for IP 'clk_wiz_0'...
INFO: [IP_Flow 19-3484] Absolute path of file 'c:/work/research/FSOTT/general_station_07_17/axi_i2c_new_sim/axi_iic_0_ex/imports/atg_data.coe' provided. It will be converted relative to IP Instance files '../../../../imports/atg_data.coe'
INFO: [IP_Flow 19-3484] Absolute path of file 'c:/work/research/FSOTT/general_station_07_17/axi_i2c_new_sim/axi_iic_0_ex/imports/atg_addr.coe' provided. It will be converted relative to IP Instance files '../../../../imports/atg_addr.coe'
INFO: [IP_Flow 19-3484] Absolute path of file 'c:/work/research/FSOTT/general_station_07_17/axi_i2c_new_sim/axi_iic_0_ex/imports/atg_mask.coe' provided. It will be converted relative to IP Instance files '../../../../imports/atg_mask.coe'
INFO: [IP_Flow 19-3484] Absolute path of file 'c:/work/research/FSOTT/general_station_07_17/axi_i2c_new_sim/axi_iic_0_ex/imports/atg_ctrl.coe' provided. It will be converted relative to IP Instance files '../../../../imports/atg_ctrl.coe'
INFO: [IP_Flow 19-1686] Generating 'Instantiation Template' target for IP 'axi_traffic_gen_0'...
INFO: [IP_Flow 19-1686] Generating 'Synthesis' target for IP 'axi_traffic_gen_0'...
INFO: [IP_Flow 19-1686] Generating 'Simulation' target for IP 'axi_traffic_gen_0'...
INFO: [IP_Flow 19-1686] Generating 'Change Log' target for IP 'axi_traffic_gen_0'...
INFO: [open_example_project] Rebuilding all the top level IPs ...
INFO: [SIM-utils-72] Using boost library from 'C:/Xilinx/Vivado/2021.1/tps/boost_1_72_0'
INFO: [exportsim-Tcl-35] Exporting simulation files for "XSIM" (Xilinx Vivado Simulator)...
INFO: [exportsim-Tcl-29] Script generated: 'C:/work/research/FSOTT/general_station_07_17/axi_i2c_new_sim/axi_iic_0_ex/axi_iic_0_ex.ip_user_files/sim_scripts/axi_iic_0/xsim/axi_iic_0.sh'
INFO: [exportsim-Tcl-35] Exporting simulation files for "MODELSIM" (Mentor Graphics ModelSim Simulator)...
INFO: [exportsim-Tcl-29] Script generated: 'C:/work/research/FSOTT/general_station_07_17/axi_i2c_new_sim/axi_iic_0_ex/axi_iic_0_ex.ip_user_files/sim_scripts/axi_iic_0/modelsim/axi_iic_0.sh'
INFO: [exportsim-Tcl-35] Exporting simulation files for "QUESTA" (Mentor Graphics Questa Advanced Simulator)...
INFO: [exportsim-Tcl-29] Script generated: 'C:/work/research/FSOTT/general_station_07_17/axi_i2c_new_sim/axi_iic_0_ex/axi_iic_0_ex.ip_user_files/sim_scripts/axi_iic_0/questa/axi_iic_0.sh'
INFO: [exportsim-Tcl-35] Exporting simulation files for "IES" (Cadence Incisive Enterprise Simulator)...
INFO: [exportsim-Tcl-29] Script generated: 'C:/work/research/FSOTT/general_station_07_17/axi_i2c_new_sim/axi_iic_0_ex/axi_iic_0_ex.ip_user_files/sim_scripts/axi_iic_0/ies/axi_iic_0.sh'
INFO: [exportsim-Tcl-35] Exporting simulation files for "XCELIUM" (Cadence Xcelium Parallel Simulator)...
INFO: [exportsim-Tcl-29] Script generated: 'C:/work/research/FSOTT/general_station_07_17/axi_i2c_new_sim/axi_iic_0_ex/axi_iic_0_ex.ip_user_files/sim_scripts/axi_iic_0/xcelium/axi_iic_0.sh'
INFO: [exportsim-Tcl-35] Exporting simulation files for "VCS" (Synopsys Verilog Compiler Simulator)...
INFO: [exportsim-Tcl-29] Script generated: 'C:/work/research/FSOTT/general_station_07_17/axi_i2c_new_sim/axi_iic_0_ex/axi_iic_0_ex.ip_user_files/sim_scripts/axi_iic_0/vcs/axi_iic_0.sh'
INFO: [exportsim-Tcl-35] Exporting simulation files for "RIVIERA" (Aldec Riviera-PRO Simulator)...
INFO: [exportsim-Tcl-29] Script generated: 'C:/work/research/FSOTT/general_station_07_17/axi_i2c_new_sim/axi_iic_0_ex/axi_iic_0_ex.ip_user_files/sim_scripts/axi_iic_0/riviera/axi_iic_0.sh'
INFO: [exportsim-Tcl-35] Exporting simulation files for "ACTIVEHDL" (Aldec Active-HDL Simulator)...
INFO: [exportsim-Tcl-29] Script generated: 'C:/work/research/FSOTT/general_station_07_17/axi_i2c_new_sim/axi_iic_0_ex/axi_iic_0_ex.ip_user_files/sim_scripts/axi_iic_0/activehdl/axi_iic_0.sh'
INFO: [SIM-utils-72] Using boost library from 'C:/Xilinx/Vivado/2021.1/tps/boost_1_72_0'
INFO: [exportsim-Tcl-35] Exporting simulation files for "XSIM" (Xilinx Vivado Simulator)...
INFO: [exportsim-Tcl-29] Script generated: 'C:/work/research/FSOTT/general_station_07_17/axi_i2c_new_sim/axi_iic_0_ex/axi_iic_0_ex.ip_user_files/sim_scripts/axi_traffic_gen_0/xsim/axi_traffic_gen_0.sh'
INFO: [SIM-utils-43] Exported 'C:/work/research/FSOTT/general_station_07_17/axi_i2c_new_sim/axi_iic_0_ex/axi_iic_0_ex.ip_user_files/sim_scripts/axi_traffic_gen_0/xsim/atg_data.coe'
INFO: [SIM-utils-43] Exported 'C:/work/research/FSOTT/general_station_07_17/axi_i2c_new_sim/axi_iic_0_ex/axi_iic_0_ex.ip_user_files/sim_scripts/axi_traffic_gen_0/xsim/atg_addr.coe'
INFO: [SIM-utils-43] Exported 'C:/work/research/FSOTT/general_station_07_17/axi_i2c_new_sim/axi_iic_0_ex/axi_iic_0_ex.ip_user_files/sim_scripts/axi_traffic_gen_0/xsim/atg_mask.coe'
INFO: [SIM-utils-43] Exported 'C:/work/research/FSOTT/general_station_07_17/axi_i2c_new_sim/axi_iic_0_ex/axi_iic_0_ex.ip_user_files/sim_scripts/axi_traffic_gen_0/xsim/atg_ctrl.coe'
INFO: [SIM-utils-43] Exported 'C:/work/research/FSOTT/general_station_07_17/axi_i2c_new_sim/axi_iic_0_ex/axi_iic_0_ex.ip_user_files/sim_scripts/axi_traffic_gen_0/xsim/default_prm.coe'
INFO: [SIM-utils-43] Exported 'C:/work/research/FSOTT/general_station_07_17/axi_i2c_new_sim/axi_iic_0_ex/axi_iic_0_ex.ip_user_files/sim_scripts/axi_traffic_gen_0/xsim/axi_traffic_gen_0_default_prmram.mem'
INFO: [SIM-utils-43] Exported 'C:/work/research/FSOTT/general_station_07_17/axi_i2c_new_sim/axi_iic_0_ex/axi_iic_0_ex.ip_user_files/sim_scripts/axi_traffic_gen_0/xsim/default_adr.coe'
INFO: [SIM-utils-43] Exported 'C:/work/research/FSOTT/general_station_07_17/axi_i2c_new_sim/axi_iic_0_ex/axi_iic_0_ex.ip_user_files/sim_scripts/axi_traffic_gen_0/xsim/axi_traffic_gen_0_default_addrram.mem'
INFO: [SIM-utils-43] Exported 'C:/work/research/FSOTT/general_station_07_17/axi_i2c_new_sim/axi_iic_0_ex/axi_iic_0_ex.ip_user_files/sim_scripts/axi_traffic_gen_0/xsim/default_mst.coe'
INFO: [SIM-utils-43] Exported 'C:/work/research/FSOTT/general_station_07_17/axi_i2c_new_sim/axi_iic_0_ex/axi_iic_0_ex.ip_user_files/sim_scripts/axi_traffic_gen_0/xsim/axi_traffic_gen_0_default_mstram.mem'
INFO: [SIM-utils-43] Exported 'C:/work/research/FSOTT/general_station_07_17/axi_i2c_new_sim/axi_iic_0_ex/axi_iic_0_ex.ip_user_files/sim_scripts/axi_traffic_gen_0/xsim/default_cmd.coe'
INFO: [SIM-utils-43] Exported 'C:/work/research/FSOTT/general_station_07_17/axi_i2c_new_sim/axi_iic_0_ex/axi_iic_0_ex.ip_user_files/sim_scripts/axi_traffic_gen_0/xsim/axi_traffic_gen_0_default_cmdram.mem'
INFO: [SIM-utils-43] Exported 'C:/work/research/FSOTT/general_station_07_17/axi_i2c_new_sim/axi_iic_0_ex/axi_iic_0_ex.ip_user_files/sim_scripts/axi_traffic_gen_0/xsim/axi_traffic_gen_0_addr.mem'
INFO: [SIM-utils-43] Exported 'C:/work/research/FSOTT/general_station_07_17/axi_i2c_new_sim/axi_iic_0_ex/axi_iic_0_ex.ip_user_files/sim_scripts/axi_traffic_gen_0/xsim/axi_traffic_gen_0_data.mem'
INFO: [SIM-utils-43] Exported 'C:/work/research/FSOTT/general_station_07_17/axi_i2c_new_sim/axi_iic_0_ex/axi_iic_0_ex.ip_user_files/sim_scripts/axi_traffic_gen_0/xsim/axi_traffic_gen_0_ctrl.mem'
INFO: [SIM-utils-43] Exported 'C:/work/research/FSOTT/general_station_07_17/axi_i2c_new_sim/axi_iic_0_ex/axi_iic_0_ex.ip_user_files/sim_scripts/axi_traffic_gen_0/xsim/axi_traffic_gen_0_mask.mem'
INFO: [exportsim-Tcl-35] Exporting simulation files for "MODELSIM" (Mentor Graphics ModelSim Simulator)...
INFO: [exportsim-Tcl-29] Script generated: 'C:/work/research/FSOTT/general_station_07_17/axi_i2c_new_sim/axi_iic_0_ex/axi_iic_0_ex.ip_user_files/sim_scripts/axi_traffic_gen_0/modelsim/axi_traffic_gen_0.sh'
INFO: [SIM-utils-43] Exported 'C:/work/research/FSOTT/general_station_07_17/axi_i2c_new_sim/axi_iic_0_ex/axi_iic_0_ex.ip_user_files/sim_scripts/axi_traffic_gen_0/modelsim/atg_data.coe'
INFO: [SIM-utils-43] Exported 'C:/work/research/FSOTT/general_station_07_17/axi_i2c_new_sim/axi_iic_0_ex/axi_iic_0_ex.ip_user_files/sim_scripts/axi_traffic_gen_0/modelsim/atg_addr.coe'
INFO: [SIM-utils-43] Exported 'C:/work/research/FSOTT/general_station_07_17/axi_i2c_new_sim/axi_iic_0_ex/axi_iic_0_ex.ip_user_files/sim_scripts/axi_traffic_gen_0/modelsim/atg_mask.coe'
INFO: [SIM-utils-43] Exported 'C:/work/research/FSOTT/general_station_07_17/axi_i2c_new_sim/axi_iic_0_ex/axi_iic_0_ex.ip_user_files/sim_scripts/axi_traffic_gen_0/modelsim/atg_ctrl.coe'
INFO: [SIM-utils-43] Exported 'C:/work/research/FSOTT/general_station_07_17/axi_i2c_new_sim/axi_iic_0_ex/axi_iic_0_ex.ip_user_files/sim_scripts/axi_traffic_gen_0/modelsim/default_prm.coe'
INFO: [SIM-utils-43] Exported 'C:/work/research/FSOTT/general_station_07_17/axi_i2c_new_sim/axi_iic_0_ex/axi_iic_0_ex.ip_user_files/sim_scripts/axi_traffic_gen_0/modelsim/axi_traffic_gen_0_default_prmram.mem'
INFO: [SIM-utils-43] Exported 'C:/work/research/FSOTT/general_station_07_17/axi_i2c_new_sim/axi_iic_0_ex/axi_iic_0_ex.ip_user_files/sim_scripts/axi_traffic_gen_0/modelsim/default_adr.coe'
INFO: [SIM-utils-43] Exported 'C:/work/research/FSOTT/general_station_07_17/axi_i2c_new_sim/axi_iic_0_ex/axi_iic_0_ex.ip_user_files/sim_scripts/axi_traffic_gen_0/modelsim/axi_traffic_gen_0_default_addrram.mem'
INFO: [SIM-utils-43] Exported 'C:/work/research/FSOTT/general_station_07_17/axi_i2c_new_sim/axi_iic_0_ex/axi_iic_0_ex.ip_user_files/sim_scripts/axi_traffic_gen_0/modelsim/default_mst.coe'
INFO: [SIM-utils-43] Exported 'C:/work/research/FSOTT/general_station_07_17/axi_i2c_new_sim/axi_iic_0_ex/axi_iic_0_ex.ip_user_files/sim_scripts/axi_traffic_gen_0/modelsim/axi_traffic_gen_0_default_mstram.mem'
INFO: [SIM-utils-43] Exported 'C:/work/research/FSOTT/general_station_07_17/axi_i2c_new_sim/axi_iic_0_ex/axi_iic_0_ex.ip_user_files/sim_scripts/axi_traffic_gen_0/modelsim/default_cmd.coe'
INFO: [SIM-utils-43] Exported 'C:/work/research/FSOTT/general_station_07_17/axi_i2c_new_sim/axi_iic_0_ex/axi_iic_0_ex.ip_user_files/sim_scripts/axi_traffic_gen_0/modelsim/axi_traffic_gen_0_default_cmdram.mem'
INFO: [SIM-utils-43] Exported 'C:/work/research/FSOTT/general_station_07_17/axi_i2c_new_sim/axi_iic_0_ex/axi_iic_0_ex.ip_user_files/sim_scripts/axi_traffic_gen_0/modelsim/axi_traffic_gen_0_addr.mem'
INFO: [SIM-utils-43] Exported 'C:/work/research/FSOTT/general_station_07_17/axi_i2c_new_sim/axi_iic_0_ex/axi_iic_0_ex.ip_user_files/sim_scripts/axi_traffic_gen_0/modelsim/axi_traffic_gen_0_data.mem'
INFO: [SIM-utils-43] Exported 'C:/work/research/FSOTT/general_station_07_17/axi_i2c_new_sim/axi_iic_0_ex/axi_iic_0_ex.ip_user_files/sim_scripts/axi_traffic_gen_0/modelsim/axi_traffic_gen_0_ctrl.mem'
INFO: [SIM-utils-43] Exported 'C:/work/research/FSOTT/general_station_07_17/axi_i2c_new_sim/axi_iic_0_ex/axi_iic_0_ex.ip_user_files/sim_scripts/axi_traffic_gen_0/modelsim/axi_traffic_gen_0_mask.mem'
INFO: [exportsim-Tcl-35] Exporting simulation files for "QUESTA" (Mentor Graphics Questa Advanced Simulator)...
INFO: [exportsim-Tcl-29] Script generated: 'C:/work/research/FSOTT/general_station_07_17/axi_i2c_new_sim/axi_iic_0_ex/axi_iic_0_ex.ip_user_files/sim_scripts/axi_traffic_gen_0/questa/axi_traffic_gen_0.sh'
INFO: [SIM-utils-43] Exported 'C:/work/research/FSOTT/general_station_07_17/axi_i2c_new_sim/axi_iic_0_ex/axi_iic_0_ex.ip_user_files/sim_scripts/axi_traffic_gen_0/questa/atg_data.coe'
INFO: [SIM-utils-43] Exported 'C:/work/research/FSOTT/general_station_07_17/axi_i2c_new_sim/axi_iic_0_ex/axi_iic_0_ex.ip_user_files/sim_scripts/axi_traffic_gen_0/questa/atg_addr.coe'
INFO: [SIM-utils-43] Exported 'C:/work/research/FSOTT/general_station_07_17/axi_i2c_new_sim/axi_iic_0_ex/axi_iic_0_ex.ip_user_files/sim_scripts/axi_traffic_gen_0/questa/atg_mask.coe'
INFO: [SIM-utils-43] Exported 'C:/work/research/FSOTT/general_station_07_17/axi_i2c_new_sim/axi_iic_0_ex/axi_iic_0_ex.ip_user_files/sim_scripts/axi_traffic_gen_0/questa/atg_ctrl.coe'
INFO: [SIM-utils-43] Exported 'C:/work/research/FSOTT/general_station_07_17/axi_i2c_new_sim/axi_iic_0_ex/axi_iic_0_ex.ip_user_files/sim_scripts/axi_traffic_gen_0/questa/default_prm.coe'
INFO: [SIM-utils-43] Exported 'C:/work/research/FSOTT/general_station_07_17/axi_i2c_new_sim/axi_iic_0_ex/axi_iic_0_ex.ip_user_files/sim_scripts/axi_traffic_gen_0/questa/axi_traffic_gen_0_default_prmram.mem'
INFO: [SIM-utils-43] Exported 'C:/work/research/FSOTT/general_station_07_17/axi_i2c_new_sim/axi_iic_0_ex/axi_iic_0_ex.ip_user_files/sim_scripts/axi_traffic_gen_0/questa/default_adr.coe'
INFO: [SIM-utils-43] Exported 'C:/work/research/FSOTT/general_station_07_17/axi_i2c_new_sim/axi_iic_0_ex/axi_iic_0_ex.ip_user_files/sim_scripts/axi_traffic_gen_0/questa/axi_traffic_gen_0_default_addrram.mem'
INFO: [SIM-utils-43] Exported 'C:/work/research/FSOTT/general_station_07_17/axi_i2c_new_sim/axi_iic_0_ex/axi_iic_0_ex.ip_user_files/sim_scripts/axi_traffic_gen_0/questa/default_mst.coe'
INFO: [SIM-utils-43] Exported 'C:/work/research/FSOTT/general_station_07_17/axi_i2c_new_sim/axi_iic_0_ex/axi_iic_0_ex.ip_user_files/sim_scripts/axi_traffic_gen_0/questa/axi_traffic_gen_0_default_mstram.mem'
INFO: [SIM-utils-43] Exported 'C:/work/research/FSOTT/general_station_07_17/axi_i2c_new_sim/axi_iic_0_ex/axi_iic_0_ex.ip_user_files/sim_scripts/axi_traffic_gen_0/questa/default_cmd.coe'
INFO: [SIM-utils-43] Exported 'C:/work/research/FSOTT/general_station_07_17/axi_i2c_new_sim/axi_iic_0_ex/axi_iic_0_ex.ip_user_files/sim_scripts/axi_traffic_gen_0/questa/axi_traffic_gen_0_default_cmdram.mem'
INFO: [SIM-utils-43] Exported 'C:/work/research/FSOTT/general_station_07_17/axi_i2c_new_sim/axi_iic_0_ex/axi_iic_0_ex.ip_user_files/sim_scripts/axi_traffic_gen_0/questa/axi_traffic_gen_0_addr.mem'
INFO: [SIM-utils-43] Exported 'C:/work/research/FSOTT/general_station_07_17/axi_i2c_new_sim/axi_iic_0_ex/axi_iic_0_ex.ip_user_files/sim_scripts/axi_traffic_gen_0/questa/axi_traffic_gen_0_data.mem'
INFO: [SIM-utils-43] Exported 'C:/work/research/FSOTT/general_station_07_17/axi_i2c_new_sim/axi_iic_0_ex/axi_iic_0_ex.ip_user_files/sim_scripts/axi_traffic_gen_0/questa/axi_traffic_gen_0_ctrl.mem'
INFO: [SIM-utils-43] Exported 'C:/work/research/FSOTT/general_station_07_17/axi_i2c_new_sim/axi_iic_0_ex/axi_iic_0_ex.ip_user_files/sim_scripts/axi_traffic_gen_0/questa/axi_traffic_gen_0_mask.mem'
INFO: [exportsim-Tcl-35] Exporting simulation files for "IES" (Cadence Incisive Enterprise Simulator)...
INFO: [exportsim-Tcl-29] Script generated: 'C:/work/research/FSOTT/general_station_07_17/axi_i2c_new_sim/axi_iic_0_ex/axi_iic_0_ex.ip_user_files/sim_scripts/axi_traffic_gen_0/ies/axi_traffic_gen_0.sh'
INFO: [SIM-utils-43] Exported 'C:/work/research/FSOTT/general_station_07_17/axi_i2c_new_sim/axi_iic_0_ex/axi_iic_0_ex.ip_user_files/sim_scripts/axi_traffic_gen_0/ies/atg_data.coe'
INFO: [SIM-utils-43] Exported 'C:/work/research/FSOTT/general_station_07_17/axi_i2c_new_sim/axi_iic_0_ex/axi_iic_0_ex.ip_user_files/sim_scripts/axi_traffic_gen_0/ies/atg_addr.coe'
INFO: [SIM-utils-43] Exported 'C:/work/research/FSOTT/general_station_07_17/axi_i2c_new_sim/axi_iic_0_ex/axi_iic_0_ex.ip_user_files/sim_scripts/axi_traffic_gen_0/ies/atg_mask.coe'
INFO: [SIM-utils-43] Exported 'C:/work/research/FSOTT/general_station_07_17/axi_i2c_new_sim/axi_iic_0_ex/axi_iic_0_ex.ip_user_files/sim_scripts/axi_traffic_gen_0/ies/atg_ctrl.coe'
INFO: [SIM-utils-43] Exported 'C:/work/research/FSOTT/general_station_07_17/axi_i2c_new_sim/axi_iic_0_ex/axi_iic_0_ex.ip_user_files/sim_scripts/axi_traffic_gen_0/ies/default_prm.coe'
INFO: [SIM-utils-43] Exported 'C:/work/research/FSOTT/general_station_07_17/axi_i2c_new_sim/axi_iic_0_ex/axi_iic_0_ex.ip_user_files/sim_scripts/axi_traffic_gen_0/ies/axi_traffic_gen_0_default_prmram.mem'
INFO: [SIM-utils-43] Exported 'C:/work/research/FSOTT/general_station_07_17/axi_i2c_new_sim/axi_iic_0_ex/axi_iic_0_ex.ip_user_files/sim_scripts/axi_traffic_gen_0/ies/default_adr.coe'
INFO: [SIM-utils-43] Exported 'C:/work/research/FSOTT/general_station_07_17/axi_i2c_new_sim/axi_iic_0_ex/axi_iic_0_ex.ip_user_files/sim_scripts/axi_traffic_gen_0/ies/axi_traffic_gen_0_default_addrram.mem'
INFO: [SIM-utils-43] Exported 'C:/work/research/FSOTT/general_station_07_17/axi_i2c_new_sim/axi_iic_0_ex/axi_iic_0_ex.ip_user_files/sim_scripts/axi_traffic_gen_0/ies/default_mst.coe'
INFO: [SIM-utils-43] Exported 'C:/work/research/FSOTT/general_station_07_17/axi_i2c_new_sim/axi_iic_0_ex/axi_iic_0_ex.ip_user_files/sim_scripts/axi_traffic_gen_0/ies/axi_traffic_gen_0_default_mstram.mem'
INFO: [SIM-utils-43] Exported 'C:/work/research/FSOTT/general_station_07_17/axi_i2c_new_sim/axi_iic_0_ex/axi_iic_0_ex.ip_user_files/sim_scripts/axi_traffic_gen_0/ies/default_cmd.coe'
INFO: [SIM-utils-43] Exported 'C:/work/research/FSOTT/general_station_07_17/axi_i2c_new_sim/axi_iic_0_ex/axi_iic_0_ex.ip_user_files/sim_scripts/axi_traffic_gen_0/ies/axi_traffic_gen_0_default_cmdram.mem'
INFO: [SIM-utils-43] Exported 'C:/work/research/FSOTT/general_station_07_17/axi_i2c_new_sim/axi_iic_0_ex/axi_iic_0_ex.ip_user_files/sim_scripts/axi_traffic_gen_0/ies/axi_traffic_gen_0_addr.mem'
INFO: [SIM-utils-43] Exported 'C:/work/research/FSOTT/general_station_07_17/axi_i2c_new_sim/axi_iic_0_ex/axi_iic_0_ex.ip_user_files/sim_scripts/axi_traffic_gen_0/ies/axi_traffic_gen_0_data.mem'
INFO: [SIM-utils-43] Exported 'C:/work/research/FSOTT/general_station_07_17/axi_i2c_new_sim/axi_iic_0_ex/axi_iic_0_ex.ip_user_files/sim_scripts/axi_traffic_gen_0/ies/axi_traffic_gen_0_ctrl.mem'
INFO: [SIM-utils-43] Exported 'C:/work/research/FSOTT/general_station_07_17/axi_i2c_new_sim/axi_iic_0_ex/axi_iic_0_ex.ip_user_files/sim_scripts/axi_traffic_gen_0/ies/axi_traffic_gen_0_mask.mem'
INFO: [exportsim-Tcl-35] Exporting simulation files for "XCELIUM" (Cadence Xcelium Parallel Simulator)...
INFO: [exportsim-Tcl-29] Script generated: 'C:/work/research/FSOTT/general_station_07_17/axi_i2c_new_sim/axi_iic_0_ex/axi_iic_0_ex.ip_user_files/sim_scripts/axi_traffic_gen_0/xcelium/axi_traffic_gen_0.sh'
INFO: [SIM-utils-43] Exported 'C:/work/research/FSOTT/general_station_07_17/axi_i2c_new_sim/axi_iic_0_ex/axi_iic_0_ex.ip_user_files/sim_scripts/axi_traffic_gen_0/xcelium/atg_data.coe'
INFO: [SIM-utils-43] Exported 'C:/work/research/FSOTT/general_station_07_17/axi_i2c_new_sim/axi_iic_0_ex/axi_iic_0_ex.ip_user_files/sim_scripts/axi_traffic_gen_0/xcelium/atg_addr.coe'
INFO: [SIM-utils-43] Exported 'C:/work/research/FSOTT/general_station_07_17/axi_i2c_new_sim/axi_iic_0_ex/axi_iic_0_ex.ip_user_files/sim_scripts/axi_traffic_gen_0/xcelium/atg_mask.coe'
INFO: [SIM-utils-43] Exported 'C:/work/research/FSOTT/general_station_07_17/axi_i2c_new_sim/axi_iic_0_ex/axi_iic_0_ex.ip_user_files/sim_scripts/axi_traffic_gen_0/xcelium/atg_ctrl.coe'
INFO: [SIM-utils-43] Exported 'C:/work/research/FSOTT/general_station_07_17/axi_i2c_new_sim/axi_iic_0_ex/axi_iic_0_ex.ip_user_files/sim_scripts/axi_traffic_gen_0/xcelium/default_prm.coe'
INFO: [SIM-utils-43] Exported 'C:/work/research/FSOTT/general_station_07_17/axi_i2c_new_sim/axi_iic_0_ex/axi_iic_0_ex.ip_user_files/sim_scripts/axi_traffic_gen_0/xcelium/axi_traffic_gen_0_default_prmram.mem'
INFO: [SIM-utils-43] Exported 'C:/work/research/FSOTT/general_station_07_17/axi_i2c_new_sim/axi_iic_0_ex/axi_iic_0_ex.ip_user_files/sim_scripts/axi_traffic_gen_0/xcelium/default_adr.coe'
INFO: [SIM-utils-43] Exported 'C:/work/research/FSOTT/general_station_07_17/axi_i2c_new_sim/axi_iic_0_ex/axi_iic_0_ex.ip_user_files/sim_scripts/axi_traffic_gen_0/xcelium/axi_traffic_gen_0_default_addrram.mem'
INFO: [SIM-utils-43] Exported 'C:/work/research/FSOTT/general_station_07_17/axi_i2c_new_sim/axi_iic_0_ex/axi_iic_0_ex.ip_user_files/sim_scripts/axi_traffic_gen_0/xcelium/default_mst.coe'
INFO: [SIM-utils-43] Exported 'C:/work/research/FSOTT/general_station_07_17/axi_i2c_new_sim/axi_iic_0_ex/axi_iic_0_ex.ip_user_files/sim_scripts/axi_traffic_gen_0/xcelium/axi_traffic_gen_0_default_mstram.mem'
INFO: [SIM-utils-43] Exported 'C:/work/research/FSOTT/general_station_07_17/axi_i2c_new_sim/axi_iic_0_ex/axi_iic_0_ex.ip_user_files/sim_scripts/axi_traffic_gen_0/xcelium/default_cmd.coe'
INFO: [SIM-utils-43] Exported 'C:/work/research/FSOTT/general_station_07_17/axi_i2c_new_sim/axi_iic_0_ex/axi_iic_0_ex.ip_user_files/sim_scripts/axi_traffic_gen_0/xcelium/axi_traffic_gen_0_default_cmdram.mem'
INFO: [SIM-utils-43] Exported 'C:/work/research/FSOTT/general_station_07_17/axi_i2c_new_sim/axi_iic_0_ex/axi_iic_0_ex.ip_user_files/sim_scripts/axi_traffic_gen_0/xcelium/axi_traffic_gen_0_addr.mem'
INFO: [SIM-utils-43] Exported 'C:/work/research/FSOTT/general_station_07_17/axi_i2c_new_sim/axi_iic_0_ex/axi_iic_0_ex.ip_user_files/sim_scripts/axi_traffic_gen_0/xcelium/axi_traffic_gen_0_data.mem'
INFO: [SIM-utils-43] Exported 'C:/work/research/FSOTT/general_station_07_17/axi_i2c_new_sim/axi_iic_0_ex/axi_iic_0_ex.ip_user_files/sim_scripts/axi_traffic_gen_0/xcelium/axi_traffic_gen_0_ctrl.mem'
INFO: [SIM-utils-43] Exported 'C:/work/research/FSOTT/general_station_07_17/axi_i2c_new_sim/axi_iic_0_ex/axi_iic_0_ex.ip_user_files/sim_scripts/axi_traffic_gen_0/xcelium/axi_traffic_gen_0_mask.mem'
INFO: [exportsim-Tcl-35] Exporting simulation files for "VCS" (Synopsys Verilog Compiler Simulator)...
INFO: [exportsim-Tcl-29] Script generated: 'C:/work/research/FSOTT/general_station_07_17/axi_i2c_new_sim/axi_iic_0_ex/axi_iic_0_ex.ip_user_files/sim_scripts/axi_traffic_gen_0/vcs/axi_traffic_gen_0.sh'
INFO: [SIM-utils-43] Exported 'C:/work/research/FSOTT/general_station_07_17/axi_i2c_new_sim/axi_iic_0_ex/axi_iic_0_ex.ip_user_files/sim_scripts/axi_traffic_gen_0/vcs/atg_data.coe'
INFO: [SIM-utils-43] Exported 'C:/work/research/FSOTT/general_station_07_17/axi_i2c_new_sim/axi_iic_0_ex/axi_iic_0_ex.ip_user_files/sim_scripts/axi_traffic_gen_0/vcs/atg_addr.coe'
INFO: [SIM-utils-43] Exported 'C:/work/research/FSOTT/general_station_07_17/axi_i2c_new_sim/axi_iic_0_ex/axi_iic_0_ex.ip_user_files/sim_scripts/axi_traffic_gen_0/vcs/atg_mask.coe'
INFO: [SIM-utils-43] Exported 'C:/work/research/FSOTT/general_station_07_17/axi_i2c_new_sim/axi_iic_0_ex/axi_iic_0_ex.ip_user_files/sim_scripts/axi_traffic_gen_0/vcs/atg_ctrl.coe'
INFO: [SIM-utils-43] Exported 'C:/work/research/FSOTT/general_station_07_17/axi_i2c_new_sim/axi_iic_0_ex/axi_iic_0_ex.ip_user_files/sim_scripts/axi_traffic_gen_0/vcs/default_prm.coe'
INFO: [SIM-utils-43] Exported 'C:/work/research/FSOTT/general_station_07_17/axi_i2c_new_sim/axi_iic_0_ex/axi_iic_0_ex.ip_user_files/sim_scripts/axi_traffic_gen_0/vcs/axi_traffic_gen_0_default_prmram.mem'
INFO: [SIM-utils-43] Exported 'C:/work/research/FSOTT/general_station_07_17/axi_i2c_new_sim/axi_iic_0_ex/axi_iic_0_ex.ip_user_files/sim_scripts/axi_traffic_gen_0/vcs/default_adr.coe'
INFO: [SIM-utils-43] Exported 'C:/work/research/FSOTT/general_station_07_17/axi_i2c_new_sim/axi_iic_0_ex/axi_iic_0_ex.ip_user_files/sim_scripts/axi_traffic_gen_0/vcs/axi_traffic_gen_0_default_addrram.mem'
INFO: [SIM-utils-43] Exported 'C:/work/research/FSOTT/general_station_07_17/axi_i2c_new_sim/axi_iic_0_ex/axi_iic_0_ex.ip_user_files/sim_scripts/axi_traffic_gen_0/vcs/default_mst.coe'
INFO: [SIM-utils-43] Exported 'C:/work/research/FSOTT/general_station_07_17/axi_i2c_new_sim/axi_iic_0_ex/axi_iic_0_ex.ip_user_files/sim_scripts/axi_traffic_gen_0/vcs/axi_traffic_gen_0_default_mstram.mem'
INFO: [SIM-utils-43] Exported 'C:/work/research/FSOTT/general_station_07_17/axi_i2c_new_sim/axi_iic_0_ex/axi_iic_0_ex.ip_user_files/sim_scripts/axi_traffic_gen_0/vcs/default_cmd.coe'
INFO: [SIM-utils-43] Exported 'C:/work/research/FSOTT/general_station_07_17/axi_i2c_new_sim/axi_iic_0_ex/axi_iic_0_ex.ip_user_files/sim_scripts/axi_traffic_gen_0/vcs/axi_traffic_gen_0_default_cmdram.mem'
INFO: [SIM-utils-43] Exported 'C:/work/research/FSOTT/general_station_07_17/axi_i2c_new_sim/axi_iic_0_ex/axi_iic_0_ex.ip_user_files/sim_scripts/axi_traffic_gen_0/vcs/axi_traffic_gen_0_addr.mem'
INFO: [SIM-utils-43] Exported 'C:/work/research/FSOTT/general_station_07_17/axi_i2c_new_sim/axi_iic_0_ex/axi_iic_0_ex.ip_user_files/sim_scripts/axi_traffic_gen_0/vcs/axi_traffic_gen_0_data.mem'
INFO: [SIM-utils-43] Exported 'C:/work/research/FSOTT/general_station_07_17/axi_i2c_new_sim/axi_iic_0_ex/axi_iic_0_ex.ip_user_files/sim_scripts/axi_traffic_gen_0/vcs/axi_traffic_gen_0_ctrl.mem'
INFO: [SIM-utils-43] Exported 'C:/work/research/FSOTT/general_station_07_17/axi_i2c_new_sim/axi_iic_0_ex/axi_iic_0_ex.ip_user_files/sim_scripts/axi_traffic_gen_0/vcs/axi_traffic_gen_0_mask.mem'
INFO: [exportsim-Tcl-35] Exporting simulation files for "RIVIERA" (Aldec Riviera-PRO Simulator)...
INFO: [exportsim-Tcl-29] Script generated: 'C:/work/research/FSOTT/general_station_07_17/axi_i2c_new_sim/axi_iic_0_ex/axi_iic_0_ex.ip_user_files/sim_scripts/axi_traffic_gen_0/riviera/axi_traffic_gen_0.sh'
INFO: [SIM-utils-43] Exported 'C:/work/research/FSOTT/general_station_07_17/axi_i2c_new_sim/axi_iic_0_ex/axi_iic_0_ex.ip_user_files/sim_scripts/axi_traffic_gen_0/riviera/atg_data.coe'
INFO: [SIM-utils-43] Exported 'C:/work/research/FSOTT/general_station_07_17/axi_i2c_new_sim/axi_iic_0_ex/axi_iic_0_ex.ip_user_files/sim_scripts/axi_traffic_gen_0/riviera/atg_addr.coe'
INFO: [SIM-utils-43] Exported 'C:/work/research/FSOTT/general_station_07_17/axi_i2c_new_sim/axi_iic_0_ex/axi_iic_0_ex.ip_user_files/sim_scripts/axi_traffic_gen_0/riviera/atg_mask.coe'
INFO: [SIM-utils-43] Exported 'C:/work/research/FSOTT/general_station_07_17/axi_i2c_new_sim/axi_iic_0_ex/axi_iic_0_ex.ip_user_files/sim_scripts/axi_traffic_gen_0/riviera/atg_ctrl.coe'
INFO: [Common 17-14] Message 'SIM-utils 43' appears 100 times and further instances of the messages will be disabled. Use the Tcl command set_msg_config to change the current settings.
INFO: [exportsim-Tcl-35] Exporting simulation files for "ACTIVEHDL" (Aldec Active-HDL Simulator)...
INFO: [exportsim-Tcl-29] Script generated: 'C:/work/research/FSOTT/general_station_07_17/axi_i2c_new_sim/axi_iic_0_ex/axi_iic_0_ex.ip_user_files/sim_scripts/axi_traffic_gen_0/activehdl/axi_traffic_gen_0.sh'
INFO: [SIM-utils-72] Using boost library from 'C:/Xilinx/Vivado/2021.1/tps/boost_1_72_0'
INFO: [exportsim-Tcl-35] Exporting simulation files for "XSIM" (Xilinx Vivado Simulator)...
INFO: [exportsim-Tcl-29] Script generated: 'C:/work/research/FSOTT/general_station_07_17/axi_i2c_new_sim/axi_iic_0_ex/axi_iic_0_ex.ip_user_files/sim_scripts/clk_wiz_0/xsim/clk_wiz_0.sh'
INFO: [exportsim-Tcl-35] Exporting simulation files for "MODELSIM" (Mentor Graphics ModelSim Simulator)...
INFO: [exportsim-Tcl-29] Script generated: 'C:/work/research/FSOTT/general_station_07_17/axi_i2c_new_sim/axi_iic_0_ex/axi_iic_0_ex.ip_user_files/sim_scripts/clk_wiz_0/modelsim/clk_wiz_0.sh'
INFO: [exportsim-Tcl-35] Exporting simulation files for "QUESTA" (Mentor Graphics Questa Advanced Simulator)...
INFO: [exportsim-Tcl-29] Script generated: 'C:/work/research/FSOTT/general_station_07_17/axi_i2c_new_sim/axi_iic_0_ex/axi_iic_0_ex.ip_user_files/sim_scripts/clk_wiz_0/questa/clk_wiz_0.sh'
INFO: [exportsim-Tcl-35] Exporting simulation files for "IES" (Cadence Incisive Enterprise Simulator)...
INFO: [exportsim-Tcl-29] Script generated: 'C:/work/research/FSOTT/general_station_07_17/axi_i2c_new_sim/axi_iic_0_ex/axi_iic_0_ex.ip_user_files/sim_scripts/clk_wiz_0/ies/clk_wiz_0.sh'
INFO: [exportsim-Tcl-35] Exporting simulation files for "XCELIUM" (Cadence Xcelium Parallel Simulator)...
INFO: [exportsim-Tcl-29] Script generated: 'C:/work/research/FSOTT/general_station_07_17/axi_i2c_new_sim/axi_iic_0_ex/axi_iic_0_ex.ip_user_files/sim_scripts/clk_wiz_0/xcelium/clk_wiz_0.sh'
INFO: [exportsim-Tcl-35] Exporting simulation files for "VCS" (Synopsys Verilog Compiler Simulator)...
INFO: [exportsim-Tcl-29] Script generated: 'C:/work/research/FSOTT/general_station_07_17/axi_i2c_new_sim/axi_iic_0_ex/axi_iic_0_ex.ip_user_files/sim_scripts/clk_wiz_0/vcs/clk_wiz_0.sh'
INFO: [exportsim-Tcl-35] Exporting simulation files for "RIVIERA" (Aldec Riviera-PRO Simulator)...
INFO: [exportsim-Tcl-29] Script generated: 'C:/work/research/FSOTT/general_station_07_17/axi_i2c_new_sim/axi_iic_0_ex/axi_iic_0_ex.ip_user_files/sim_scripts/clk_wiz_0/riviera/clk_wiz_0.sh'
INFO: [exportsim-Tcl-35] Exporting simulation files for "ACTIVEHDL" (Aldec Active-HDL Simulator)...
INFO: [exportsim-Tcl-29] Script generated: 'C:/work/research/FSOTT/general_station_07_17/axi_i2c_new_sim/axi_iic_0_ex/axi_iic_0_ex.ip_user_files/sim_scripts/clk_wiz_0/activehdl/clk_wiz_0.sh'
INFO: [open_example_project] Open Example Project completed
update_compile_order -fileset sources_1
launch_simulation
Command: launch_simulation 
INFO: [Vivado 12-12493] Simulation top is 'axi_iic_0_exdes_tb'
INFO: [Vivado 12-5698] Checking validity of IPs in the design for the 'XSim' simulator...
INFO: [Runs 36-567] Checking/generating simulation output products for IPs/BDs (if any)...
INFO: [Vivado 12-5682] Launching behavioral simulation in 'c:/work/research/FSOTT/general_station_07_17/axi_i2c_new_sim/axi_iic_0_ex/axi_iic_0_ex.sim/sim_1/behav/xsim'
INFO: [Vivado 12-4795] Using compiled simulation libraries for IPs
INFO: [SIM-utils-51] Simulation object is 'sim_1'
INFO: [SIM-utils-72] Using boost library from 'C:/Xilinx/Vivado/2021.1/tps/boost_1_72_0'
INFO: [USF-XSim-7] Finding pre-compiled libraries...
INFO: [USF-XSim-11] File 'C:/Xilinx/Vivado/2021.1/data/xsim/xsim.ini' copied to run dir:'c:/work/research/FSOTT/general_station_07_17/axi_i2c_new_sim/axi_iic_0_ex/axi_iic_0_ex.sim/sim_1/behav/xsim'
INFO: [SIM-utils-54] Inspecting design source files for 'axi_iic_0_exdes_tb' in fileset 'sim_1'...
INFO: [SIM-utils-43] Exported 'c:/work/research/FSOTT/general_station_07_17/axi_i2c_new_sim/axi_iic_0_ex/axi_iic_0_ex.sim/sim_1/behav/xsim/atg_data.coe'
INFO: [SIM-utils-43] Exported 'c:/work/research/FSOTT/general_station_07_17/axi_i2c_new_sim/axi_iic_0_ex/axi_iic_0_ex.sim/sim_1/behav/xsim/atg_addr.coe'
INFO: [SIM-utils-43] Exported 'c:/work/research/FSOTT/general_station_07_17/axi_i2c_new_sim/axi_iic_0_ex/axi_iic_0_ex.sim/sim_1/behav/xsim/atg_mask.coe'
INFO: [SIM-utils-43] Exported 'c:/work/research/FSOTT/general_station_07_17/axi_i2c_new_sim/axi_iic_0_ex/axi_iic_0_ex.sim/sim_1/behav/xsim/atg_ctrl.coe'
INFO: [SIM-utils-43] Exported 'c:/work/research/FSOTT/general_station_07_17/axi_i2c_new_sim/axi_iic_0_ex/axi_iic_0_ex.sim/sim_1/behav/xsim/default_prm.coe'
INFO: [SIM-utils-43] Exported 'c:/work/research/FSOTT/general_station_07_17/axi_i2c_new_sim/axi_iic_0_ex/axi_iic_0_ex.sim/sim_1/behav/xsim/axi_traffic_gen_0_default_prmram.mem'
INFO: [SIM-utils-43] Exported 'c:/work/research/FSOTT/general_station_07_17/axi_i2c_new_sim/axi_iic_0_ex/axi_iic_0_ex.sim/sim_1/behav/xsim/default_adr.coe'
INFO: [SIM-utils-43] Exported 'c:/work/research/FSOTT/general_station_07_17/axi_i2c_new_sim/axi_iic_0_ex/axi_iic_0_ex.sim/sim_1/behav/xsim/axi_traffic_gen_0_default_addrram.mem'
INFO: [SIM-utils-43] Exported 'c:/work/research/FSOTT/general_station_07_17/axi_i2c_new_sim/axi_iic_0_ex/axi_iic_0_ex.sim/sim_1/behav/xsim/default_mst.coe'
INFO: [SIM-utils-43] Exported 'c:/work/research/FSOTT/general_station_07_17/axi_i2c_new_sim/axi_iic_0_ex/axi_iic_0_ex.sim/sim_1/behav/xsim/axi_traffic_gen_0_default_mstram.mem'
INFO: [SIM-utils-43] Exported 'c:/work/research/FSOTT/general_station_07_17/axi_i2c_new_sim/axi_iic_0_ex/axi_iic_0_ex.sim/sim_1/behav/xsim/default_cmd.coe'
INFO: [SIM-utils-43] Exported 'c:/work/research/FSOTT/general_station_07_17/axi_i2c_new_sim/axi_iic_0_ex/axi_iic_0_ex.sim/sim_1/behav/xsim/axi_traffic_gen_0_default_cmdram.mem'
INFO: [SIM-utils-43] Exported 'c:/work/research/FSOTT/general_station_07_17/axi_i2c_new_sim/axi_iic_0_ex/axi_iic_0_ex.sim/sim_1/behav/xsim/axi_traffic_gen_0_addr.mem'
INFO: [SIM-utils-43] Exported 'c:/work/research/FSOTT/general_station_07_17/axi_i2c_new_sim/axi_iic_0_ex/axi_iic_0_ex.sim/sim_1/behav/xsim/axi_traffic_gen_0_data.mem'
INFO: [SIM-utils-43] Exported 'c:/work/research/FSOTT/general_station_07_17/axi_i2c_new_sim/axi_iic_0_ex/axi_iic_0_ex.sim/sim_1/behav/xsim/axi_traffic_gen_0_ctrl.mem'
INFO: [SIM-utils-43] Exported 'c:/work/research/FSOTT/general_station_07_17/axi_i2c_new_sim/axi_iic_0_ex/axi_iic_0_ex.sim/sim_1/behav/xsim/axi_traffic_gen_0_mask.mem'
INFO: [USF-XSim-97] Finding global include files...
INFO: [USF-XSim-98] Fetching design files from 'sim_1'...
INFO: [USF-XSim-2] XSim::Compile design
INFO: [USF-XSim-61] Executing 'COMPILE and ANALYZE' step in 'c:/work/research/FSOTT/general_station_07_17/axi_i2c_new_sim/axi_iic_0_ex/axi_iic_0_ex.sim/sim_1/behav/xsim'
"xvlog --incr --relax -prj axi_iic_0_exdes_tb_vlog.prj"
INFO: [VRFC 10-2263] Analyzing Verilog file "c:/work/research/FSOTT/general_station_07_17/axi_i2c_new_sim/axi_iic_0_ex/axi_iic_0_ex.gen/sources_1/ip/axi_traffic_gen_0/sim/axi_traffic_gen_0.v" into library xil_defaultlib
INFO: [VRFC 10-311] analyzing module axi_traffic_gen_0
INFO: [VRFC 10-2263] Analyzing Verilog file "c:/work/research/FSOTT/general_station_07_17/axi_i2c_new_sim/axi_iic_0_ex/axi_iic_0_ex.gen/sources_1/ip/clk_wiz_0/clk_wiz_0_clk_wiz.v" into library xil_defaultlib
INFO: [VRFC 10-311] analyzing module clk_wiz_0_clk_wiz
INFO: [VRFC 10-2263] Analyzing Verilog file "c:/work/research/FSOTT/general_station_07_17/axi_i2c_new_sim/axi_iic_0_ex/axi_iic_0_ex.gen/sources_1/ip/clk_wiz_0/clk_wiz_0.v" into library xil_defaultlib
INFO: [VRFC 10-311] analyzing module clk_wiz_0
INFO: [VRFC 10-2263] Analyzing Verilog file "c:/work/research/FSOTT/general_station_07_17/axi_i2c_new_sim/axi_iic_0_ex/axi_iic_0_ex.sim/sim_1/behav/xsim/glbl.v" into library xil_defaultlib
INFO: [VRFC 10-311] analyzing module glbl
"xvhdl --incr --relax -prj axi_iic_0_exdes_tb_vhdl.prj"
INFO: [VRFC 10-163] Analyzing VHDL file "c:/work/research/FSOTT/general_station_07_17/axi_i2c_new_sim/axi_iic_0_ex/axi_iic_0_ex.gen/sources_1/ip/axi_iic_0/sim/axi_iic_0.vhd" into library xil_defaultlib
INFO: [VRFC 10-3107] analyzing entity 'axi_iic_0'
INFO: [VRFC 10-163] Analyzing VHDL file "c:/work/research/FSOTT/general_station_07_17/axi_i2c_new_sim/axi_iic_0_ex/imports/axi_iic_0_exdes.vhd" into library xil_defaultlib
INFO: [VRFC 10-3107] analyzing entity 'axi_iic_0_exdes'
INFO: [VRFC 10-163] Analyzing VHDL file "c:/work/research/FSOTT/general_station_07_17/axi_i2c_new_sim/axi_iic_0_ex/imports/clock_gen.vhd" into library xil_defaultlib
INFO: [VRFC 10-3107] analyzing entity 'clock_gen'
INFO: [VRFC 10-163] Analyzing VHDL file "c:/work/research/FSOTT/general_station_07_17/axi_i2c_new_sim/axi_iic_0_ex/imports/axi_iic_0_exdes_tb.vhd" into library xil_defaultlib
INFO: [VRFC 10-3107] analyzing entity 'axi_iic_0_exdes_tb'
INFO: [USF-XSim-69] 'compile' step finished in '3' seconds
INFO: [USF-XSim-3] XSim::Elaborate design
INFO: [USF-XSim-61] Executing 'ELABORATE' step in 'c:/work/research/FSOTT/general_station_07_17/axi_i2c_new_sim/axi_iic_0_ex/axi_iic_0_ex.sim/sim_1/behav/xsim'
"xelab -wto 8b116b0f2b204b4fb3146b9f7187529e --incr --debug typical --relax --mt 2 -L xil_defaultlib -L lib_pkg_v1_0_2 -L lib_cdc_v1_0_2 -L axi_lite_ipif_v3_0_4 -L interrupt_control_v3_1_4 -L axi_iic_v2_1_0 -L dist_mem_gen_v8_0_13 -L blk_mem_gen_v8_4_4 -L lib_bmg_v1_0_13 -L axi_traffic_gen_v3_0_10 -L unisims_ver -L unimacro_ver -L secureip -L xpm --snapshot axi_iic_0_exdes_tb_behav xil_defaultlib.axi_iic_0_exdes_tb xil_defaultlib.glbl -log elaborate.log"
Vivado Simulator v2021.1
Copyright 1986-1999, 2001-2021 Xilinx, Inc. All Rights Reserved.
Running: C:/Xilinx/Vivado/2021.1/bin/unwrapped/win64.o/xelab.exe -wto 8b116b0f2b204b4fb3146b9f7187529e --incr --debug typical --relax --mt 2 -L xil_defaultlib -L lib_pkg_v1_0_2 -L lib_cdc_v1_0_2 -L axi_lite_ipif_v3_0_4 -L interrupt_control_v3_1_4 -L axi_iic_v2_1_0 -L dist_mem_gen_v8_0_13 -L blk_mem_gen_v8_4_4 -L lib_bmg_v1_0_13 -L axi_traffic_gen_v3_0_10 -L unisims_ver -L unimacro_ver -L secureip -L xpm --snapshot axi_iic_0_exdes_tb_behav xil_defaultlib.axi_iic_0_exdes_tb xil_defaultlib.glbl -log elaborate.log 
Using 2 slave threads.
Starting static elaboration
Pass Through NonSizing Optimizer
WARNING: [VRFC 10-3091] actual bit length 1 differs from formal bit length 4 for port 'wea' [/wrk/ci/prod/2021.1/sw/continuous/3932/packages/customer/vivado/data/ip/xilinx/axi_traffic_gen_v3_0/hdl/axi_traffic_gen_v3_0_rfs.v:13850]
Completed static elaboration
Starting simulation data flow analysis
Completed simulation data flow analysis
Time Resolution for simulation is 1ps
Compiling package std.standard
Compiling package std.textio
Compiling package ieee.std_logic_1164
Compiling package ieee.numeric_std
Compiling package synopsys.attributes
Compiling package ieee.std_logic_misc
Compiling package ieee.std_logic_textio
Compiling package unisim.vcomponents
Compiling package ieee.std_logic_arith
Compiling package ieee.std_logic_unsigned
Compiling package ieee.vital_timing
Compiling package ieee.vital_primitives
Compiling package unisim.vpkg
Compiling package axi_iic_v2_1_0.iic_pkg
Compiling package axi_lite_ipif_v3_0_4.ipif_pkg
Compiling package vl.vl_types
Compiling module xil_defaultlib.glbl
Compiling module unisims_ver.IBUFDS
Compiling module unisims_ver.MMCME2_ADV(CLKFBOUT_MULT_F=9.125...
Compiling module unisims_ver.BUFG
Compiling module xil_defaultlib.clk_wiz_0_clk_wiz
Compiling module xil_defaultlib.clk_wiz_0
Compiling architecture impl of entity xil_defaultlib.clock_gen [clock_gen_default]
Compiling module axi_traffic_gen_v3_0_10.axi_traffic_gen_v3_0_10_asynch_r...
Compiling architecture fdre_v of entity unisim.FDRE [fdre_default]
Compiling architecture fdr_v of entity unisim.FDR [fdr_default]
Compiling architecture implementation of entity lib_cdc_v1_0_2.cdc_sync [\cdc_sync(c_vector_width=1,c_mtb...]
Compiling module xpm.xpm_memory_base(MEMORY_TYPE=0,ME...
Compiling module xpm.xpm_memory_spram(MEMORY_SIZE=102...
Compiling module axi_traffic_gen_v3_0_10.axi_traffic_gen_v3_0_10_systemin...
Compiling module xpm.xpm_memory_base(MEMORY_TYPE=0,ME...
Compiling module xpm.xpm_memory_spram(MEMORY_SIZE=102...
Compiling module axi_traffic_gen_v3_0_10.axi_traffic_gen_v3_0_10_systemin...
Compiling module xpm.xpm_memory_base(MEMORY_TYPE=0,ME...
Compiling module xpm.xpm_memory_spram(MEMORY_SIZE=102...
Compiling module axi_traffic_gen_v3_0_10.axi_traffic_gen_v3_0_10_systemin...
Compiling module xpm.xpm_memory_base(MEMORY_TYPE=0,ME...
Compiling module xpm.xpm_memory_spram(MEMORY_SIZE=102...
Compiling module axi_traffic_gen_v3_0_10.axi_traffic_gen_v3_0_10_systemin...
Compiling module axi_traffic_gen_v3_0_10.axi_traffic_gen_v3_0_10_static_c...
Compiling module axi_traffic_gen_v3_0_10.axi_traffic_gen_v3_0_10_systemin...
Compiling module axi_traffic_gen_v3_0_10.axi_traffic_gen_v3_0_10_systemin...
Compiling module axi_traffic_gen_v3_0_10.axi_traffic_gen_v3_0_10_top(C_FA...
Compiling module xil_defaultlib.axi_traffic_gen_0
Compiling architecture imp of entity axi_lite_ipif_v3_0_4.pselect_f [\pselect_f(c_ab=3,c_aw=9,c_bar="...]
Compiling architecture imp of entity axi_lite_ipif_v3_0_4.pselect_f [\pselect_f(c_ab=4,c_aw=4,c_bar="...]
Compiling architecture imp of entity axi_lite_ipif_v3_0_4.pselect_f [\pselect_f(c_ab=4,c_aw=4,c_bar="...]
Compiling architecture imp of entity axi_lite_ipif_v3_0_4.pselect_f [\pselect_f(c_ab=4,c_aw=4,c_bar="...]
Compiling architecture imp of entity axi_lite_ipif_v3_0_4.pselect_f [\pselect_f(c_ab=4,c_aw=4,c_bar="...]
Compiling architecture imp of entity axi_lite_ipif_v3_0_4.pselect_f [\pselect_f(c_ab=4,c_aw=4,c_bar="...]
Compiling architecture imp of entity axi_lite_ipif_v3_0_4.pselect_f [\pselect_f(c_ab=4,c_aw=4,c_bar="...]
Compiling architecture imp of entity axi_lite_ipif_v3_0_4.pselect_f [\pselect_f(c_ab=4,c_aw=4,c_bar="...]
Compiling architecture imp of entity axi_lite_ipif_v3_0_4.pselect_f [\pselect_f(c_ab=4,c_aw=4,c_bar="...]
Compiling architecture imp of entity axi_lite_ipif_v3_0_4.pselect_f [\pselect_f(c_ab=4,c_aw=4,c_bar="...]
Compiling architecture imp of entity axi_lite_ipif_v3_0_4.pselect_f [\pselect_f(c_ab=4,c_aw=4,c_bar="...]
Compiling architecture imp of entity axi_lite_ipif_v3_0_4.pselect_f [\pselect_f(c_ab=4,c_aw=4,c_bar="...]
Compiling architecture imp of entity axi_lite_ipif_v3_0_4.pselect_f [\pselect_f(c_ab=4,c_aw=4,c_bar="...]
Compiling architecture imp of entity axi_lite_ipif_v3_0_4.pselect_f [\pselect_f(c_ab=4,c_aw=4,c_bar="...]
Compiling architecture imp of entity axi_lite_ipif_v3_0_4.pselect_f [\pselect_f(c_ab=4,c_aw=4,c_bar="...]
Compiling architecture imp of entity axi_lite_ipif_v3_0_4.pselect_f [\pselect_f(c_ab=4,c_aw=4,c_bar="...]
Compiling architecture imp of entity axi_lite_ipif_v3_0_4.pselect_f [\pselect_f(c_ab=4,c_aw=4,c_bar="...]
Compiling architecture imp of entity axi_lite_ipif_v3_0_4.pselect_f [\pselect_f(c_ab=7,c_aw=9,c_bar="...]
Compiling architecture imp of entity axi_lite_ipif_v3_0_4.pselect_f [\pselect_f(c_ab=1,c_aw=9,c_bar="...]
Compiling architecture imp of entity axi_lite_ipif_v3_0_4.pselect_f [\pselect_f(c_ab=5,c_aw=5,c_bar="...]
Compiling architecture imp of entity axi_lite_ipif_v3_0_4.pselect_f [\pselect_f(c_ab=5,c_aw=5,c_bar="...]
Compiling architecture imp of entity axi_lite_ipif_v3_0_4.pselect_f [\pselect_f(c_ab=5,c_aw=5,c_bar="...]
Compiling architecture imp of entity axi_lite_ipif_v3_0_4.pselect_f [\pselect_f(c_ab=5,c_aw=5,c_bar="...]
Compiling architecture imp of entity axi_lite_ipif_v3_0_4.pselect_f [\pselect_f(c_ab=5,c_aw=5,c_bar="...]
Compiling architecture imp of entity axi_lite_ipif_v3_0_4.pselect_f [\pselect_f(c_ab=5,c_aw=5,c_bar="...]
Compiling architecture imp of entity axi_lite_ipif_v3_0_4.pselect_f [\pselect_f(c_ab=5,c_aw=5,c_bar="...]
Compiling architecture imp of entity axi_lite_ipif_v3_0_4.pselect_f [\pselect_f(c_ab=5,c_aw=5,c_bar="...]
Compiling architecture imp of entity axi_lite_ipif_v3_0_4.pselect_f [\pselect_f(c_ab=5,c_aw=5,c_bar="...]
Compiling architecture imp of entity axi_lite_ipif_v3_0_4.pselect_f [\pselect_f(c_ab=5,c_aw=5,c_bar="...]
Compiling architecture imp of entity axi_lite_ipif_v3_0_4.pselect_f [\pselect_f(c_ab=5,c_aw=5,c_bar="...]
Compiling architecture imp of entity axi_lite_ipif_v3_0_4.pselect_f [\pselect_f(c_ab=5,c_aw=5,c_bar="...]
Compiling architecture imp of entity axi_lite_ipif_v3_0_4.pselect_f [\pselect_f(c_ab=5,c_aw=5,c_bar="...]
Compiling architecture imp of entity axi_lite_ipif_v3_0_4.pselect_f [\pselect_f(c_ab=5,c_aw=5,c_bar="...]
Compiling architecture imp of entity axi_lite_ipif_v3_0_4.pselect_f [\pselect_f(c_ab=5,c_aw=5,c_bar="...]
Compiling architecture imp of entity axi_lite_ipif_v3_0_4.pselect_f [\pselect_f(c_ab=5,c_aw=5,c_bar="...]
Compiling architecture imp of entity axi_lite_ipif_v3_0_4.pselect_f [\pselect_f(c_ab=5,c_aw=5,c_bar="...]
Compiling architecture imp of entity axi_lite_ipif_v3_0_4.pselect_f [\pselect_f(c_ab=5,c_aw=5,c_bar="...]
Compiling architecture imp of entity axi_lite_ipif_v3_0_4.address_decoder [\address_decoder(c_bus_awidth=9,...]
Compiling architecture imp of entity axi_lite_ipif_v3_0_4.slave_attachment [\slave_attachment(c_ard_addr_ran...]
Compiling architecture imp of entity axi_lite_ipif_v3_0_4.axi_lite_ipif [\axi_lite_ipif(c_s_axi_addr_widt...]
Compiling architecture implementation of entity interrupt_control_v3_1_4.interrupt_control [\interrupt_control(c_num_ce=16,c...]
Compiling architecture lut4_v of entity unisim.LUT4 [\LUT4(init="1111111111001010")(0...]
Compiling architecture fdrse_v of entity unisim.FDRSE [fdrse_default]
Compiling architecture implementation of entity axi_iic_v2_1_0.soft_reset [soft_reset_default]
Compiling architecture rtl of entity axi_iic_v2_1_0.axi_ipif_ssp1 [\axi_ipif_ssp1(c_num_iic_regs=18...]
Compiling architecture rtl of entity axi_iic_v2_1_0.reg_interface [\reg_interface(c_scl_inertial_de...]
Compiling architecture implementation of entity lib_cdc_v1_0_2.cdc_sync [\cdc_sync(c_mtbf_stages=4)\]
Compiling architecture rtl of entity axi_iic_v2_1_0.debounce [\debounce(c_inertial_delay=0)\]
Compiling architecture rtl of entity axi_iic_v2_1_0.filter [\filter(scl_inertial_delay=0,sda...]
Compiling architecture rtl of entity axi_iic_v2_1_0.upcnt_n [\upcnt_n(c_size=8)\]
Compiling architecture rtl of entity axi_iic_v2_1_0.shift8 [shift8_default]
Compiling architecture rtl of entity axi_iic_v2_1_0.upcnt_n [\upcnt_n(c_size=4)\]
Compiling architecture rtl of entity axi_iic_v2_1_0.iic_control [\iic_control(c_scl_inertial_dela...]
Compiling architecture muxcy_v of entity unisim.MUXCY [muxcy_default]
Compiling architecture muxcy_l_v of entity unisim.MUXCY_L [muxcy_l_default]
Compiling architecture xorcy_v of entity unisim.XORCY [xorcy_default]
Compiling architecture srl16e_v of entity unisim.SRL16E [\SRL16E(0,15)\]
Compiling architecture imp of entity axi_iic_v2_1_0.SRL_FIFO [\SRL_FIFO(c_depth=4)\]
Compiling architecture rtl of entity axi_iic_v2_1_0.dynamic_master [dynamic_master_default]
Compiling architecture imp of entity axi_iic_v2_1_0.SRL_FIFO [\SRL_FIFO(c_data_bits=2,c_depth=...]
Compiling architecture rtl of entity axi_iic_v2_1_0.iic [\iic(c_num_iic_regs=18,c_s_axi_a...]
Compiling architecture rtl of entity axi_iic_v2_1_0.axi_iic [\axi_iic(c_family="artix7",c_def...]
Compiling architecture axi_iic_0_arch of entity xil_defaultlib.axi_iic_0 [axi_iic_0_default]
Compiling architecture iobuf_v of entity unisim.IOBUF [\IOBUF(1,7)(1,4)\]
Compiling architecture impl of entity xil_defaultlib.axi_iic_0_exdes [axi_iic_0_exdes_default]
Compiling architecture pullup_v of entity unisim.PULLUP [pullup_default]
Compiling architecture tb of entity xil_defaultlib.axi_iic_0_exdes_tb
Built simulation snapshot axi_iic_0_exdes_tb_behav

****** Webtalk v2021.1 (64-bit)
  **** SW Build 3247384 on Thu Jun 10 19:36:33 MDT 2021
  **** IP Build 3246043 on Fri Jun 11 00:30:35 MDT 2021
    ** Copyright 1986-2021 Xilinx, Inc. All Rights Reserved.

source c:/work/research/FSOTT/general_station_07_17/axi_i2c_new_sim/axi_iic_0_ex/axi_iic_0_ex.sim/sim_1/behav/xsim/xsim.dir/axi_iic_0_exdes_tb_behav/webtalk/xsim_webtalk.tcl -notrace
INFO: [Common 17-186] 'c:/work/research/FSOTT/general_station_07_17/axi_i2c_new_sim/axi_iic_0_ex/axi_iic_0_ex.sim/sim_1/behav/xsim/xsim.dir/axi_iic_0_exdes_tb_behav/webtalk/usage_statistics_ext_xsim.xml' has been successfully sent to Xilinx on Thu May 12 08:49:27 2022. For additional details about this file, please refer to the WebTalk help file at C:/Xilinx/Vivado/2021.1/doc/webtalk_introduction.html.
INFO: [Common 17-206] Exiting Webtalk at Thu May 12 08:49:27 2022...
run_program: Time (s): cpu = 00:00:00 ; elapsed = 00:00:14 . Memory (MB): peak = 1175.637 ; gain = 0.000
INFO: [USF-XSim-69] 'elaborate' step finished in '14' seconds
INFO: [USF-XSim-4] XSim::Simulate design
INFO: [USF-XSim-61] Executing 'SIMULATE' step in 'c:/work/research/FSOTT/general_station_07_17/axi_i2c_new_sim/axi_iic_0_ex/axi_iic_0_ex.sim/sim_1/behav/xsim'
INFO: [USF-XSim-98] *** Running xsim
   with args "axi_iic_0_exdes_tb_behav -key {Behavioral:sim_1:Functional:axi_iic_0_exdes_tb} -tclbatch {axi_iic_0_exdes_tb.tcl} -log {simulate.log}"
INFO: [USF-XSim-8] Loading simulator feature
Time resolution is 1 ps
source axi_iic_0_exdes_tb.tcl
# set curr_wave [current_wave_config]
# if { [string length $curr_wave] == 0 } {
#   if { [llength [get_objects]] > 0} {
#     add_wave /
#     set_property needs_save false [current_wave_config]
#   } else {
#      send_msg_id Add_Wave-1 WARNING "No top level signals found. Simulator will start without a wave window. If you want to open a wave window go to 'File->New Waveform Configuration' or type 'create_wave_config' in the TCL console."
#   }
# }
# run 1000ns
Note: axi_iic configured for SDA inertial delay of 0 clocks.
Time: 0 ps  Iteration: 0  Process: /axi_iic_0_exdes_tb/DUT_TB/DUT/U0/X_IIC/FILTER_I/line__5051  File: /wrk/ci/prod/2021.1/sw/continuous/3932/packages/customer/vivado/data/ip/xilinx/axi_iic_v2_1/hdl/axi_iic_v2_1_vh_rfs.vhd
Note: axi_iic configured for SCL inertial delay of 0 clocks.
Time: 0 ps  Iteration: 0  Process: /axi_iic_0_exdes_tb/DUT_TB/DUT/U0/X_IIC/FILTER_I/line__5025  File: /wrk/ci/prod/2021.1/sw/continuous/3932/packages/customer/vivado/data/ip/xilinx/axi_iic_v2_1/hdl/axi_iic_v2_1_vh_rfs.vhd
INFO: [USF-XSim-96] XSim completed. Design snapshot 'axi_iic_0_exdes_tb_behav' loaded.
INFO: [USF-XSim-97] XSim simulation ran for 1000ns
launch_simulation: Time (s): cpu = 00:00:07 ; elapsed = 00:00:20 . Memory (MB): peak = 1205.898 ; gain = 38.219
run all
Note: First ACK received from I2C
Time: 379373500 ps  Iteration: 0  Process: /axi_iic_0_exdes_tb/line__162  File: c:/work/research/FSOTT/general_station_07_17/axi_i2c_new_sim/axi_iic_0_ex/imports/axi_iic_0_exdes_tb.vhd
run all
Note: Second ACK received from I2C
Time: 469733500 ps  Iteration: 0  Process: /axi_iic_0_exdes_tb/line__162  File: c:/work/research/FSOTT/general_station_07_17/axi_i2c_new_sim/axi_iic_0_ex/imports/axi_iic_0_exdes_tb.vhd
## SYSTEM_CYCLE_COUNTER 95362 ns
Failure: Test Completed Successfully
Time: 476812500 ps  Iteration: 2  Process: /axi_iic_0_exdes_tb/line__225  File: c:/work/research/FSOTT/general_station_07_17/axi_i2c_new_sim/axi_iic_0_ex/imports/axi_iic_0_exdes_tb.vhd
$finish called at time : 476812500 ps : File "c:/work/research/FSOTT/general_station_07_17/axi_i2c_new_sim/axi_iic_0_ex/imports/axi_iic_0_exdes_tb.vhd" Line 238
run all
The simulator has terminated in an unexpected manner with exit code 1073807364.  Please review the simulation log (xsim.log) for details.
