#-----------------------------------------------------------
# Vivado v2021.1 (64-bit)
# SW Build 3247384 on Thu Jun 10 19:36:33 MDT 2021
# IP Build 3246043 on Fri Jun 11 00:30:35 MDT 2021
# Start of session at: Sun Sep  4 14:24:08 2022
# Process ID: 1480
# Current directory: C:/work/research/FSOTT_WORK/general_station_07_17/general_station_07_17
# Command line: vivado.exe -gui_launcher_event rodinguilauncherevent15276 C:\work\research\FSOTT_WORK\general_station_07_17\general_station_07_17\general_station_07_17.xpr
# Log file: C:/work/research/FSOTT_WORK/general_station_07_17/general_station_07_17/vivado.log
# Journal file: C:/work/research/FSOTT_WORK/general_station_07_17/general_station_07_17\vivado.jou
#-----------------------------------------------------------
start_gui
open_project C:/work/research/FSOTT_WORK/general_station_07_17/general_station_07_17/general_station_07_17.xpr
WARNING: [filemgmt 56-3] IP Repository Path: Could not find the directory 'C:/work/research/FSOTT_WORK/ARL_tmp/GS_SLAVE/general_station_07_17/general_station_07_17/general_station_07_17.srcs'.
WARNING: [filemgmt 56-3] IP Repository Path: Could not find the directory 'C:/work/research/FSOTT_WORK/ARL_tmp/GS_MASTER/general_station_07_17/general_station_07_17/general_station_07_17.srcs'.
Scanning sources...
Finished scanning sources
INFO: [IP_Flow 19-234] Refreshing IP repositories
WARNING: [IP_Flow 19-2248] Failed to load user IP repository 'c:/work/research/FSOTT_WORK/ARL_tmp/GS_SLAVE/general_station_07_17/general_station_07_17/general_station_07_17.srcs'; Can't find the specified path.
If this directory should no longer be in your list of user repositories, go to the IP Settings dialog and remove it.
WARNING: [IP_Flow 19-2248] Failed to load user IP repository 'c:/work/research/FSOTT_WORK/ARL_tmp/GS_MASTER/general_station_07_17/general_station_07_17/general_station_07_17.srcs'; Can't find the specified path.
If this directory should no longer be in your list of user repositories, go to the IP Settings dialog and remove it.
INFO: [IP_Flow 19-2313] Loaded Vivado IP repository 'C:/Xilinx/Vivado/2021.1/data/ip'.
WARNING: [BD 41-1661] One or more IPs have been locked in the design 'design_1.bd'. Please run report_ip_status for more details and recommendations on how to fix this issue.
List of locked IPs:
design_1_clk_wiz_0_1

WARNING: [IP_Flow 19-3664] IP 'test_design_bd_top_slave_0_0' generated file not found 'c:/work/research/FSOTT_WORK/general_station_07_17/general_station_07_17/general_station_07_17.srcs/sources_1/bd/test_design_bd/ip/test_design_bd_top_slave_0_0/sources_1/bd/design_1/ip/design_1_clk_wiz_0_0/design_1_clk_wiz_0_0.xci'. Please regenerate to continue.
WARNING: [IP_Flow 19-3664] IP 'test_design_bd_top_slave_0_0' generated file not found 'c:/work/research/FSOTT_WORK/general_station_07_17/general_station_07_17/general_station_07_17.srcs/sources_1/bd/test_design_bd/ipshared/d1e1/sources_1/new/parameters_top.vh'. Please regenerate to continue.
WARNING: [IP_Flow 19-3664] IP 'test_design_bd_top_slave_0_0' generated file not found 'c:/work/research/FSOTT_WORK/general_station_07_17/general_station_07_17/general_station_07_17.srcs/sources_1/bd/test_design_bd/ipshared/d1e1/sources_1/new/buff_cal_wrapper.v'. Please regenerate to continue.
WARNING: [IP_Flow 19-3664] IP 'test_design_bd_top_slave_0_0' generated file not found 'c:/work/research/FSOTT_WORK/general_station_07_17/general_station_07_17/general_station_07_17.srcs/sources_1/bd/test_design_bd/ipshared/d1e1/sources_1/new/cntr_tst.v'. Please regenerate to continue.
WARNING: [IP_Flow 19-3664] IP 'test_design_bd_top_slave_0_0' generated file not found 'c:/work/research/FSOTT_WORK/general_station_07_17/general_station_07_17/general_station_07_17.srcs/sources_1/bd/test_design_bd/ipshared/d1e1/sources_1/new/debounce_logic.v'. Please regenerate to continue.
WARNING: [IP_Flow 19-3664] IP 'test_design_bd_top_slave_0_0' generated file not found 'c:/work/research/FSOTT_WORK/general_station_07_17/general_station_07_17/general_station_07_17.srcs/sources_1/bd/test_design_bd/ipshared/d1e1/sources_1/new/design_top_temp.v'. Please regenerate to continue.
WARNING: [IP_Flow 19-3664] IP 'test_design_bd_top_slave_0_0' generated file not found 'c:/work/research/FSOTT_WORK/general_station_07_17/general_station_07_17/general_station_07_17.srcs/sources_1/bd/test_design_bd/ipshared/d1e1/sources_1/new/manchester_rx_m.v'. Please regenerate to continue.
WARNING: [IP_Flow 19-3664] IP 'test_design_bd_top_slave_0_0' generated file not found 'c:/work/research/FSOTT_WORK/general_station_07_17/general_station_07_17/general_station_07_17.srcs/sources_1/bd/test_design_bd/ipshared/d1e1/sources_1/new/manchester_rx_top.v'. Please regenerate to continue.
WARNING: [IP_Flow 19-3664] IP 'test_design_bd_top_slave_0_0' generated file not found 'c:/work/research/FSOTT_WORK/general_station_07_17/general_station_07_17/general_station_07_17.srcs/sources_1/bd/test_design_bd/ipshared/d1e1/sources_1/new/manchester_tx_m.v'. Please regenerate to continue.
WARNING: [IP_Flow 19-3664] IP 'test_design_bd_top_slave_0_0' generated file not found 'c:/work/research/FSOTT_WORK/general_station_07_17/general_station_07_17/general_station_07_17.srcs/sources_1/bd/test_design_bd/ipshared/d1e1/sources_1/new/manchester_tx_top.v'. Please regenerate to continue.
WARNING: [IP_Flow 19-3664] IP 'test_design_bd_top_slave_0_0' generated file not found 'c:/work/research/FSOTT_WORK/general_station_07_17/general_station_07_17/general_station_07_17.srcs/sources_1/bd/test_design_bd/ipshared/d1e1/sources_1/new/mmcm_drp_rcf_0628.v'. Please regenerate to continue.
WARNING: [IP_Flow 19-3664] IP 'test_design_bd_top_slave_0_0' generated file not found 'c:/work/research/FSOTT_WORK/general_station_07_17/general_station_07_17/general_station_07_17.srcs/sources_1/bd/test_design_bd/ipshared/d1e1/sources_1/imports/MMCME2_DRP/mmcme2_drp_func.h'. Please regenerate to continue.
WARNING: [IP_Flow 19-3664] IP 'test_design_bd_top_slave_0_0' generated file not found 'c:/work/research/FSOTT_WORK/general_station_07_17/general_station_07_17/general_station_07_17.srcs/sources_1/bd/test_design_bd/ipshared/d1e1/sources_1/new/reg_b.v'. Please regenerate to continue.
WARNING: [IP_Flow 19-3664] IP 'test_design_bd_top_slave_0_0' generated file not found 'c:/work/research/FSOTT_WORK/general_station_07_17/general_station_07_17/general_station_07_17.srcs/sources_1/bd/test_design_bd/ipshared/d1e1/sources_1/new/sp_ram_sim.v'. Please regenerate to continue.
WARNING: [IP_Flow 19-3664] IP 'test_design_bd_top_slave_0_0' generated file not found 'c:/work/research/FSOTT_WORK/general_station_07_17/general_station_07_17/general_station_07_17.srcs/sources_1/bd/test_design_bd/ipshared/d1e1/sources_1/new/top_mmcme2.v'. Please regenerate to continue.
WARNING: [IP_Flow 19-3664] IP 'test_design_bd_top_slave_0_0' generated file not found 'c:/work/research/FSOTT_WORK/general_station_07_17/general_station_07_17/general_station_07_17.srcs/sources_1/bd/test_design_bd/ipshared/d1e1/sources_1/new/uart_tx_wrapper.v'. Please regenerate to continue.
WARNING: [IP_Flow 19-3664] IP 'test_design_bd_top_slave_0_0' generated file not found 'c:/work/research/FSOTT_WORK/general_station_07_17/general_station_07_17/general_station_07_17.srcs/sources_1/bd/test_design_bd/ipshared/d1e1/sources_1/new/uart_txm_ex.v'. Please regenerate to continue.
WARNING: [IP_Flow 19-3664] IP 'test_design_bd_top_slave_0_0' generated file not found 'c:/work/research/FSOTT_WORK/general_station_07_17/general_station_07_17/general_station_07_17.srcs/sources_1/bd/test_design_bd/ipshared/d1e1/sources_1/new/top.v'. Please regenerate to continue.
ERROR: [IP_Flow 19-993] Could not find IP file for IP 'design_1_clk_wiz_0_0'.
CRITICAL WARNING: [IP_Flow 19-3933] Unable to construct an IP Instance design_1_clk_wiz_0_0 using VLNV :::.
CRITICAL WARNING: [IP_Flow 19-3577] Failed to recreate IP instance 'test_design_bd_top_slave_0_0'. Error during subcore creation.
WARNING: [BD 41-1661] One or more IPs have been locked in the design 'test_design_bd.bd'. Please run report_ip_status for more details and recommendations on how to fix this issue.
List of locked IPs:
test_design_bd_clk_wiz_0_0
test_design_bd_clk_wiz_0_1
test_design_bd_top_0_0

WARNING: [BD 41-1661] One or more IPs have been locked in the design 'test_clk_m.bd'. Please run report_ip_status for more details and recommendations on how to fix this issue.
List of locked IPs:
test_clk_m_sim_clk_gen_0_0

WARNING: [BD 41-1661] One or more IPs have been locked in the design 'test_clk_s.bd'. Please run report_ip_status for more details and recommendations on how to fix this issue.
List of locked IPs:
test_clk_s_sim_clk_gen_0_0

open_project: Time (s): cpu = 00:00:16 ; elapsed = 00:00:07 . Memory (MB): peak = 1134.441 ; gain = 0.000
ERROR: [Common 17-39] 'open_project' failed due to earlier errors.
update_compile_order -fileset sources_1
exit
INFO: [Common 17-206] Exiting Vivado at Sun Sep  4 23:57:47 2022...
