#-----------------------------------------------------------
# Vivado v2021.1 (64-bit)
# SW Build 3247384 on Thu Jun 10 19:36:33 MDT 2021
# IP Build 3246043 on Fri Jun 11 00:30:35 MDT 2021
# Start of session at: Fri May 20 07:58:00 2022
# Process ID: 20692
# Current directory: C:/work/research/FSOTT_tmp/general_station_07_17/axi_i2c_new_sim/axi_i2c_new_sim
# Command line: vivado.exe -gui_launcher_event rodinguilauncherevent18792 C:\work\research\FSOTT_tmp\general_station_07_17\axi_i2c_new_sim\axi_i2c_new_sim\project_1.xpr
# Log file: C:/work/research/FSOTT_tmp/general_station_07_17/axi_i2c_new_sim/axi_i2c_new_sim/vivado.log
# Journal file: C:/work/research/FSOTT_tmp/general_station_07_17/axi_i2c_new_sim/axi_i2c_new_sim\vivado.jou
#-----------------------------------------------------------
start_gui
open_project C:/work/research/FSOTT_tmp/general_station_07_17/axi_i2c_new_sim/axi_i2c_new_sim/project_1.xpr
INFO: [Project 1-313] Project file moved from 'C:/work/research/FSOTT/general_station_07_17/axi_i2c_new_sim/axi_i2c_new_sim' since last save.
CRITICAL WARNING: [Project 1-311] Could not find the file 'C:/work/research/FSOTT_tmp/general_station_07_17/Q1_FY19/uart_clock_value/fpga-common/axi_iic_0_1/axi_iic_0.xci', nor could it be found using path 'C:/work/research/FSOTT/general_station_07_17/Q1_FY19/uart_clock_value/fpga-common/axi_iic_0_1/axi_iic_0.xci'.
Scanning sources...
Finished scanning sources
INFO: [IP_Flow 19-234] Refreshing IP repositories
INFO: [IP_Flow 19-1704] No user IP repositories specified
INFO: [IP_Flow 19-2313] Loaded Vivado IP repository 'C:/Xilinx/Vivado/2021.1/data/ip'.
ERROR: [IP_Flow 19-993] Could not find IP file for IP 'axi_iic_0'.
CRITICAL WARNING: [IP_Flow 19-3933] Unable to construct an IP Instance axi_iic_0 using VLNV :::.
open_project: Time (s): cpu = 00:00:16 ; elapsed = 00:00:07 . Memory (MB): peak = 1136.633 ; gain = 0.000
ERROR: [Common 17-39] 'open_project' failed due to earlier errors.
update_compile_order -fileset sources_1
exit
INFO: [Common 17-206] Exiting Vivado at Fri May 20 08:09:58 2022...
